<?xml version="1.0" encoding="UTF-8"?>
<coverage generated="1740583336661" clover="3.2.0">
  <project timestamp="1740583336661" name="All files">
    <metrics statements="1743" coveredstatements="1458" conditionals="239" coveredconditionals="227" methods="196" coveredmethods="188" elements="2178" coveredelements="1873" complexity="0" loc="1743" ncloc="1743" packages="19" files="62" classes="62"/>
    <package name="gb-emulator">
      <metrics statements="11" coveredstatements="11" conditionals="2" coveredconditionals="2" methods="0" coveredmethods="0"/>
      <file name="test.setup.js" path="/home/runner/work/gb-emulator/gb-emulator/test.setup.js">
        <metrics statements="11" coveredstatements="11" conditionals="2" coveredconditionals="2" methods="0" coveredmethods="0"/>
        <line num="1" count="2" type="stmt"/>
        <line num="3" count="2" type="cond" truecount="1" falsecount="0"/>
        <line num="4" count="435" type="stmt"/>
        <line num="5" count="435" type="stmt"/>
        <line num="6" count="435" type="stmt"/>
        <line num="7" count="435" type="stmt"/>
        <line num="8" count="435" type="stmt"/>
        <line num="9" count="435" type="stmt"/>
        <line num="11" count="2" type="cond" truecount="1" falsecount="0"/>
        <line num="12" count="50" type="stmt"/>
        <line num="13" count="50" type="stmt"/>
      </file>
    </package>
    <package name="gb-emulator.app.dist.assets">
      <metrics statements="17" coveredstatements="0" conditionals="1" coveredconditionals="0" methods="1" coveredmethods="0"/>
      <file name="index-BKSiC3uC.js" path="/home/runner/work/gb-emulator/gb-emulator/app/dist/assets/index-BKSiC3uC.js">
        <metrics statements="17" coveredstatements="0" conditionals="1" coveredconditionals="0" methods="1" coveredmethods="0"/>
        <line num="1" count="0" type="cond" truecount="0" falsecount="1"/>
        <line num="2" count="0" type="stmt"/>
        <line num="3" count="0" type="stmt"/>
        <line num="4" count="0" type="stmt"/>
        <line num="5" count="0" type="stmt"/>
        <line num="6" count="0" type="stmt"/>
        <line num="7" count="0" type="stmt"/>
        <line num="8" count="0" type="stmt"/>
        <line num="9" count="0" type="stmt"/>
        <line num="10" count="0" type="stmt"/>
        <line num="11" count="0" type="stmt"/>
        <line num="12" count="0" type="stmt"/>
        <line num="13" count="0" type="stmt"/>
        <line num="14" count="0" type="stmt"/>
        <line num="15" count="0" type="stmt"/>
        <line num="16" count="0" type="stmt"/>
        <line num="17" count="0" type="stmt"/>
      </file>
    </package>
    <package name="gb-emulator.app.src">
      <metrics statements="9" coveredstatements="0" conditionals="2" coveredconditionals="0" methods="2" coveredmethods="0"/>
      <file name="App.vue" path="/home/runner/work/gb-emulator/gb-emulator/app/src/App.vue">
        <metrics statements="5" coveredstatements="0" conditionals="1" coveredconditionals="0" methods="1" coveredmethods="0"/>
        <line num="1" count="0" type="cond" truecount="0" falsecount="1"/>
        <line num="2" count="0" type="stmt"/>
        <line num="3" count="0" type="stmt"/>
        <line num="4" count="0" type="stmt"/>
        <line num="5" count="0" type="stmt"/>
      </file>
      <file name="main.ts" path="/home/runner/work/gb-emulator/gb-emulator/app/src/main.ts">
        <metrics statements="4" coveredstatements="0" conditionals="1" coveredconditionals="0" methods="1" coveredmethods="0"/>
        <line num="1" count="0" type="cond" truecount="0" falsecount="1"/>
        <line num="2" count="0" type="stmt"/>
        <line num="3" count="0" type="stmt"/>
        <line num="5" count="0" type="stmt"/>
      </file>
    </package>
    <package name="gb-emulator.packages.binary-operations.src">
      <metrics statements="86" coveredstatements="86" conditionals="47" coveredconditionals="46" methods="42" coveredmethods="42"/>
      <file name="binary-operations.ts" path="/home/runner/work/gb-emulator/gb-emulator/packages/binary-operations/src/binary-operations.ts">
        <metrics statements="85" coveredstatements="85" conditionals="47" coveredconditionals="46" methods="42" coveredmethods="42"/>
        <line num="1" count="2" type="cond" truecount="3" falsecount="1"/>
        <line num="2" count="114" type="stmt"/>
        <line num="3" count="114" type="stmt"/>
        <line num="4" count="114" type="stmt"/>
        <line num="5" count="114" type="stmt"/>
        <line num="6" count="114" type="stmt"/>
        <line num="7" count="2" type="stmt"/>
        <line num="8" count="114" type="cond" truecount="2" falsecount="0"/>
        <line num="9" count="86" type="cond" truecount="1" falsecount="0"/>
        <line num="10" count="1" type="stmt"/>
        <line num="12" count="28" type="stmt"/>
        <line num="13" count="1" type="stmt"/>
        <line num="15" count="50" type="cond" truecount="1" falsecount="0"/>
        <line num="17" count="207" type="stmt"/>
        <line num="18" count="50" type="cond" truecount="1" falsecount="0"/>
        <line num="20" count="135" type="stmt"/>
        <line num="21" count="50" type="cond" truecount="1" falsecount="0"/>
        <line num="23" count="2727" type="stmt"/>
        <line num="25" count="50" type="stmt"/>
        <line num="26" count="50" type="stmt"/>
        <line num="27" count="50" type="stmt"/>
        <line num="28" count="50" type="stmt"/>
        <line num="29" count="50" type="stmt"/>
        <line num="30" count="50" type="stmt"/>
        <line num="31" count="50" type="stmt"/>
        <line num="32" count="50" type="stmt"/>
        <line num="34" count="50" type="stmt"/>
        <line num="35" count="50" type="cond" truecount="2" falsecount="0"/>
        <line num="36" count="449" type="cond" truecount="2" falsecount="0"/>
        <line num="38" count="368" type="stmt"/>
        <line num="39" count="50" type="stmt"/>
        <line num="40" count="50" type="cond" truecount="2" falsecount="0"/>
        <line num="41" count="317" type="cond" truecount="2" falsecount="0"/>
        <line num="43" count="335" type="stmt"/>
        <line num="45" count="50" type="stmt"/>
        <line num="46" count="50" type="stmt"/>
        <line num="48" count="50" type="stmt"/>
        <line num="50" count="50" type="stmt"/>
        <line num="51" count="50" type="stmt"/>
        <line num="53" count="50" type="stmt"/>
        <line num="55" count="50" type="cond" truecount="1" falsecount="0"/>
        <line num="56" count="1" type="stmt"/>
        <line num="57" count="50" type="cond" truecount="1" falsecount="0"/>
        <line num="58" count="1" type="stmt"/>
        <line num="59" count="50" type="cond" truecount="1" falsecount="0"/>
        <line num="60" count="1" type="stmt"/>
        <line num="62" count="50" type="cond" truecount="2" falsecount="0"/>
        <line num="63" count="78" type="stmt"/>
        <line num="64" count="50" type="cond" truecount="2" falsecount="0"/>
        <line num="65" count="78" type="stmt"/>
        <line num="66" count="50" type="cond" truecount="1" falsecount="0"/>
        <line num="67" count="1" type="stmt"/>
        <line num="69" count="50" type="cond" truecount="1" falsecount="0"/>
        <line num="70" count="1" type="stmt"/>
        <line num="71" count="50" type="cond" truecount="1" falsecount="0"/>
        <line num="72" count="1" type="stmt"/>
        <line num="74" count="50" type="cond" truecount="2" falsecount="0"/>
        <line num="75" count="191" type="stmt"/>
        <line num="76" count="8" type="stmt"/>
        <line num="77" count="50" type="cond" truecount="2" falsecount="0"/>
        <line num="78" count="50" type="cond" truecount="2" falsecount="0"/>
        <line num="79" count="50" type="cond" truecount="2" falsecount="0"/>
        <line num="80" count="50" type="cond" truecount="2" falsecount="0"/>
        <line num="82" count="50" type="cond" truecount="1" falsecount="0"/>
        <line num="83" count="214" type="stmt"/>
        <line num="84" count="214" type="stmt"/>
        <line num="85" count="214" type="stmt"/>
        <line num="86" count="214" type="stmt"/>
        <line num="90" count="214" type="stmt"/>
        <line num="91" count="214" type="stmt"/>
        <line num="92" count="214" type="cond" truecount="1" falsecount="0"/>
        <line num="93" count="82" type="cond" truecount="1" falsecount="0"/>
        <line num="94" count="132" type="stmt"/>
        <line num="95" count="214" type="stmt"/>
        <line num="97" count="50" type="cond" truecount="1" falsecount="0"/>
        <line num="98" count="63" type="stmt"/>
        <line num="99" count="50" type="cond" truecount="1" falsecount="0"/>
        <line num="100" count="29" type="stmt"/>
        <line num="101" count="50" type="cond" truecount="1" falsecount="0"/>
        <line num="102" count="37" type="stmt"/>
        <line num="103" count="50" type="cond" truecount="1" falsecount="0"/>
        <line num="104" count="77" type="stmt"/>
        <line num="106" count="50" type="cond" truecount="2" falsecount="0"/>
        <line num="107" count="26" type="stmt"/>
        <line num="108" count="2" type="stmt"/>
      </file>
      <file name="index.ts" path="/home/runner/work/gb-emulator/gb-emulator/packages/binary-operations/src/index.ts">
        <metrics statements="1" coveredstatements="1" conditionals="0" coveredconditionals="0" methods="0" coveredmethods="0"/>
        <line num="1" count="1" type="stmt"/>
      </file>
    </package>
    <package name="gb-emulator.packages.gb-emulator.dist">
      <metrics statements="249" coveredstatements="0" conditionals="2" coveredconditionals="0" methods="2" coveredmethods="0"/>
      <file name="gb-emulator.es.js" path="/home/runner/work/gb-emulator/gb-emulator/packages/gb-emulator/dist/gb-emulator.es.js">
        <metrics statements="248" coveredstatements="0" conditionals="1" coveredconditionals="0" methods="1" coveredmethods="0"/>
        <line num="1" count="0" type="cond" truecount="0" falsecount="1"/>
        <line num="2" count="0" type="stmt"/>
        <line num="3" count="0" type="stmt"/>
        <line num="4" count="0" type="stmt"/>
        <line num="5" count="0" type="stmt"/>
        <line num="6" count="0" type="stmt"/>
        <line num="7" count="0" type="stmt"/>
        <line num="8" count="0" type="stmt"/>
        <line num="9" count="0" type="stmt"/>
        <line num="10" count="0" type="stmt"/>
        <line num="11" count="0" type="stmt"/>
        <line num="12" count="0" type="stmt"/>
        <line num="13" count="0" type="stmt"/>
        <line num="14" count="0" type="stmt"/>
        <line num="15" count="0" type="stmt"/>
        <line num="16" count="0" type="stmt"/>
        <line num="17" count="0" type="stmt"/>
        <line num="18" count="0" type="stmt"/>
        <line num="19" count="0" type="stmt"/>
        <line num="20" count="0" type="stmt"/>
        <line num="21" count="0" type="stmt"/>
        <line num="22" count="0" type="stmt"/>
        <line num="23" count="0" type="stmt"/>
        <line num="24" count="0" type="stmt"/>
        <line num="25" count="0" type="stmt"/>
        <line num="26" count="0" type="stmt"/>
        <line num="27" count="0" type="stmt"/>
        <line num="28" count="0" type="stmt"/>
        <line num="29" count="0" type="stmt"/>
        <line num="30" count="0" type="stmt"/>
        <line num="31" count="0" type="stmt"/>
        <line num="32" count="0" type="stmt"/>
        <line num="33" count="0" type="stmt"/>
        <line num="34" count="0" type="stmt"/>
        <line num="35" count="0" type="stmt"/>
        <line num="36" count="0" type="stmt"/>
        <line num="37" count="0" type="stmt"/>
        <line num="38" count="0" type="stmt"/>
        <line num="39" count="0" type="stmt"/>
        <line num="40" count="0" type="stmt"/>
        <line num="41" count="0" type="stmt"/>
        <line num="42" count="0" type="stmt"/>
        <line num="43" count="0" type="stmt"/>
        <line num="44" count="0" type="stmt"/>
        <line num="45" count="0" type="stmt"/>
        <line num="46" count="0" type="stmt"/>
        <line num="47" count="0" type="stmt"/>
        <line num="48" count="0" type="stmt"/>
        <line num="49" count="0" type="stmt"/>
        <line num="50" count="0" type="stmt"/>
        <line num="51" count="0" type="stmt"/>
        <line num="52" count="0" type="stmt"/>
        <line num="53" count="0" type="stmt"/>
        <line num="54" count="0" type="stmt"/>
        <line num="55" count="0" type="stmt"/>
        <line num="56" count="0" type="stmt"/>
        <line num="57" count="0" type="stmt"/>
        <line num="58" count="0" type="stmt"/>
        <line num="59" count="0" type="stmt"/>
        <line num="60" count="0" type="stmt"/>
        <line num="61" count="0" type="stmt"/>
        <line num="62" count="0" type="stmt"/>
        <line num="63" count="0" type="stmt"/>
        <line num="64" count="0" type="stmt"/>
        <line num="65" count="0" type="stmt"/>
        <line num="66" count="0" type="stmt"/>
        <line num="67" count="0" type="stmt"/>
        <line num="68" count="0" type="stmt"/>
        <line num="69" count="0" type="stmt"/>
        <line num="70" count="0" type="stmt"/>
        <line num="71" count="0" type="stmt"/>
        <line num="72" count="0" type="stmt"/>
        <line num="73" count="0" type="stmt"/>
        <line num="74" count="0" type="stmt"/>
        <line num="75" count="0" type="stmt"/>
        <line num="76" count="0" type="stmt"/>
        <line num="77" count="0" type="stmt"/>
        <line num="78" count="0" type="stmt"/>
        <line num="79" count="0" type="stmt"/>
        <line num="80" count="0" type="stmt"/>
        <line num="81" count="0" type="stmt"/>
        <line num="82" count="0" type="stmt"/>
        <line num="83" count="0" type="stmt"/>
        <line num="84" count="0" type="stmt"/>
        <line num="85" count="0" type="stmt"/>
        <line num="86" count="0" type="stmt"/>
        <line num="87" count="0" type="stmt"/>
        <line num="88" count="0" type="stmt"/>
        <line num="89" count="0" type="stmt"/>
        <line num="90" count="0" type="stmt"/>
        <line num="91" count="0" type="stmt"/>
        <line num="92" count="0" type="stmt"/>
        <line num="93" count="0" type="stmt"/>
        <line num="94" count="0" type="stmt"/>
        <line num="95" count="0" type="stmt"/>
        <line num="96" count="0" type="stmt"/>
        <line num="97" count="0" type="stmt"/>
        <line num="98" count="0" type="stmt"/>
        <line num="99" count="0" type="stmt"/>
        <line num="100" count="0" type="stmt"/>
        <line num="101" count="0" type="stmt"/>
        <line num="102" count="0" type="stmt"/>
        <line num="103" count="0" type="stmt"/>
        <line num="104" count="0" type="stmt"/>
        <line num="105" count="0" type="stmt"/>
        <line num="106" count="0" type="stmt"/>
        <line num="107" count="0" type="stmt"/>
        <line num="108" count="0" type="stmt"/>
        <line num="109" count="0" type="stmt"/>
        <line num="110" count="0" type="stmt"/>
        <line num="111" count="0" type="stmt"/>
        <line num="112" count="0" type="stmt"/>
        <line num="113" count="0" type="stmt"/>
        <line num="114" count="0" type="stmt"/>
        <line num="115" count="0" type="stmt"/>
        <line num="116" count="0" type="stmt"/>
        <line num="117" count="0" type="stmt"/>
        <line num="118" count="0" type="stmt"/>
        <line num="119" count="0" type="stmt"/>
        <line num="120" count="0" type="stmt"/>
        <line num="121" count="0" type="stmt"/>
        <line num="122" count="0" type="stmt"/>
        <line num="123" count="0" type="stmt"/>
        <line num="124" count="0" type="stmt"/>
        <line num="125" count="0" type="stmt"/>
        <line num="126" count="0" type="stmt"/>
        <line num="127" count="0" type="stmt"/>
        <line num="128" count="0" type="stmt"/>
        <line num="129" count="0" type="stmt"/>
        <line num="130" count="0" type="stmt"/>
        <line num="131" count="0" type="stmt"/>
        <line num="132" count="0" type="stmt"/>
        <line num="133" count="0" type="stmt"/>
        <line num="134" count="0" type="stmt"/>
        <line num="135" count="0" type="stmt"/>
        <line num="136" count="0" type="stmt"/>
        <line num="137" count="0" type="stmt"/>
        <line num="138" count="0" type="stmt"/>
        <line num="139" count="0" type="stmt"/>
        <line num="140" count="0" type="stmt"/>
        <line num="141" count="0" type="stmt"/>
        <line num="142" count="0" type="stmt"/>
        <line num="143" count="0" type="stmt"/>
        <line num="144" count="0" type="stmt"/>
        <line num="145" count="0" type="stmt"/>
        <line num="146" count="0" type="stmt"/>
        <line num="147" count="0" type="stmt"/>
        <line num="148" count="0" type="stmt"/>
        <line num="149" count="0" type="stmt"/>
        <line num="150" count="0" type="stmt"/>
        <line num="151" count="0" type="stmt"/>
        <line num="152" count="0" type="stmt"/>
        <line num="153" count="0" type="stmt"/>
        <line num="154" count="0" type="stmt"/>
        <line num="155" count="0" type="stmt"/>
        <line num="156" count="0" type="stmt"/>
        <line num="157" count="0" type="stmt"/>
        <line num="158" count="0" type="stmt"/>
        <line num="159" count="0" type="stmt"/>
        <line num="160" count="0" type="stmt"/>
        <line num="161" count="0" type="stmt"/>
        <line num="162" count="0" type="stmt"/>
        <line num="163" count="0" type="stmt"/>
        <line num="164" count="0" type="stmt"/>
        <line num="165" count="0" type="stmt"/>
        <line num="166" count="0" type="stmt"/>
        <line num="167" count="0" type="stmt"/>
        <line num="168" count="0" type="stmt"/>
        <line num="169" count="0" type="stmt"/>
        <line num="170" count="0" type="stmt"/>
        <line num="171" count="0" type="stmt"/>
        <line num="172" count="0" type="stmt"/>
        <line num="173" count="0" type="stmt"/>
        <line num="174" count="0" type="stmt"/>
        <line num="175" count="0" type="stmt"/>
        <line num="176" count="0" type="stmt"/>
        <line num="177" count="0" type="stmt"/>
        <line num="178" count="0" type="stmt"/>
        <line num="179" count="0" type="stmt"/>
        <line num="180" count="0" type="stmt"/>
        <line num="181" count="0" type="stmt"/>
        <line num="182" count="0" type="stmt"/>
        <line num="183" count="0" type="stmt"/>
        <line num="184" count="0" type="stmt"/>
        <line num="185" count="0" type="stmt"/>
        <line num="186" count="0" type="stmt"/>
        <line num="187" count="0" type="stmt"/>
        <line num="188" count="0" type="stmt"/>
        <line num="189" count="0" type="stmt"/>
        <line num="190" count="0" type="stmt"/>
        <line num="191" count="0" type="stmt"/>
        <line num="192" count="0" type="stmt"/>
        <line num="193" count="0" type="stmt"/>
        <line num="194" count="0" type="stmt"/>
        <line num="195" count="0" type="stmt"/>
        <line num="196" count="0" type="stmt"/>
        <line num="197" count="0" type="stmt"/>
        <line num="198" count="0" type="stmt"/>
        <line num="199" count="0" type="stmt"/>
        <line num="200" count="0" type="stmt"/>
        <line num="201" count="0" type="stmt"/>
        <line num="202" count="0" type="stmt"/>
        <line num="203" count="0" type="stmt"/>
        <line num="204" count="0" type="stmt"/>
        <line num="205" count="0" type="stmt"/>
        <line num="206" count="0" type="stmt"/>
        <line num="207" count="0" type="stmt"/>
        <line num="208" count="0" type="stmt"/>
        <line num="209" count="0" type="stmt"/>
        <line num="210" count="0" type="stmt"/>
        <line num="211" count="0" type="stmt"/>
        <line num="212" count="0" type="stmt"/>
        <line num="213" count="0" type="stmt"/>
        <line num="214" count="0" type="stmt"/>
        <line num="215" count="0" type="stmt"/>
        <line num="216" count="0" type="stmt"/>
        <line num="217" count="0" type="stmt"/>
        <line num="218" count="0" type="stmt"/>
        <line num="219" count="0" type="stmt"/>
        <line num="220" count="0" type="stmt"/>
        <line num="221" count="0" type="stmt"/>
        <line num="222" count="0" type="stmt"/>
        <line num="223" count="0" type="stmt"/>
        <line num="224" count="0" type="stmt"/>
        <line num="225" count="0" type="stmt"/>
        <line num="226" count="0" type="stmt"/>
        <line num="227" count="0" type="stmt"/>
        <line num="228" count="0" type="stmt"/>
        <line num="229" count="0" type="stmt"/>
        <line num="230" count="0" type="stmt"/>
        <line num="231" count="0" type="stmt"/>
        <line num="232" count="0" type="stmt"/>
        <line num="233" count="0" type="stmt"/>
        <line num="234" count="0" type="stmt"/>
        <line num="235" count="0" type="stmt"/>
        <line num="236" count="0" type="stmt"/>
        <line num="237" count="0" type="stmt"/>
        <line num="238" count="0" type="stmt"/>
        <line num="239" count="0" type="stmt"/>
        <line num="240" count="0" type="stmt"/>
        <line num="241" count="0" type="stmt"/>
        <line num="242" count="0" type="stmt"/>
        <line num="243" count="0" type="stmt"/>
        <line num="244" count="0" type="stmt"/>
        <line num="245" count="0" type="stmt"/>
        <line num="246" count="0" type="stmt"/>
        <line num="247" count="0" type="stmt"/>
        <line num="248" count="0" type="stmt"/>
      </file>
      <file name="gb-emulator.umd.js" path="/home/runner/work/gb-emulator/gb-emulator/packages/gb-emulator/dist/gb-emulator.umd.js">
        <metrics statements="1" coveredstatements="0" conditionals="1" coveredconditionals="0" methods="1" coveredmethods="0"/>
        <line num="1" count="0" type="cond" truecount="0" falsecount="1"/>
      </file>
    </package>
    <package name="gb-emulator.packages.gb-emulator.src">
      <metrics statements="231" coveredstatements="229" conditionals="52" coveredconditionals="51" methods="49" coveredmethods="48"/>
      <file name="cpu.ts" path="/home/runner/work/gb-emulator/gb-emulator/packages/gb-emulator/src/cpu.ts">
        <metrics statements="30" coveredstatements="30" conditionals="9" coveredconditionals="9" methods="7" coveredmethods="7"/>
        <line num="3" count="1" type="stmt"/>
        <line num="4" count="1" type="stmt"/>
        <line num="140" count="1" type="cond" truecount="1" falsecount="0"/>
        <line num="141" count="365" type="stmt"/>
        <line num="142" count="365" type="stmt"/>
        <line num="144" count="365" type="stmt"/>
        <line num="146" count="365" type="cond" truecount="1" falsecount="0"/>
        <line num="147" count="365" type="stmt"/>
        <line num="148" count="365" type="stmt"/>
        <line num="150" count="365" type="stmt"/>
        <line num="151" count="365" type="stmt"/>
        <line num="153" count="365" type="cond" truecount="1" falsecount="0"/>
        <line num="154" count="45" type="cond" truecount="1" falsecount="0"/>
        <line num="155" count="27" type="cond" truecount="1" falsecount="0"/>
        <line num="156" count="18" type="stmt"/>
        <line num="157" count="45" type="stmt"/>
        <line num="159" count="365" type="cond" truecount="1" falsecount="0"/>
        <line num="160" count="63" type="stmt"/>
        <line num="161" count="63" type="stmt"/>
        <line num="162" count="63" type="stmt"/>
        <line num="167" count="365" type="cond" truecount="1" falsecount="0"/>
        <line num="168" count="27" type="stmt"/>
        <line num="169" count="27" type="stmt"/>
        <line num="171" count="365" type="cond" truecount="1" falsecount="0"/>
        <line num="172" count="17" type="stmt"/>
        <line num="173" count="17" type="stmt"/>
        <line num="175" count="365" type="cond" truecount="1" falsecount="0"/>
        <line num="176" count="227" type="stmt"/>
        <line num="177" count="227" type="stmt"/>
        <line num="178" count="365" type="stmt"/>
      </file>
      <file name="index.ts" path="/home/runner/work/gb-emulator/gb-emulator/packages/gb-emulator/src/index.ts">
        <metrics statements="2" coveredstatements="0" conditionals="1" coveredconditionals="0" methods="1" coveredmethods="0"/>
        <line num="1" count="0" type="cond" truecount="0" falsecount="1"/>
        <line num="2" count="0" type="stmt"/>
      </file>
      <file name="memory.ts" path="/home/runner/work/gb-emulator/gb-emulator/packages/gb-emulator/src/memory.ts">
        <metrics statements="6" coveredstatements="6" conditionals="2" coveredconditionals="2" methods="2" coveredmethods="2"/>
        <line num="1" count="1" type="cond" truecount="1" falsecount="0"/>
        <line num="2" count="392" type="stmt"/>
        <line num="4" count="392" type="cond" truecount="1" falsecount="0"/>
        <line num="5" count="351" type="stmt"/>
        <line num="6" count="351" type="stmt"/>
        <line num="7" count="392" type="stmt"/>
      </file>
      <file name="registers.ts" path="/home/runner/work/gb-emulator/gb-emulator/packages/gb-emulator/src/registers.ts">
        <metrics statements="193" coveredstatements="193" conditionals="40" coveredconditionals="40" methods="39" coveredmethods="39"/>
        <line num="1" count="1" type="stmt"/>
        <line num="23" count="1" type="cond" truecount="1" falsecount="0"/>
        <line num="24" count="6647" type="stmt"/>
        <line num="25" count="6647" type="stmt"/>
        <line num="27" count="6647" type="cond" truecount="1" falsecount="0"/>
        <line num="28" count="6647" type="stmt"/>
        <line num="29" count="6647" type="cond" truecount="1" falsecount="0"/>
        <line num="30" count="6647" type="stmt"/>
        <line num="32" count="6647" type="cond" truecount="1" falsecount="0"/>
        <line num="33" count="391" type="stmt"/>
        <line num="34" count="391" type="stmt"/>
        <line num="36" count="6647" type="cond" truecount="1" falsecount="0"/>
        <line num="37" count="1231" type="stmt"/>
        <line num="38" count="1231" type="stmt"/>
        <line num="40" count="6647" type="cond" truecount="1" falsecount="0"/>
        <line num="41" count="895" type="stmt"/>
        <line num="42" count="895" type="stmt"/>
        <line num="43" count="6647" type="stmt"/>
        <line num="45" count="1" type="stmt"/>
        <line num="46" count="1" type="cond" truecount="1" falsecount="0"/>
        <line num="47" count="3128" type="stmt"/>
        <line num="48" count="3128" type="stmt"/>
        <line num="49" count="1" type="stmt"/>
        <line num="51" count="1" type="stmt"/>
        <line num="52" count="1" type="cond" truecount="1" falsecount="0"/>
        <line num="53" count="3128" type="stmt"/>
        <line num="54" count="3128" type="stmt"/>
        <line num="56" count="1" type="cond" truecount="1" falsecount="0"/>
        <line num="58" count="4" type="stmt"/>
        <line num="59" count="1" type="stmt"/>
        <line num="61" count="1" type="cond" truecount="1" falsecount="0"/>
        <line num="62" count="391" type="stmt"/>
        <line num="64" count="391" type="cond" truecount="1" falsecount="0"/>
        <line num="65" count="391" type="stmt"/>
        <line num="66" count="391" type="stmt"/>
        <line num="67" count="391" type="stmt"/>
        <line num="69" count="391" type="cond" truecount="1" falsecount="0"/>
        <line num="70" count="4" type="stmt"/>
        <line num="71" count="4" type="stmt"/>
        <line num="73" count="391" type="cond" truecount="1" falsecount="0"/>
        <line num="74" count="2" type="stmt"/>
        <line num="75" count="2" type="stmt"/>
        <line num="77" count="391" type="cond" truecount="1" falsecount="0"/>
        <line num="78" count="2" type="stmt"/>
        <line num="79" count="2" type="stmt"/>
        <line num="80" count="391" type="stmt"/>
        <line num="82" count="1" type="cond" truecount="1" falsecount="0"/>
        <line num="83" count="391" type="stmt"/>
        <line num="85" count="391" type="cond" truecount="1" falsecount="0"/>
        <line num="86" count="391" type="stmt"/>
        <line num="87" count="391" type="stmt"/>
        <line num="88" count="391" type="stmt"/>
        <line num="90" count="391" type="cond" truecount="1" falsecount="0"/>
        <line num="91" count="4" type="stmt"/>
        <line num="92" count="4" type="stmt"/>
        <line num="94" count="391" type="cond" truecount="1" falsecount="0"/>
        <line num="95" count="2" type="stmt"/>
        <line num="96" count="2" type="stmt"/>
        <line num="98" count="391" type="cond" truecount="1" falsecount="0"/>
        <line num="99" count="2" type="stmt"/>
        <line num="100" count="2" type="stmt"/>
        <line num="101" count="391" type="stmt"/>
        <line num="103" count="1" type="stmt"/>
        <line num="107" count="1" type="cond" truecount="1" falsecount="0"/>
        <line num="108" count="40" type="stmt"/>
        <line num="109" count="40" type="stmt"/>
        <line num="114" count="1" type="cond" truecount="1" falsecount="0"/>
        <line num="115" count="32" type="stmt"/>
        <line num="116" count="32" type="stmt"/>
        <line num="121" count="1" type="cond" truecount="1" falsecount="0"/>
        <line num="122" count="32" type="stmt"/>
        <line num="123" count="32" type="stmt"/>
        <line num="128" count="1" type="cond" truecount="1" falsecount="0"/>
        <line num="129" count="51" type="stmt"/>
        <line num="130" count="51" type="stmt"/>
        <line num="136" count="1" type="cond" truecount="1" falsecount="0"/>
        <line num="137" count="62" type="stmt"/>
        <line num="138" count="62" type="stmt"/>
        <line num="144" count="1" type="cond" truecount="1" falsecount="0"/>
        <line num="145" count="36" type="stmt"/>
        <line num="146" count="36" type="stmt"/>
        <line num="152" count="1" type="cond" truecount="1" falsecount="0"/>
        <line num="153" count="28" type="stmt"/>
        <line num="154" count="28" type="stmt"/>
        <line num="160" count="1" type="cond" truecount="1" falsecount="0"/>
        <line num="161" count="76" type="stmt"/>
        <line num="162" count="76" type="stmt"/>
        <line num="163" count="1" type="stmt"/>
        <line num="165" count="1" type="cond" truecount="1" falsecount="0"/>
        <line num="166" count="1564" type="stmt"/>
        <line num="167" count="1564" type="stmt"/>
        <line num="169" count="1564" type="cond" truecount="1" falsecount="0"/>
        <line num="170" count="1564" type="stmt"/>
        <line num="171" count="1564" type="stmt"/>
        <line num="172" count="1564" type="stmt"/>
        <line num="173" count="1564" type="stmt"/>
        <line num="175" count="1564" type="cond" truecount="1" falsecount="0"/>
        <line num="176" count="85" type="stmt"/>
        <line num="177" count="85" type="stmt"/>
        <line num="178" count="85" type="stmt"/>
        <line num="179" count="85" type="stmt"/>
        <line num="180" count="85" type="stmt"/>
        <line num="181" count="85" type="stmt"/>
        <line num="182" count="85" type="stmt"/>
        <line num="184" count="1564" type="cond" truecount="1" falsecount="0"/>
        <line num="185" count="58" type="stmt"/>
        <line num="186" count="58" type="stmt"/>
        <line num="187" count="58" type="stmt"/>
        <line num="188" count="1564" type="stmt"/>
        <line num="190" count="1" type="cond" truecount="1" falsecount="0"/>
        <line num="191" count="391" type="stmt"/>
        <line num="192" count="391" type="stmt"/>
        <line num="194" count="391" type="cond" truecount="1" falsecount="0"/>
        <line num="195" count="391" type="stmt"/>
        <line num="196" count="391" type="stmt"/>
        <line num="197" count="391" type="stmt"/>
        <line num="198" count="391" type="stmt"/>
        <line num="200" count="391" type="cond" truecount="1" falsecount="0"/>
        <line num="201" count="7" type="stmt"/>
        <line num="202" count="7" type="stmt"/>
        <line num="204" count="391" type="cond" truecount="1" falsecount="0"/>
        <line num="205" count="7" type="stmt"/>
        <line num="206" count="7" type="stmt"/>
        <line num="207" count="391" type="stmt"/>
        <line num="221" count="1" type="cond" truecount="1" falsecount="0"/>
        <line num="222" count="391" type="stmt"/>
        <line num="224" count="391" type="stmt"/>
        <line num="225" count="391" type="stmt"/>
        <line num="226" count="391" type="stmt"/>
        <line num="227" count="391" type="stmt"/>
        <line num="228" count="391" type="stmt"/>
        <line num="229" count="391" type="stmt"/>
        <line num="230" count="391" type="stmt"/>
        <line num="231" count="391" type="stmt"/>
        <line num="233" count="391" type="stmt"/>
        <line num="234" count="391" type="stmt"/>
        <line num="235" count="391" type="stmt"/>
        <line num="236" count="391" type="stmt"/>
        <line num="238" count="391" type="stmt"/>
        <line num="239" count="391" type="stmt"/>
        <line num="241" count="391" type="stmt"/>
        <line num="242" count="391" type="stmt"/>
        <line num="244" count="391" type="stmt"/>
        <line num="246" count="391" type="stmt"/>
        <line num="248" count="391" type="stmt"/>
        <line num="249" count="391" type="stmt"/>
        <line num="250" count="391" type="stmt"/>
        <line num="251" count="391" type="stmt"/>
        <line num="252" count="391" type="stmt"/>
        <line num="253" count="391" type="stmt"/>
        <line num="255" count="391" type="stmt"/>
        <line num="256" count="391" type="stmt"/>
        <line num="257" count="391" type="stmt"/>
        <line num="258" count="391" type="stmt"/>
        <line num="259" count="391" type="stmt"/>
        <line num="260" count="391" type="stmt"/>
        <line num="262" count="391" type="stmt"/>
        <line num="263" count="391" type="stmt"/>
        <line num="264" count="391" type="stmt"/>
        <line num="265" count="391" type="stmt"/>
        <line num="266" count="391" type="stmt"/>
        <line num="267" count="391" type="stmt"/>
        <line num="269" count="391" type="cond" truecount="1" falsecount="0"/>
        <line num="270" count="391" type="stmt"/>
        <line num="271" count="391" type="stmt"/>
        <line num="272" count="391" type="stmt"/>
        <line num="273" count="391" type="stmt"/>
        <line num="274" count="391" type="stmt"/>
        <line num="275" count="391" type="stmt"/>
        <line num="276" count="391" type="stmt"/>
        <line num="277" count="391" type="stmt"/>
        <line num="278" count="391" type="stmt"/>
        <line num="279" count="391" type="stmt"/>
        <line num="280" count="391" type="stmt"/>
        <line num="281" count="391" type="stmt"/>
        <line num="282" count="391" type="stmt"/>
        <line num="284" count="391" type="cond" truecount="1" falsecount="0"/>
        <line num="285" count="14" type="stmt"/>
        <line num="286" count="14" type="stmt"/>
        <line num="288" count="391" type="cond" truecount="1" falsecount="0"/>
        <line num="289" count="18" type="stmt"/>
        <line num="290" count="18" type="stmt"/>
        <line num="291" count="18" type="stmt"/>
        <line num="292" count="18" type="stmt"/>
        <line num="293" count="18" type="stmt"/>
        <line num="295" count="391" type="cond" truecount="1" falsecount="0"/>
        <line num="296" count="4" type="stmt"/>
        <line num="297" count="4" type="stmt"/>
        <line num="298" count="4" type="stmt"/>
        <line num="299" count="4" type="stmt"/>
        <line num="300" count="4" type="stmt"/>
        <line num="301" count="4" type="stmt"/>
        <line num="302" count="391" type="stmt"/>
      </file>
    </package>
    <package name="gb-emulator.packages.gb-emulator.src.instructions">
      <metrics statements="501" coveredstatements="499" conditionals="34" coveredconditionals="32" methods="18" coveredmethods="18"/>
      <file name="instruction-loader.ts" path="/home/runner/work/gb-emulator/gb-emulator/packages/gb-emulator/src/instructions/instruction-loader.ts">
        <metrics statements="401" coveredstatements="401" conditionals="2" coveredconditionals="2" methods="2" coveredmethods="2"/>
        <line num="2" count="1" type="stmt"/>
        <line num="4" count="1" type="stmt"/>
        <line num="5" count="1" type="stmt"/>
        <line num="6" count="1" type="stmt"/>
        <line num="7" count="1" type="stmt"/>
        <line num="8" count="1" type="stmt"/>
        <line num="9" count="1" type="stmt"/>
        <line num="10" count="1" type="stmt"/>
        <line num="11" count="1" type="stmt"/>
        <line num="12" count="1" type="stmt"/>
        <line num="13" count="1" type="stmt"/>
        <line num="14" count="1" type="stmt"/>
        <line num="15" count="1" type="stmt"/>
        <line num="16" count="1" type="stmt"/>
        <line num="17" count="1" type="stmt"/>
        <line num="18" count="1" type="stmt"/>
        <line num="19" count="1" type="stmt"/>
        <line num="20" count="1" type="stmt"/>
        <line num="21" count="1" type="stmt"/>
        <line num="22" count="1" type="stmt"/>
        <line num="23" count="1" type="stmt"/>
        <line num="24" count="1" type="stmt"/>
        <line num="25" count="1" type="stmt"/>
        <line num="26" count="1" type="stmt"/>
        <line num="27" count="1" type="stmt"/>
        <line num="28" count="1" type="stmt"/>
        <line num="29" count="1" type="stmt"/>
        <line num="30" count="1" type="stmt"/>
        <line num="31" count="1" type="stmt"/>
        <line num="32" count="1" type="stmt"/>
        <line num="33" count="1" type="stmt"/>
        <line num="34" count="1" type="stmt"/>
        <line num="35" count="1" type="stmt"/>
        <line num="36" count="1" type="stmt"/>
        <line num="37" count="1" type="stmt"/>
        <line num="38" count="1" type="stmt"/>
        <line num="39" count="1" type="stmt"/>
        <line num="40" count="1" type="stmt"/>
        <line num="41" count="1" type="stmt"/>
        <line num="42" count="1" type="stmt"/>
        <line num="43" count="1" type="stmt"/>
        <line num="44" count="1" type="stmt"/>
        <line num="45" count="1" type="stmt"/>
        <line num="46" count="1" type="stmt"/>
        <line num="47" count="1" type="stmt"/>
        <line num="48" count="1" type="stmt"/>
        <line num="49" count="1" type="stmt"/>
        <line num="52" count="1" type="stmt"/>
        <line num="53" count="1" type="cond" truecount="2" falsecount="0"/>
        <line num="54" count="365" type="stmt"/>
        <line num="55" count="365" type="stmt"/>
        <line num="56" count="365" type="stmt"/>
        <line num="57" count="365" type="stmt"/>
        <line num="58" count="365" type="stmt"/>
        <line num="59" count="365" type="stmt"/>
        <line num="60" count="365" type="stmt"/>
        <line num="61" count="365" type="stmt"/>
        <line num="62" count="365" type="stmt"/>
        <line num="63" count="365" type="stmt"/>
        <line num="64" count="365" type="stmt"/>
        <line num="65" count="365" type="stmt"/>
        <line num="66" count="365" type="stmt"/>
        <line num="67" count="365" type="stmt"/>
        <line num="68" count="365" type="stmt"/>
        <line num="69" count="365" type="stmt"/>
        <line num="70" count="365" type="stmt"/>
        <line num="71" count="365" type="stmt"/>
        <line num="72" count="365" type="stmt"/>
        <line num="73" count="365" type="stmt"/>
        <line num="74" count="365" type="stmt"/>
        <line num="75" count="365" type="stmt"/>
        <line num="76" count="365" type="stmt"/>
        <line num="77" count="365" type="stmt"/>
        <line num="78" count="365" type="stmt"/>
        <line num="79" count="365" type="stmt"/>
        <line num="80" count="365" type="stmt"/>
        <line num="81" count="365" type="stmt"/>
        <line num="82" count="365" type="stmt"/>
        <line num="83" count="365" type="stmt"/>
        <line num="84" count="365" type="stmt"/>
        <line num="85" count="365" type="stmt"/>
        <line num="86" count="365" type="stmt"/>
        <line num="87" count="365" type="stmt"/>
        <line num="88" count="365" type="stmt"/>
        <line num="89" count="365" type="stmt"/>
        <line num="90" count="365" type="stmt"/>
        <line num="91" count="365" type="stmt"/>
        <line num="92" count="365" type="stmt"/>
        <line num="93" count="365" type="stmt"/>
        <line num="94" count="365" type="stmt"/>
        <line num="95" count="365" type="stmt"/>
        <line num="96" count="365" type="stmt"/>
        <line num="97" count="365" type="stmt"/>
        <line num="98" count="365" type="stmt"/>
        <line num="99" count="365" type="stmt"/>
        <line num="100" count="365" type="stmt"/>
        <line num="101" count="365" type="stmt"/>
        <line num="102" count="365" type="stmt"/>
        <line num="103" count="365" type="stmt"/>
        <line num="104" count="365" type="stmt"/>
        <line num="105" count="365" type="stmt"/>
        <line num="106" count="365" type="stmt"/>
        <line num="107" count="365" type="stmt"/>
        <line num="108" count="365" type="stmt"/>
        <line num="109" count="365" type="stmt"/>
        <line num="110" count="365" type="stmt"/>
        <line num="111" count="365" type="stmt"/>
        <line num="112" count="365" type="stmt"/>
        <line num="113" count="365" type="stmt"/>
        <line num="114" count="365" type="stmt"/>
        <line num="115" count="365" type="stmt"/>
        <line num="116" count="365" type="stmt"/>
        <line num="117" count="365" type="stmt"/>
        <line num="118" count="365" type="stmt"/>
        <line num="119" count="365" type="stmt"/>
        <line num="120" count="365" type="stmt"/>
        <line num="121" count="365" type="stmt"/>
        <line num="122" count="365" type="stmt"/>
        <line num="123" count="365" type="stmt"/>
        <line num="124" count="365" type="stmt"/>
        <line num="125" count="365" type="stmt"/>
        <line num="126" count="365" type="stmt"/>
        <line num="127" count="365" type="stmt"/>
        <line num="128" count="365" type="stmt"/>
        <line num="129" count="365" type="stmt"/>
        <line num="130" count="365" type="stmt"/>
        <line num="131" count="365" type="stmt"/>
        <line num="132" count="365" type="stmt"/>
        <line num="133" count="365" type="stmt"/>
        <line num="134" count="365" type="stmt"/>
        <line num="135" count="365" type="stmt"/>
        <line num="136" count="365" type="stmt"/>
        <line num="137" count="365" type="stmt"/>
        <line num="138" count="365" type="stmt"/>
        <line num="139" count="365" type="stmt"/>
        <line num="140" count="365" type="stmt"/>
        <line num="141" count="365" type="stmt"/>
        <line num="142" count="365" type="stmt"/>
        <line num="143" count="365" type="stmt"/>
        <line num="144" count="365" type="stmt"/>
        <line num="145" count="365" type="stmt"/>
        <line num="146" count="365" type="stmt"/>
        <line num="147" count="365" type="stmt"/>
        <line num="148" count="365" type="stmt"/>
        <line num="149" count="365" type="stmt"/>
        <line num="150" count="365" type="stmt"/>
        <line num="151" count="365" type="stmt"/>
        <line num="152" count="365" type="stmt"/>
        <line num="153" count="365" type="stmt"/>
        <line num="154" count="365" type="stmt"/>
        <line num="155" count="365" type="stmt"/>
        <line num="156" count="365" type="stmt"/>
        <line num="157" count="365" type="stmt"/>
        <line num="158" count="365" type="stmt"/>
        <line num="159" count="365" type="stmt"/>
        <line num="160" count="365" type="stmt"/>
        <line num="161" count="365" type="stmt"/>
        <line num="162" count="365" type="stmt"/>
        <line num="163" count="365" type="stmt"/>
        <line num="164" count="365" type="stmt"/>
        <line num="166" count="365" type="stmt"/>
        <line num="167" count="365" type="stmt"/>
        <line num="168" count="365" type="stmt"/>
        <line num="169" count="365" type="stmt"/>
        <line num="170" count="365" type="stmt"/>
        <line num="172" count="365" type="stmt"/>
        <line num="173" count="365" type="stmt"/>
        <line num="174" count="365" type="stmt"/>
        <line num="175" count="365" type="stmt"/>
        <line num="177" count="365" type="stmt"/>
        <line num="178" count="365" type="stmt"/>
        <line num="179" count="365" type="stmt"/>
        <line num="180" count="365" type="stmt"/>
        <line num="182" count="365" type="stmt"/>
        <line num="184" count="365" type="stmt"/>
        <line num="185" count="365" type="stmt"/>
        <line num="186" count="365" type="stmt"/>
        <line num="187" count="365" type="stmt"/>
        <line num="189" count="365" type="stmt"/>
        <line num="190" count="365" type="stmt"/>
        <line num="191" count="365" type="stmt"/>
        <line num="192" count="365" type="stmt"/>
        <line num="194" count="365" type="stmt"/>
        <line num="195" count="365" type="stmt"/>
        <line num="196" count="365" type="stmt"/>
        <line num="197" count="365" type="stmt"/>
        <line num="199" count="365" type="stmt"/>
        <line num="200" count="365" type="stmt"/>
        <line num="201" count="365" type="stmt"/>
        <line num="202" count="365" type="stmt"/>
        <line num="203" count="365" type="stmt"/>
        <line num="204" count="365" type="stmt"/>
        <line num="205" count="365" type="stmt"/>
        <line num="206" count="365" type="stmt"/>
        <line num="208" count="365" type="stmt"/>
        <line num="209" count="365" type="stmt"/>
        <line num="210" count="365" type="stmt"/>
        <line num="211" count="365" type="stmt"/>
        <line num="212" count="365" type="stmt"/>
        <line num="213" count="365" type="stmt"/>
        <line num="214" count="365" type="stmt"/>
        <line num="215" count="365" type="stmt"/>
        <line num="217" count="365" type="stmt"/>
        <line num="218" count="365" type="stmt"/>
        <line num="219" count="365" type="stmt"/>
        <line num="220" count="365" type="stmt"/>
        <line num="221" count="365" type="stmt"/>
        <line num="222" count="365" type="stmt"/>
        <line num="223" count="365" type="stmt"/>
        <line num="224" count="365" type="stmt"/>
        <line num="226" count="365" type="stmt"/>
        <line num="227" count="365" type="stmt"/>
        <line num="228" count="365" type="stmt"/>
        <line num="229" count="365" type="stmt"/>
        <line num="230" count="365" type="stmt"/>
        <line num="231" count="365" type="stmt"/>
        <line num="232" count="365" type="stmt"/>
        <line num="233" count="365" type="stmt"/>
        <line num="235" count="365" type="stmt"/>
        <line num="236" count="365" type="stmt"/>
        <line num="237" count="365" type="stmt"/>
        <line num="238" count="365" type="stmt"/>
        <line num="239" count="365" type="stmt"/>
        <line num="241" count="365" type="stmt"/>
        <line num="242" count="365" type="stmt"/>
        <line num="244" count="365" type="stmt"/>
        <line num="245" count="365" type="stmt"/>
        <line num="246" count="365" type="stmt"/>
        <line num="247" count="365" type="stmt"/>
        <line num="248" count="365" type="stmt"/>
        <line num="249" count="365" type="stmt"/>
        <line num="250" count="365" type="stmt"/>
        <line num="251" count="365" type="stmt"/>
        <line num="252" count="365" type="stmt"/>
        <line num="253" count="365" type="stmt"/>
        <line num="254" count="365" type="stmt"/>
        <line num="255" count="365" type="stmt"/>
        <line num="256" count="365" type="stmt"/>
        <line num="257" count="365" type="stmt"/>
        <line num="258" count="365" type="stmt"/>
        <line num="259" count="365" type="stmt"/>
        <line num="260" count="365" type="stmt"/>
        <line num="261" count="365" type="stmt"/>
        <line num="262" count="365" type="stmt"/>
        <line num="263" count="365" type="stmt"/>
        <line num="264" count="365" type="stmt"/>
        <line num="265" count="365" type="stmt"/>
        <line num="266" count="365" type="stmt"/>
        <line num="267" count="365" type="stmt"/>
        <line num="268" count="365" type="stmt"/>
        <line num="269" count="365" type="stmt"/>
        <line num="270" count="365" type="stmt"/>
        <line num="271" count="365" type="stmt"/>
        <line num="272" count="365" type="stmt"/>
        <line num="273" count="365" type="stmt"/>
        <line num="274" count="365" type="stmt"/>
        <line num="275" count="365" type="stmt"/>
        <line num="276" count="365" type="stmt"/>
        <line num="277" count="365" type="stmt"/>
        <line num="278" count="365" type="stmt"/>
        <line num="279" count="365" type="stmt"/>
        <line num="280" count="365" type="stmt"/>
        <line num="281" count="365" type="stmt"/>
        <line num="282" count="365" type="stmt"/>
        <line num="283" count="365" type="stmt"/>
        <line num="284" count="365" type="stmt"/>
        <line num="285" count="365" type="stmt"/>
        <line num="286" count="365" type="stmt"/>
        <line num="287" count="365" type="stmt"/>
        <line num="288" count="365" type="stmt"/>
        <line num="289" count="365" type="stmt"/>
        <line num="290" count="365" type="stmt"/>
        <line num="291" count="365" type="stmt"/>
        <line num="292" count="365" type="stmt"/>
        <line num="293" count="365" type="stmt"/>
        <line num="294" count="365" type="stmt"/>
        <line num="295" count="365" type="stmt"/>
        <line num="296" count="365" type="stmt"/>
        <line num="297" count="365" type="stmt"/>
        <line num="298" count="365" type="stmt"/>
        <line num="299" count="365" type="stmt"/>
        <line num="300" count="365" type="stmt"/>
        <line num="301" count="365" type="stmt"/>
        <line num="302" count="365" type="stmt"/>
        <line num="303" count="365" type="stmt"/>
        <line num="304" count="365" type="stmt"/>
        <line num="305" count="365" type="stmt"/>
        <line num="306" count="365" type="stmt"/>
        <line num="308" count="365" type="stmt"/>
        <line num="309" count="365" type="stmt"/>
        <line num="310" count="365" type="stmt"/>
        <line num="311" count="365" type="stmt"/>
        <line num="312" count="365" type="stmt"/>
        <line num="313" count="365" type="stmt"/>
        <line num="314" count="365" type="stmt"/>
        <line num="315" count="365" type="stmt"/>
        <line num="317" count="365" type="stmt"/>
        <line num="319" count="365" type="stmt"/>
        <line num="320" count="365" type="stmt"/>
        <line num="321" count="365" type="stmt"/>
        <line num="322" count="365" type="stmt"/>
        <line num="323" count="365" type="stmt"/>
        <line num="324" count="365" type="stmt"/>
        <line num="325" count="365" type="stmt"/>
        <line num="326" count="365" type="stmt"/>
        <line num="328" count="365" type="stmt"/>
        <line num="330" count="365" type="stmt"/>
        <line num="331" count="365" type="stmt"/>
        <line num="332" count="365" type="stmt"/>
        <line num="333" count="365" type="stmt"/>
        <line num="334" count="365" type="stmt"/>
        <line num="335" count="365" type="stmt"/>
        <line num="336" count="365" type="stmt"/>
        <line num="337" count="365" type="stmt"/>
        <line num="339" count="365" type="stmt"/>
        <line num="341" count="365" type="stmt"/>
        <line num="342" count="365" type="stmt"/>
        <line num="343" count="365" type="stmt"/>
        <line num="344" count="365" type="stmt"/>
        <line num="345" count="365" type="stmt"/>
        <line num="346" count="365" type="stmt"/>
        <line num="347" count="365" type="stmt"/>
        <line num="348" count="365" type="stmt"/>
        <line num="350" count="365" type="stmt"/>
        <line num="352" count="365" type="stmt"/>
        <line num="353" count="365" type="stmt"/>
        <line num="354" count="365" type="stmt"/>
        <line num="355" count="365" type="stmt"/>
        <line num="356" count="365" type="stmt"/>
        <line num="357" count="365" type="stmt"/>
        <line num="358" count="365" type="stmt"/>
        <line num="359" count="365" type="stmt"/>
        <line num="361" count="365" type="stmt"/>
        <line num="363" count="365" type="stmt"/>
        <line num="364" count="365" type="stmt"/>
        <line num="365" count="365" type="stmt"/>
        <line num="366" count="365" type="stmt"/>
        <line num="367" count="365" type="stmt"/>
        <line num="368" count="365" type="stmt"/>
        <line num="369" count="365" type="stmt"/>
        <line num="370" count="365" type="stmt"/>
        <line num="372" count="365" type="stmt"/>
        <line num="374" count="365" type="stmt"/>
        <line num="375" count="365" type="stmt"/>
        <line num="376" count="365" type="stmt"/>
        <line num="377" count="365" type="stmt"/>
        <line num="378" count="365" type="stmt"/>
        <line num="379" count="365" type="stmt"/>
        <line num="380" count="365" type="stmt"/>
        <line num="381" count="365" type="stmt"/>
        <line num="383" count="365" type="stmt"/>
        <line num="385" count="365" type="stmt"/>
        <line num="386" count="365" type="stmt"/>
        <line num="387" count="365" type="stmt"/>
        <line num="388" count="365" type="stmt"/>
        <line num="389" count="365" type="stmt"/>
        <line num="390" count="365" type="stmt"/>
        <line num="391" count="365" type="stmt"/>
        <line num="392" count="365" type="stmt"/>
        <line num="394" count="365" type="stmt"/>
        <line num="396" count="365" type="stmt"/>
        <line num="397" count="365" type="stmt"/>
        <line num="398" count="365" type="stmt"/>
        <line num="399" count="365" type="stmt"/>
        <line num="400" count="365" type="stmt"/>
        <line num="402" count="365" type="stmt"/>
        <line num="403" count="365" type="stmt"/>
        <line num="404" count="365" type="stmt"/>
        <line num="405" count="365" type="stmt"/>
        <line num="406" count="365" type="stmt"/>
        <line num="407" count="365" type="stmt"/>
        <line num="409" count="365" type="stmt"/>
        <line num="410" count="365" type="stmt"/>
        <line num="411" count="365" type="stmt"/>
        <line num="412" count="365" type="stmt"/>
        <line num="413" count="365" type="stmt"/>
        <line num="415" count="365" type="stmt"/>
        <line num="416" count="365" type="stmt"/>
        <line num="417" count="365" type="stmt"/>
        <line num="418" count="365" type="stmt"/>
        <line num="419" count="365" type="stmt"/>
        <line num="420" count="365" type="stmt"/>
        <line num="421" count="365" type="stmt"/>
        <line num="422" count="365" type="stmt"/>
        <line num="424" count="365" type="stmt"/>
        <line num="425" count="365" type="stmt"/>
        <line num="426" count="365" type="stmt"/>
        <line num="427" count="365" type="stmt"/>
        <line num="428" count="365" type="stmt"/>
        <line num="429" count="365" type="stmt"/>
        <line num="430" count="365" type="stmt"/>
        <line num="431" count="365" type="stmt"/>
        <line num="433" count="365" type="stmt"/>
        <line num="434" count="365" type="stmt"/>
        <line num="435" count="365" type="stmt"/>
        <line num="436" count="365" type="stmt"/>
        <line num="437" count="365" type="stmt"/>
        <line num="438" count="365" type="stmt"/>
        <line num="439" count="365" type="stmt"/>
        <line num="440" count="365" type="stmt"/>
        <line num="441" count="1" type="stmt"/>
      </file>
      <file name="instruction.ts" path="/home/runner/work/gb-emulator/gb-emulator/packages/gb-emulator/src/instructions/instruction.ts">
        <metrics statements="80" coveredstatements="78" conditionals="26" coveredconditionals="24" methods="10" coveredmethods="10"/>
        <line num="3" count="1" type="stmt"/>
        <line num="15" count="1" type="stmt"/>
        <line num="16" count="1" type="stmt"/>
        <line num="17" count="1" type="stmt"/>
        <line num="19" count="1" type="cond" truecount="1" falsecount="0"/>
        <line num="20" count="40652" type="stmt"/>
        <line num="21" count="40652" type="stmt"/>
        <line num="22" count="40652" type="stmt"/>
        <line num="24" count="40652" type="cond" truecount="1" falsecount="0"/>
        <line num="25" count="40652" type="stmt"/>
        <line num="26" count="40652" type="stmt"/>
        <line num="27" count="40652" type="stmt"/>
        <line num="28" count="40652" type="stmt"/>
        <line num="32" count="40652" type="cond" truecount="1" falsecount="0"/>
        <line num="33" count="8" type="stmt"/>
        <line num="34" count="8" type="stmt"/>
        <line num="35" count="8" type="stmt"/>
        <line num="36" count="8" type="stmt"/>
        <line num="37" count="8" type="stmt"/>
        <line num="38" count="8" type="cond" truecount="3" falsecount="0"/>
        <line num="40" count="8" type="stmt"/>
        <line num="41" count="8" type="cond" truecount="3" falsecount="0"/>
        <line num="43" count="8" type="stmt"/>
        <line num="44" count="8" type="stmt"/>
        <line num="45" count="8" type="stmt"/>
        <line num="47" count="40652" type="cond" truecount="1" falsecount="0"/>
        <line num="48" count="6" type="stmt"/>
        <line num="49" count="6" type="stmt"/>
        <line num="50" count="6" type="stmt"/>
        <line num="51" count="6" type="stmt"/>
        <line num="52" count="6" type="cond" truecount="2" falsecount="0"/>
        <line num="54" count="6" type="stmt"/>
        <line num="55" count="6" type="cond" truecount="2" falsecount="0"/>
        <line num="57" count="6" type="stmt"/>
        <line num="58" count="6" type="stmt"/>
        <line num="59" count="6" type="stmt"/>
        <line num="61" count="40652" type="cond" truecount="1" falsecount="0"/>
        <line num="62" count="25" type="cond" truecount="0" falsecount="1"/>
        <line num="63" count="25" type="stmt"/>
        <line num="65" count="40652" type="cond" truecount="1" falsecount="0"/>
        <line num="66" count="32" type="stmt"/>
        <line num="67" count="32" type="stmt"/>
        <line num="69" count="40652" type="cond" truecount="1" falsecount="0"/>
        <line num="70" count="25" type="stmt"/>
        <line num="71" count="25" type="stmt"/>
        <line num="72" count="25" type="stmt"/>
        <line num="73" count="25" type="stmt"/>
        <line num="75" count="40652" type="cond" truecount="1" falsecount="0"/>
        <line num="76" count="1" type="stmt"/>
        <line num="77" count="1" type="stmt"/>
        <line num="79" count="40652" type="cond" truecount="1" falsecount="0"/>
        <line num="80" count="32" type="stmt"/>
        <line num="85" count="32" type="stmt"/>
        <line num="86" count="32" type="stmt"/>
        <line num="88" count="32" type="stmt"/>
        <line num="89" count="32" type="cond" truecount="1" falsecount="0"/>
        <line num="90" count="8" type="stmt"/>
        <line num="91" count="8" type="stmt"/>
        <line num="92" count="32" type="cond" truecount="1" falsecount="0"/>
        <line num="93" count="8" type="stmt"/>
        <line num="94" count="8" type="stmt"/>
        <line num="95" count="32" type="cond" truecount="1" falsecount="0"/>
        <line num="96" count="8" type="stmt"/>
        <line num="97" count="8" type="stmt"/>
        <line num="98" count="32" type="cond" truecount="1" falsecount="0"/>
        <line num="99" count="8" type="stmt"/>
        <line num="100" count="8" type="stmt"/>
        <line num="101" count="32" type="cond" truecount="0" falsecount="1"/>
        <line num="102" count="0" type="stmt"/>
        <line num="103" count="0" type="stmt"/>
        <line num="104" count="32" type="stmt"/>
        <line num="105" count="32" type="stmt"/>
        <line num="107" count="40652" type="cond" truecount="1" falsecount="0"/>
        <line num="108" count="32" type="stmt"/>
        <line num="113" count="32" type="stmt"/>
        <line num="114" count="32" type="stmt"/>
        <line num="115" count="32" type="stmt"/>
        <line num="116" count="32" type="stmt"/>
        <line num="117" count="32" type="stmt"/>
        <line num="118" count="40652" type="stmt"/>
      </file>
      <file name="source-strategies.ts" path="/home/runner/work/gb-emulator/gb-emulator/packages/gb-emulator/src/instructions/source-strategies.ts">
        <metrics statements="20" coveredstatements="20" conditionals="6" coveredconditionals="6" methods="6" coveredmethods="6"/>
        <line num="8" count="1" type="cond" truecount="1" falsecount="0"/>
        <line num="9" count="23369" type="stmt"/>
        <line num="10" count="23369" type="stmt"/>
        <line num="12" count="23369" type="cond" truecount="1" falsecount="0"/>
        <line num="13" count="23369" type="stmt"/>
        <line num="14" count="23369" type="stmt"/>
        <line num="15" count="23369" type="stmt"/>
        <line num="17" count="23369" type="cond" truecount="1" falsecount="0"/>
        <line num="18" count="9" type="stmt"/>
        <line num="19" count="9" type="stmt"/>
        <line num="20" count="23369" type="stmt"/>
        <line num="22" count="1" type="cond" truecount="1" falsecount="0"/>
        <line num="23" count="2929" type="stmt"/>
        <line num="25" count="2929" type="cond" truecount="1" falsecount="0"/>
        <line num="26" count="2929" type="stmt"/>
        <line num="27" count="2929" type="stmt"/>
        <line num="29" count="2929" type="cond" truecount="1" falsecount="0"/>
        <line num="30" count="9" type="stmt"/>
        <line num="31" count="9" type="stmt"/>
        <line num="32" count="2929" type="stmt"/>
      </file>
    </package>
    <package name="gb-emulator.packages.gb-emulator.src.instructions.add">
      <metrics statements="67" coveredstatements="67" conditionals="11" coveredconditionals="11" methods="11" coveredmethods="11"/>
      <file name="ADC_A_8_SOURCE.ts" path="/home/runner/work/gb-emulator/gb-emulator/packages/gb-emulator/src/instructions/add/ADC_A_8_SOURCE.ts">
        <metrics statements="28" coveredstatements="28" conditionals="5" coveredconditionals="5" methods="5" coveredmethods="5"/>
        <line num="1" count="1" type="stmt"/>
        <line num="4" count="1" type="stmt"/>
        <line num="22" count="1" type="cond" truecount="1" falsecount="0"/>
        <line num="23" count="3287" type="stmt"/>
        <line num="25" count="3287" type="cond" truecount="1" falsecount="0"/>
        <line num="26" count="3287" type="stmt"/>
        <line num="27" count="3287" type="stmt"/>
        <line num="28" count="3287" type="stmt"/>
        <line num="30" count="3287" type="cond" truecount="1" falsecount="0"/>
        <line num="31" count="2" type="stmt"/>
        <line num="32" count="2" type="stmt"/>
        <line num="33" count="2" type="stmt"/>
        <line num="34" count="2" type="stmt"/>
        <line num="36" count="2" type="stmt"/>
        <line num="37" count="2" type="stmt"/>
        <line num="39" count="2" type="stmt"/>
        <line num="40" count="2" type="stmt"/>
        <line num="41" count="3287" type="stmt"/>
        <line num="43" count="1" type="stmt"/>
        <line num="44" count="1" type="cond" truecount="1" falsecount="0"/>
        <line num="45" count="2921" type="stmt"/>
        <line num="46" count="2921" type="stmt"/>
        <line num="47" count="1" type="stmt"/>
        <line num="49" count="1" type="stmt"/>
        <line num="50" count="1" type="cond" truecount="1" falsecount="0"/>
        <line num="51" count="366" type="stmt"/>
        <line num="52" count="366" type="stmt"/>
        <line num="53" count="1" type="stmt"/>
      </file>
      <file name="ADD_A_8_SOURCE.ts" path="/home/runner/work/gb-emulator/gb-emulator/packages/gb-emulator/src/instructions/add/ADD_A_8_SOURCE.ts">
        <metrics statements="27" coveredstatements="27" conditionals="5" coveredconditionals="5" methods="5" coveredmethods="5"/>
        <line num="1" count="1" type="stmt"/>
        <line num="4" count="1" type="stmt"/>
        <line num="22" count="1" type="cond" truecount="1" falsecount="0"/>
        <line num="23" count="3287" type="stmt"/>
        <line num="25" count="3287" type="cond" truecount="1" falsecount="0"/>
        <line num="26" count="3287" type="stmt"/>
        <line num="27" count="3287" type="stmt"/>
        <line num="28" count="3287" type="stmt"/>
        <line num="30" count="3287" type="cond" truecount="1" falsecount="0"/>
        <line num="31" count="2" type="stmt"/>
        <line num="32" count="2" type="stmt"/>
        <line num="33" count="2" type="stmt"/>
        <line num="35" count="2" type="stmt"/>
        <line num="36" count="2" type="stmt"/>
        <line num="38" count="2" type="stmt"/>
        <line num="39" count="2" type="stmt"/>
        <line num="40" count="3287" type="stmt"/>
        <line num="42" count="1" type="stmt"/>
        <line num="43" count="1" type="cond" truecount="1" falsecount="0"/>
        <line num="44" count="2921" type="stmt"/>
        <line num="45" count="2921" type="stmt"/>
        <line num="46" count="1" type="stmt"/>
        <line num="48" count="1" type="stmt"/>
        <line num="49" count="1" type="cond" truecount="1" falsecount="0"/>
        <line num="50" count="366" type="stmt"/>
        <line num="51" count="366" type="stmt"/>
        <line num="52" count="1" type="stmt"/>
      </file>
      <file name="ADD_HL_R16.ts" path="/home/runner/work/gb-emulator/gb-emulator/packages/gb-emulator/src/instructions/add/ADD_HL_R16.ts">
        <metrics statements="12" coveredstatements="12" conditionals="1" coveredconditionals="1" methods="1" coveredmethods="1"/>
        <line num="1" count="1" type="stmt"/>
        <line num="9" count="1" type="stmt"/>
        <line num="10" count="1" type="cond" truecount="1" falsecount="0"/>
        <line num="11" count="4" type="stmt"/>
        <line num="12" count="4" type="stmt"/>
        <line num="13" count="4" type="stmt"/>
        <line num="14" count="4" type="stmt"/>
        <line num="16" count="4" type="stmt"/>
        <line num="17" count="4" type="stmt"/>
        <line num="19" count="4" type="stmt"/>
        <line num="20" count="4" type="stmt"/>
        <line num="21" count="1" type="stmt"/>
      </file>
    </package>
    <package name="gb-emulator.packages.gb-emulator.src.instructions.bitwise">
      <metrics statements="87" coveredstatements="87" conditionals="15" coveredconditionals="15" methods="15" coveredmethods="15"/>
      <file name="AND_A_8_SOURCE.ts" path="/home/runner/work/gb-emulator/gb-emulator/packages/gb-emulator/src/instructions/bitwise/AND_A_8_SOURCE.ts">
        <metrics statements="29" coveredstatements="29" conditionals="5" coveredconditionals="5" methods="5" coveredmethods="5"/>
        <line num="1" count="1" type="stmt"/>
        <line num="4" count="1" type="stmt"/>
        <line num="9" count="1" type="stmt"/>
        <line num="23" count="1" type="cond" truecount="1" falsecount="0"/>
        <line num="24" count="3287" type="stmt"/>
        <line num="26" count="3287" type="cond" truecount="1" falsecount="0"/>
        <line num="27" count="3287" type="stmt"/>
        <line num="28" count="3287" type="stmt"/>
        <line num="29" count="3287" type="stmt"/>
        <line num="31" count="3287" type="cond" truecount="1" falsecount="0"/>
        <line num="32" count="2" type="stmt"/>
        <line num="34" count="2" type="stmt"/>
        <line num="36" count="2" type="stmt"/>
        <line num="37" count="2" type="stmt"/>
        <line num="38" count="2" type="stmt"/>
        <line num="39" count="2" type="stmt"/>
        <line num="41" count="2" type="stmt"/>
        <line num="42" count="2" type="stmt"/>
        <line num="43" count="3287" type="stmt"/>
        <line num="45" count="1" type="stmt"/>
        <line num="46" count="1" type="cond" truecount="1" falsecount="0"/>
        <line num="47" count="2921" type="stmt"/>
        <line num="48" count="2921" type="stmt"/>
        <line num="49" count="1" type="stmt"/>
        <line num="51" count="1" type="stmt"/>
        <line num="52" count="1" type="cond" truecount="1" falsecount="0"/>
        <line num="53" count="366" type="stmt"/>
        <line num="54" count="366" type="stmt"/>
        <line num="55" count="1" type="stmt"/>
      </file>
      <file name="OR_A_8_SOURCE.ts" path="/home/runner/work/gb-emulator/gb-emulator/packages/gb-emulator/src/instructions/bitwise/OR_A_8_SOURCE.ts">
        <metrics statements="29" coveredstatements="29" conditionals="5" coveredconditionals="5" methods="5" coveredmethods="5"/>
        <line num="1" count="1" type="stmt"/>
        <line num="4" count="1" type="stmt"/>
        <line num="9" count="1" type="stmt"/>
        <line num="23" count="1" type="cond" truecount="1" falsecount="0"/>
        <line num="24" count="3287" type="stmt"/>
        <line num="26" count="3287" type="cond" truecount="1" falsecount="0"/>
        <line num="27" count="3287" type="stmt"/>
        <line num="28" count="3287" type="stmt"/>
        <line num="29" count="3287" type="stmt"/>
        <line num="31" count="3287" type="cond" truecount="1" falsecount="0"/>
        <line num="32" count="2" type="stmt"/>
        <line num="34" count="2" type="stmt"/>
        <line num="36" count="2" type="stmt"/>
        <line num="37" count="2" type="stmt"/>
        <line num="38" count="2" type="stmt"/>
        <line num="39" count="2" type="stmt"/>
        <line num="41" count="2" type="stmt"/>
        <line num="42" count="2" type="stmt"/>
        <line num="43" count="3287" type="stmt"/>
        <line num="45" count="1" type="stmt"/>
        <line num="46" count="1" type="cond" truecount="1" falsecount="0"/>
        <line num="47" count="2921" type="stmt"/>
        <line num="48" count="2921" type="stmt"/>
        <line num="49" count="1" type="stmt"/>
        <line num="51" count="1" type="stmt"/>
        <line num="52" count="1" type="cond" truecount="1" falsecount="0"/>
        <line num="53" count="366" type="stmt"/>
        <line num="54" count="366" type="stmt"/>
        <line num="55" count="1" type="stmt"/>
      </file>
      <file name="XOR_A_8_SOURCE.ts" path="/home/runner/work/gb-emulator/gb-emulator/packages/gb-emulator/src/instructions/bitwise/XOR_A_8_SOURCE.ts">
        <metrics statements="29" coveredstatements="29" conditionals="5" coveredconditionals="5" methods="5" coveredmethods="5"/>
        <line num="1" count="1" type="stmt"/>
        <line num="4" count="1" type="stmt"/>
        <line num="9" count="1" type="stmt"/>
        <line num="23" count="1" type="cond" truecount="1" falsecount="0"/>
        <line num="24" count="3287" type="stmt"/>
        <line num="26" count="3287" type="cond" truecount="1" falsecount="0"/>
        <line num="27" count="3287" type="stmt"/>
        <line num="28" count="3287" type="stmt"/>
        <line num="29" count="3287" type="stmt"/>
        <line num="31" count="3287" type="cond" truecount="1" falsecount="0"/>
        <line num="32" count="2" type="stmt"/>
        <line num="34" count="2" type="stmt"/>
        <line num="36" count="2" type="stmt"/>
        <line num="37" count="2" type="stmt"/>
        <line num="38" count="2" type="stmt"/>
        <line num="39" count="2" type="stmt"/>
        <line num="41" count="2" type="stmt"/>
        <line num="42" count="2" type="stmt"/>
        <line num="43" count="3287" type="stmt"/>
        <line num="45" count="1" type="stmt"/>
        <line num="46" count="1" type="cond" truecount="1" falsecount="0"/>
        <line num="47" count="2921" type="stmt"/>
        <line num="48" count="2921" type="stmt"/>
        <line num="49" count="1" type="stmt"/>
        <line num="51" count="1" type="stmt"/>
        <line num="52" count="1" type="cond" truecount="1" falsecount="0"/>
        <line num="53" count="366" type="stmt"/>
        <line num="54" count="366" type="stmt"/>
        <line num="55" count="1" type="stmt"/>
      </file>
    </package>
    <package name="gb-emulator.packages.gb-emulator.src.instructions.call">
      <metrics statements="19" coveredstatements="19" conditionals="3" coveredconditionals="3" methods="2" coveredmethods="2"/>
      <file name="CALL_COND_IMM16.ts" path="/home/runner/work/gb-emulator/gb-emulator/packages/gb-emulator/src/instructions/call/CALL_COND_IMM16.ts">
        <metrics statements="10" coveredstatements="10" conditionals="2" coveredconditionals="2" methods="1" coveredmethods="1"/>
        <line num="1" count="1" type="stmt"/>
        <line num="9" count="1" type="stmt"/>
        <line num="10" count="1" type="cond" truecount="1" falsecount="0"/>
        <line num="11" count="8" type="cond" truecount="1" falsecount="0"/>
        <line num="12" count="4" type="stmt"/>
        <line num="13" count="4" type="stmt"/>
        <line num="14" count="4" type="stmt"/>
        <line num="16" count="4" type="stmt"/>
        <line num="17" count="8" type="stmt"/>
        <line num="18" count="1" type="stmt"/>
      </file>
      <file name="CALL_IMM16.ts" path="/home/runner/work/gb-emulator/gb-emulator/packages/gb-emulator/src/instructions/call/CALL_IMM16.ts">
        <metrics statements="9" coveredstatements="9" conditionals="1" coveredconditionals="1" methods="1" coveredmethods="1"/>
        <line num="1" count="1" type="stmt"/>
        <line num="5" count="1" type="stmt"/>
        <line num="6" count="1" type="cond" truecount="1" falsecount="0"/>
        <line num="7" count="5" type="stmt"/>
        <line num="8" count="5" type="stmt"/>
        <line num="10" count="5" type="stmt"/>
        <line num="12" count="5" type="stmt"/>
        <line num="13" count="5" type="stmt"/>
        <line num="14" count="1" type="stmt"/>
      </file>
    </package>
    <package name="gb-emulator.packages.gb-emulator.src.instructions.dec">
      <metrics statements="16" coveredstatements="16" conditionals="2" coveredconditionals="2" methods="2" coveredmethods="2"/>
      <file name="DEC_R16.ts" path="/home/runner/work/gb-emulator/gb-emulator/packages/gb-emulator/src/instructions/dec/DEC_R16.ts">
        <metrics statements="8" coveredstatements="8" conditionals="1" coveredconditionals="1" methods="1" coveredmethods="1"/>
        <line num="1" count="1" type="stmt"/>
        <line num="9" count="1" type="stmt"/>
        <line num="10" count="1" type="cond" truecount="1" falsecount="0"/>
        <line num="11" count="4" type="stmt"/>
        <line num="13" count="4" type="stmt"/>
        <line num="15" count="4" type="stmt"/>
        <line num="16" count="4" type="stmt"/>
        <line num="17" count="1" type="stmt"/>
      </file>
      <file name="DEC_R8.ts" path="/home/runner/work/gb-emulator/gb-emulator/packages/gb-emulator/src/instructions/dec/DEC_R8.ts">
        <metrics statements="8" coveredstatements="8" conditionals="1" coveredconditionals="1" methods="1" coveredmethods="1"/>
        <line num="1" count="1" type="stmt"/>
        <line num="13" count="1" type="stmt"/>
        <line num="14" count="1" type="cond" truecount="1" falsecount="0"/>
        <line num="15" count="8" type="stmt"/>
        <line num="17" count="8" type="stmt"/>
        <line num="19" count="8" type="stmt"/>
        <line num="20" count="8" type="stmt"/>
        <line num="21" count="1" type="stmt"/>
      </file>
    </package>
    <package name="gb-emulator.packages.gb-emulator.src.instructions.inc">
      <metrics statements="16" coveredstatements="16" conditionals="2" coveredconditionals="2" methods="2" coveredmethods="2"/>
      <file name="INC_R16.ts" path="/home/runner/work/gb-emulator/gb-emulator/packages/gb-emulator/src/instructions/inc/INC_R16.ts">
        <metrics statements="8" coveredstatements="8" conditionals="1" coveredconditionals="1" methods="1" coveredmethods="1"/>
        <line num="1" count="1" type="stmt"/>
        <line num="9" count="1" type="stmt"/>
        <line num="10" count="1" type="cond" truecount="1" falsecount="0"/>
        <line num="11" count="4" type="stmt"/>
        <line num="13" count="4" type="stmt"/>
        <line num="15" count="4" type="stmt"/>
        <line num="16" count="4" type="stmt"/>
        <line num="17" count="1" type="stmt"/>
      </file>
      <file name="INC_R8.ts" path="/home/runner/work/gb-emulator/gb-emulator/packages/gb-emulator/src/instructions/inc/INC_R8.ts">
        <metrics statements="8" coveredstatements="8" conditionals="1" coveredconditionals="1" methods="1" coveredmethods="1"/>
        <line num="1" count="1" type="stmt"/>
        <line num="13" count="1" type="stmt"/>
        <line num="14" count="1" type="cond" truecount="1" falsecount="0"/>
        <line num="15" count="8" type="stmt"/>
        <line num="17" count="8" type="stmt"/>
        <line num="19" count="8" type="stmt"/>
        <line num="20" count="8" type="stmt"/>
        <line num="21" count="1" type="stmt"/>
      </file>
    </package>
    <package name="gb-emulator.packages.gb-emulator.src.instructions.jump">
      <metrics statements="40" coveredstatements="40" conditionals="7" coveredconditionals="7" methods="5" coveredmethods="5"/>
      <file name="JP_COND_IMM16.ts" path="/home/runner/work/gb-emulator/gb-emulator/packages/gb-emulator/src/instructions/jump/JP_COND_IMM16.ts">
        <metrics statements="10" coveredstatements="10" conditionals="2" coveredconditionals="2" methods="1" coveredmethods="1"/>
        <line num="1" count="1" type="stmt"/>
        <line num="9" count="1" type="stmt"/>
        <line num="10" count="1" type="cond" truecount="1" falsecount="0"/>
        <line num="11" count="8" type="cond" truecount="1" falsecount="0"/>
        <line num="12" count="4" type="stmt"/>
        <line num="13" count="4" type="stmt"/>
        <line num="14" count="4" type="stmt"/>
        <line num="15" count="4" type="stmt"/>
        <line num="16" count="8" type="stmt"/>
        <line num="17" count="1" type="stmt"/>
      </file>
      <file name="JP_HL.ts" path="/home/runner/work/gb-emulator/gb-emulator/packages/gb-emulator/src/instructions/jump/JP_HL.ts">
        <metrics statements="6" coveredstatements="6" conditionals="1" coveredconditionals="1" methods="1" coveredmethods="1"/>
        <line num="1" count="1" type="stmt"/>
        <line num="5" count="1" type="stmt"/>
        <line num="6" count="1" type="cond" truecount="1" falsecount="0"/>
        <line num="7" count="1" type="stmt"/>
        <line num="8" count="1" type="stmt"/>
        <line num="9" count="1" type="stmt"/>
      </file>
      <file name="JP_IMM16.ts" path="/home/runner/work/gb-emulator/gb-emulator/packages/gb-emulator/src/instructions/jump/JP_IMM16.ts">
[...]
        <metrics statements="9" coveredstatements="9" conditionals="1" coveredconditionals="1" methods="1" coveredmethods="1"/>
        <line num="1" count="1" type="stmt"/>
        <line num="5" count="1" type="stmt"/>
        <line num="6" count="1" type="cond" truecount="1" falsecount="0"/>
        <line num="8" count="1" type="stmt"/>
        <line num="9" count="1" type="stmt"/>
        <line num="10" count="1" type="stmt"/>
        <line num="12" count="1" type="stmt"/>
        <line num="13" count="1" type="stmt"/>
        <line num="14" count="1" type="stmt"/>
      </file>
      <file name="DAA.ts" path="/home/runner/work/gb-emulator/gb-emulator/packages/gb-emulator/src/instructions/misc/DAA.ts">
        <metrics statements="35" coveredstatements="35" conditionals="8" coveredconditionals="7" methods="3" coveredmethods="3"/>
        <line num="1" count="1" type="stmt"/>
        <line num="2" count="1" type="stmt"/>
        <line num="6" count="1" type="stmt"/>
        <line num="7" count="1" type="cond" truecount="1" falsecount="0"/>
        <line num="8" count="5" type="stmt"/>
        <line num="10" count="5" type="stmt"/>
        <line num="11" count="5" type="stmt"/>
        <line num="12" count="5" type="stmt"/>
        <line num="13" count="5" type="stmt"/>
        <line num="14" count="5" type="stmt"/>
        <line num="16" count="5" type="stmt"/>
        <line num="17" count="5" type="cond" truecount="1" falsecount="0"/>
        <line num="18" count="4" type="stmt"/>
        <line num="19" count="5" type="cond" truecount="1" falsecount="0"/>
        <line num="20" count="2" type="stmt"/>
        <line num="21" count="2" type="stmt"/>
        <line num="23" count="5" type="stmt"/>
        <line num="24" count="5" type="cond" truecount="1" falsecount="0"/>
        <line num="25" count="4" type="stmt"/>
        <line num="26" count="5" type="cond" truecount="1" falsecount="0"/>
        <line num="27" count="2" type="stmt"/>
        <line num="28" count="2" type="stmt"/>
        <line num="29" count="2" type="stmt"/>
        <line num="31" count="5" type="cond" truecount="0" falsecount="1"/>
        <line num="33" count="5" type="stmt"/>
        <line num="34" count="5" type="stmt"/>
        <line num="36" count="5" type="stmt"/>
        <line num="37" count="5" type="stmt"/>
        <line num="39" count="1" type="cond" truecount="1" falsecount="0"/>
        <line num="40" count="5" type="stmt"/>
        <line num="41" count="5" type="stmt"/>
        <line num="43" count="1" type="cond" truecount="1" falsecount="0"/>
        <line num="44" count="5" type="stmt"/>
        <line num="45" count="5" type="stmt"/>
        <line num="46" count="1" type="stmt"/>
      </file>
      <file name="HALT.ts" path="/home/runner/work/gb-emulator/gb-emulator/packages/gb-emulator/src/instructions/misc/HALT.ts">
        <metrics statements="6" coveredstatements="4" conditionals="0" coveredconditionals="0" methods="1" coveredmethods="0"/>
        <line num="1" count="1" type="stmt"/>
        <line num="5" count="1" type="stmt"/>
        <line num="6" count="1" type="stmt"/>
        <line num="7" count="0" type="stmt"/>
        <line num="8" count="0" type="stmt"/>
        <line num="9" count="1" type="stmt"/>
      </file>
      <file name="RST_TGT3.ts" path="/home/runner/work/gb-emulator/gb-emulator/packages/gb-emulator/src/instructions/misc/RST_TGT3.ts">
        <metrics statements="39" coveredstatements="37" conditionals="11" coveredconditionals="10" methods="2" coveredmethods="2"/>
        <line num="1" count="1" type="stmt"/>
        <line num="13" count="1" type="stmt"/>
        <line num="14" count="1" type="cond" truecount="1" falsecount="0"/>
        <line num="15" count="8" type="stmt"/>
        <line num="17" count="8" type="stmt"/>
        <line num="19" count="8" type="stmt"/>
        <line num="20" count="8" type="stmt"/>
        <line num="22" count="1" type="cond" truecount="1" falsecount="0"/>
        <line num="23" count="8" type="stmt"/>
        <line num="24" count="8" type="cond" truecount="1" falsecount="0"/>
        <line num="25" count="1" type="stmt"/>
        <line num="26" count="1" type="stmt"/>
        <line num="27" count="8" type="cond" truecount="1" falsecount="0"/>
        <line num="28" count="1" type="stmt"/>
        <line num="29" count="1" type="stmt"/>
        <line num="30" count="8" type="cond" truecount="1" falsecount="0"/>
        <line num="31" count="1" type="stmt"/>
        <line num="32" count="1" type="stmt"/>
        <line num="33" count="8" type="cond" truecount="1" falsecount="0"/>
        <line num="34" count="1" type="stmt"/>
        <line num="35" count="1" type="stmt"/>
        <line num="36" count="8" type="cond" truecount="1" falsecount="0"/>
        <line num="37" count="1" type="stmt"/>
        <line num="38" count="1" type="stmt"/>
        <line num="39" count="8" type="cond" truecount="1" falsecount="0"/>
        <line num="40" count="1" type="stmt"/>
        <line num="41" count="1" type="stmt"/>
        <line num="42" count="8" type="cond" truecount="1" falsecount="0"/>
        <line num="43" count="1" type="stmt"/>
        <line num="44" count="1" type="stmt"/>
        <line num="45" count="8" type="cond" truecount="1" falsecount="0"/>
        <line num="46" count="1" type="stmt"/>
        <line num="47" count="1" type="stmt"/>
        <line num="48" count="8" type="cond" truecount="0" falsecount="1"/>
        <line num="49" count="0" type="stmt"/>
        <line num="50" count="0" type="stmt"/>
        <line num="51" count="8" type="stmt"/>
        <line num="52" count="8" type="stmt"/>
        <line num="53" count="1" type="stmt"/>
      </file>
      <file name="SCF.ts" path="/home/runner/work/gb-emulator/gb-emulator/packages/gb-emulator/src/instructions/misc/SCF.ts">
        <metrics statements="9" coveredstatements="9" conditionals="1" coveredconditionals="1" methods="1" coveredmethods="1"/>
        <line num="1" count="1" type="stmt"/>
        <line num="5" count="1" type="stmt"/>
        <line num="6" count="1" type="cond" truecount="1" falsecount="0"/>
        <line num="7" count="1" type="stmt"/>
        <line num="8" count="1" type="stmt"/>
        <line num="9" count="1" type="stmt"/>
        <line num="11" count="1" type="stmt"/>
        <line num="12" count="1" type="stmt"/>
        <line num="13" count="1" type="stmt"/>
      </file>
      <file name="STOP.ts" path="/home/runner/work/gb-emulator/gb-emulator/packages/gb-emulator/src/instructions/misc/STOP.ts">
        <metrics statements="6" coveredstatements="4" conditionals="0" coveredconditionals="0" methods="1" coveredmethods="0"/>
        <line num="1" count="1" type="stmt"/>
        <line num="5" count="1" type="stmt"/>
        <line num="6" count="1" type="stmt"/>
        <line num="7" count="0" type="stmt"/>
        <line num="8" count="0" type="stmt"/>
        <line num="9" count="1" type="stmt"/>
      </file>
    </package>
    <package name="gb-emulator.packages.gb-emulator.src.instructions.ret">
      <metrics statements="22" coveredstatements="22" conditionals="3" coveredconditionals="3" methods="2" coveredmethods="2"/>
      <file name="RET.ts" path="/home/runner/work/gb-emulator/gb-emulator/packages/gb-emulator/src/instructions/ret/RET.ts">
        <metrics statements="12" coveredstatements="12" conditionals="1" coveredconditionals="1" methods="1" coveredmethods="1"/>
        <line num="1" count="1" type="stmt"/>
        <line num="2" count="1" type="stmt"/>
        <line num="6" count="1" type="stmt"/>
        <line num="7" count="1" type="cond" truecount="1" falsecount="0"/>
        <line num="8" count="5" type="stmt"/>
        <line num="9" count="5" type="stmt"/>
        <line num="11" count="5" type="stmt"/>
        <line num="12" count="5" type="stmt"/>
        <line num="14" count="5" type="stmt"/>
        <line num="16" count="5" type="stmt"/>
        <line num="17" count="5" type="stmt"/>
        <line num="18" count="1" type="stmt"/>
      </file>
      <file name="RET_COND.ts" path="/home/runner/work/gb-emulator/gb-emulator/packages/gb-emulator/src/instructions/ret/RET_COND.ts">
        <metrics statements="10" coveredstatements="10" conditionals="2" coveredconditionals="2" methods="1" coveredmethods="1"/>
        <line num="1" count="1" type="stmt"/>
        <line num="5" count="1" type="stmt"/>
        <line num="6" count="1" type="cond" truecount="1" falsecount="0"/>
        <line num="7" count="8" type="cond" truecount="1" falsecount="0"/>
        <line num="8" count="4" type="stmt"/>
        <line num="9" count="4" type="stmt"/>
        <line num="10" count="4" type="stmt"/>
        <line num="12" count="4" type="stmt"/>
        <line num="13" count="8" type="stmt"/>
        <line num="14" count="1" type="stmt"/>
      </file>
    </package>
    <package name="gb-emulator.packages.gb-emulator.src.instructions.rotate">
      <metrics statements="54" coveredstatements="54" conditionals="4" coveredconditionals="4" methods="4" coveredmethods="4"/>
      <file name="RLA.ts" path="/home/runner/work/gb-emulator/gb-emulator/packages/gb-emulator/src/instructions/rotate/RLA.ts">
        <metrics statements="14" coveredstatements="14" conditionals="1" coveredconditionals="1" methods="1" coveredmethods="1"/>
        <line num="1" count="1" type="stmt"/>
        <line num="2" count="1" type="stmt"/>
        <line num="6" count="1" type="stmt"/>
        <line num="7" count="1" type="cond" truecount="1" falsecount="0"/>
        <line num="8" count="1" type="stmt"/>
        <line num="9" count="1" type="stmt"/>
        <line num="10" count="1" type="stmt"/>
        <line num="11" count="1" type="stmt"/>
        <line num="12" count="1" type="stmt"/>
        <line num="13" count="1" type="stmt"/>
        <line num="14" count="1" type="stmt"/>
        <line num="16" count="1" type="stmt"/>
        <line num="17" count="1" type="stmt"/>
        <line num="18" count="1" type="stmt"/>
      </file>
      <file name="RLCA.ts" path="/home/runner/work/gb-emulator/gb-emulator/packages/gb-emulator/src/instructions/rotate/RLCA.ts">
        <metrics statements="13" coveredstatements="13" conditionals="1" coveredconditionals="1" methods="1" coveredmethods="1"/>
        <line num="1" count="1" type="stmt"/>
        <line num="2" count="1" type="stmt"/>
        <line num="6" count="1" type="stmt"/>
        <line num="7" count="1" type="cond" truecount="1" falsecount="0"/>
        <line num="8" count="1" type="stmt"/>
        <line num="9" count="1" type="stmt"/>
        <line num="10" count="1" type="stmt"/>
        <line num="11" count="1" type="stmt"/>
        <line num="12" count="1" type="stmt"/>
        <line num="13" count="1" type="stmt"/>
        <line num="15" count="1" type="stmt"/>
        <line num="16" count="1" type="stmt"/>
        <line num="17" count="1" type="stmt"/>
      </file>
      <file name="RRA.ts" path="/home/runner/work/gb-emulator/gb-emulator/packages/gb-emulator/src/instructions/rotate/RRA.ts">
        <metrics statements="14" coveredstatements="14" conditionals="1" coveredconditionals="1" methods="1" coveredmethods="1"/>
        <line num="1" count="1" type="stmt"/>
        <line num="2" count="1" type="stmt"/>
        <line num="11" count="1" type="stmt"/>
        <line num="12" count="1" type="cond" truecount="1" falsecount="0"/>
        <line num="13" count="1" type="stmt"/>
        <line num="14" count="1" type="stmt"/>
        <line num="15" count="1" type="stmt"/>
        <line num="16" count="1" type="stmt"/>
        <line num="17" count="1" type="stmt"/>
        <line num="18" count="1" type="stmt"/>
        <line num="19" count="1" type="stmt"/>
        <line num="21" count="1" type="stmt"/>
        <line num="22" count="1" type="stmt"/>
        <line num="23" count="1" type="stmt"/>
      </file>
      <file name="RRCA.ts" path="/home/runner/work/gb-emulator/gb-emulator/packages/gb-emulator/src/instructions/rotate/RRCA.ts">
        <metrics statements="13" coveredstatements="13" conditionals="1" coveredconditionals="1" methods="1" coveredmethods="1"/>
        <line num="1" count="1" type="stmt"/>
        <line num="2" count="1" type="stmt"/>
        <line num="11" count="1" type="stmt"/>
        <line num="12" count="1" type="cond" truecount="1" falsecount="0"/>
        <line num="13" count="1" type="stmt"/>
        <line num="14" count="1" type="stmt"/>
        <line num="15" count="1" type="stmt"/>
        <line num="16" count="1" type="stmt"/>
        <line num="17" count="1" type="stmt"/>
        <line num="18" count="1" type="stmt"/>
        <line num="20" count="1" type="stmt"/>
        <line num="21" count="1" type="stmt"/>
        <line num="22" count="1" type="stmt"/>
      </file>
    </package>
    <package name="gb-emulator.packages.gb-emulator.src.instructions.stack">
      <metrics statements="18" coveredstatements="18" conditionals="2" coveredconditionals="2" methods="2" coveredmethods="2"/>
      <file name="POP_R16STK.ts" path="/home/runner/work/gb-emulator/gb-emulator/packages/gb-emulator/src/instructions/stack/POP_R16STK.ts">
        <metrics statements="9" coveredstatements="9" conditionals="1" coveredconditionals="1" methods="1" coveredmethods="1"/>
        <line num="1" count="1" type="stmt"/>
        <line num="9" count="1" type="stmt"/>
        <line num="10" count="1" type="cond" truecount="1" falsecount="0"/>
        <line num="11" count="4" type="stmt"/>
        <line num="12" count="4" type="stmt"/>
        <line num="14" count="4" type="stmt"/>
        <line num="16" count="4" type="stmt"/>
        <line num="17" count="4" type="stmt"/>
        <line num="18" count="1" type="stmt"/>
      </file>
      <file name="PUSH_R16STK.ts" path="/home/runner/work/gb-emulator/gb-emulator/packages/gb-emulator/src/instructions/stack/PUSH_R16STK.ts">
        <metrics statements="9" coveredstatements="9" conditionals="1" coveredconditionals="1" methods="1" coveredmethods="1"/>
        <line num="1" count="1" type="stmt"/>
        <line num="9" count="1" type="stmt"/>
        <line num="10" count="1" type="cond" truecount="1" falsecount="0"/>
        <line num="11" count="4" type="stmt"/>
        <line num="12" count="4" type="stmt"/>
        <line num="14" count="4" type="stmt"/>
        <line num="16" count="4" type="stmt"/>
        <line num="17" count="4" type="stmt"/>
        <line num="18" count="1" type="stmt"/>
      </file>
    </package>
    <package name="gb-emulator.packages.gb-emulator.src.instructions.sub">
      <metrics statements="80" coveredstatements="80" conditionals="15" coveredconditionals="15" methods="15" coveredmethods="15"/>
      <file name="CP_A_8_SOURCE.ts" path="/home/runner/work/gb-emulator/gb-emulator/packages/gb-emulator/src/instructions/sub/CP_A_8_SOURCE.ts">
        <metrics statements="25" coveredstatements="25" conditionals="5" coveredconditionals="5" methods="5" coveredmethods="5"/>
        <line num="1" count="1" type="stmt"/>
        <line num="4" count="1" type="stmt"/>
        <line num="22" count="1" type="cond" truecount="1" falsecount="0"/>
        <line num="23" count="3287" type="stmt"/>
        <line num="25" count="3287" type="cond" truecount="1" falsecount="0"/>
        <line num="26" count="3287" type="stmt"/>
        <line num="27" count="3287" type="stmt"/>
        <line num="28" count="3287" type="stmt"/>
        <line num="30" count="3287" type="cond" truecount="1" falsecount="0"/>
        <line num="31" count="2" type="stmt"/>
        <line num="33" count="2" type="stmt"/>
        <line num="35" count="2" type="stmt"/>
        <line num="37" count="2" type="stmt"/>
        <line num="38" count="2" type="stmt"/>
        <line num="39" count="3287" type="stmt"/>
        <line num="41" count="1" type="stmt"/>
        <line num="42" count="1" type="cond" truecount="1" falsecount="0"/>
        <line num="43" count="2921" type="stmt"/>
        <line num="44" count="2921" type="stmt"/>
        <line num="45" count="1" type="stmt"/>
        <line num="47" count="1" type="stmt"/>
        <line num="48" count="1" type="cond" truecount="1" falsecount="0"/>
        <line num="49" count="366" type="stmt"/>
        <line num="50" count="366" type="stmt"/>
        <line num="51" count="1" type="stmt"/>
      </file>
      <file name="SBC_A_8_SOURCE.ts" path="/home/runner/work/gb-emulator/gb-emulator/packages/gb-emulator/src/instructions/sub/SBC_A_8_SOURCE.ts">
        <metrics statements="28" coveredstatements="28" conditionals="5" coveredconditionals="5" methods="5" coveredmethods="5"/>
        <line num="1" count="1" type="stmt"/>
        <line num="4" count="1" type="stmt"/>
        <line num="22" count="1" type="cond" truecount="1" falsecount="0"/>
        <line num="23" count="3287" type="stmt"/>
        <line num="25" count="3287" type="cond" truecount="1" falsecount="0"/>
        <line num="26" count="3287" type="stmt"/>
        <line num="27" count="3287" type="stmt"/>
        <line num="28" count="3287" type="stmt"/>
        <line num="30" count="3287" type="cond" truecount="1" falsecount="0"/>
        <line num="31" count="2" type="stmt"/>
        <line num="32" count="2" type="stmt"/>
        <line num="33" count="2" type="stmt"/>
        <line num="34" count="2" type="stmt"/>
        <line num="36" count="2" type="stmt"/>
        <line num="37" count="2" type="stmt"/>
        <line num="39" count="2" type="stmt"/>
        <line num="40" count="2" type="stmt"/>
        <line num="41" count="3287" type="stmt"/>
        <line num="43" count="1" type="stmt"/>
        <line num="44" count="1" type="cond" truecount="1" falsecount="0"/>
        <line num="45" count="2921" type="stmt"/>
        <line num="46" count="2921" type="stmt"/>
        <line num="47" count="1" type="stmt"/>
        <line num="49" count="1" type="stmt"/>
        <line num="50" count="1" type="cond" truecount="1" falsecount="0"/>
        <line num="51" count="366" type="stmt"/>
        <line num="52" count="366" type="stmt"/>
        <line num="53" count="1" type="stmt"/>
      </file>
      <file name="SUB_A_8_SOURCE.ts" path="/home/runner/work/gb-emulator/gb-emulator/packages/gb-emulator/src/instructions/sub/SUB_A_8_SOURCE.ts">
        <metrics statements="27" coveredstatements="27" conditionals="5" coveredconditionals="5" methods="5" coveredmethods="5"/>
        <line num="1" count="1" type="stmt"/>
        <line num="4" count="1" type="stmt"/>
        <line num="22" count="1" type="cond" truecount="1" falsecount="0"/>
        <line num="23" count="3287" type="stmt"/>
        <line num="25" count="3287" type="cond" truecount="1" falsecount="0"/>
        <line num="26" count="3287" type="stmt"/>
        <line num="27" count="3287" type="stmt"/>
        <line num="28" count="3287" type="stmt"/>
        <line num="30" count="3287" type="cond" truecount="1" falsecount="0"/>
        <line num="31" count="2" type="stmt"/>
        <line num="32" count="2" type="stmt"/>
        <line num="33" count="2" type="stmt"/>
        <line num="35" count="2" type="stmt"/>
        <line num="36" count="2" type="stmt"/>
        <line num="38" count="2" type="stmt"/>
        <line num="39" count="2" type="stmt"/>
        <line num="40" count="3287" type="stmt"/>
        <line num="42" count="1" type="stmt"/>
        <line num="43" count="1" type="cond" truecount="1" falsecount="0"/>
        <line num="44" count="2921" type="stmt"/>
        <line num="45" count="2921" type="stmt"/>
        <line num="46" count="1" type="stmt"/>
        <line num="48" count="1" type="stmt"/>
        <line num="49" count="1" type="cond" truecount="1" falsecount="0"/>
        <line num="50" count="366" type="stmt"/>
        <line num="51" count="366" type="stmt"/>
        <line num="52" count="1" type="stmt"/>
      </file>
    </package>
  </project>
</coverage>
