<?xml version="1.0" encoding="UTF-8"?>
<coverage generated="1739652319978" clover="3.2.0">
  <project timestamp="1739652319978" name="All files">
    <metrics statements="281" coveredstatements="278" conditionals="71" coveredconditionals="69" methods="66" coveredmethods="65" elements="418" coveredelements="412" complexity="0" loc="281" ncloc="281" packages="4" files="12" classes="12"/>
    <package name="binary-operations.src">
      <metrics statements="55" coveredstatements="55" conditionals="29" coveredconditionals="29" methods="25" coveredmethods="25"/>
      <file name="binary-operations.ts" path="/home/runner/work/gb-emulator/gb-emulator/packages/binary-operations/src/binary-operations.ts">
        <metrics statements="54" coveredstatements="54" conditionals="29" coveredconditionals="29" methods="25" coveredmethods="25"/>
        <line num="1" count="1" type="cond" truecount="1" falsecount="0"/>
        <line num="2" count="1" type="stmt"/>
        <line num="3" count="1" type="stmt"/>
        <line num="5" count="1" type="cond" truecount="1" falsecount="0"/>
        <line num="6" count="1" type="cond" truecount="1" falsecount="0"/>
        <line num="7" count="1" type="cond" truecount="1" falsecount="0"/>
        <line num="9" count="1" type="stmt"/>
        <line num="10" count="1" type="stmt"/>
        <line num="11" count="1" type="stmt"/>
        <line num="12" count="1" type="stmt"/>
        <line num="13" count="1" type="stmt"/>
        <line num="14" count="1" type="stmt"/>
        <line num="15" count="1" type="stmt"/>
        <line num="16" count="1" type="stmt"/>
        <line num="18" count="1" type="cond" truecount="2" falsecount="0"/>
        <line num="19" count="1" type="cond" truecount="2" falsecount="0"/>
        <line num="21" count="1" type="stmt"/>
        <line num="22" count="1" type="stmt"/>
        <line num="24" count="1" type="stmt"/>
        <line num="26" count="1" type="stmt"/>
        <line num="27" count="1" type="stmt"/>
        <line num="29" count="1" type="stmt"/>
        <line num="31" count="1" type="cond" truecount="1" falsecount="0"/>
        <line num="32" count="1" type="cond" truecount="1" falsecount="0"/>
        <line num="33" count="1" type="cond" truecount="1" falsecount="0"/>
        <line num="35" count="1" type="cond" truecount="1" falsecount="0"/>
        <line num="36" count="1" type="cond" truecount="1" falsecount="0"/>
        <line num="37" count="1" type="cond" truecount="1" falsecount="0"/>
        <line num="39" count="1" type="cond" truecount="1" falsecount="0"/>
        <line num="40" count="1" type="cond" truecount="1" falsecount="0"/>
        <line num="42" count="1" type="cond" truecount="1" falsecount="0"/>
        <line num="43" count="6" type="stmt"/>
        <line num="44" count="6" type="stmt"/>
        <line num="45" count="1" type="cond" truecount="1" falsecount="0"/>
        <line num="46" count="1" type="cond" truecount="1" falsecount="0"/>
        <line num="47" count="1" type="cond" truecount="1" falsecount="0"/>
        <line num="48" count="1" type="cond" truecount="1" falsecount="0"/>
        <line num="50" count="1" type="cond" truecount="1" falsecount="0"/>
        <line num="51" count="12" type="stmt"/>
        <line num="52" count="12" type="stmt"/>
        <line num="54" count="12" type="cond" truecount="1" falsecount="0"/>
        <line num="55" count="8" type="stmt"/>
        <line num="56" count="8" type="cond" truecount="1" falsecount="0"/>
        <line num="58" count="4" type="stmt"/>
        <line num="59" count="4" type="stmt"/>
        <line num="61" count="1" type="cond" truecount="1" falsecount="0"/>
        <line num="62" count="1" type="cond" truecount="1" falsecount="0"/>
        <line num="63" count="1" type="cond" truecount="1" falsecount="0"/>
        <line num="64" count="1" type="cond" truecount="1" falsecount="0"/>
        <line num="66" count="1" type="cond" truecount="1" falsecount="0"/>
        <line num="67" count="2" type="stmt"/>
        <line num="68" count="2" type="stmt"/>
        <line num="70" count="2" type="stmt"/>
        <line num="71" count="2" type="stmt"/>
      </file>
      <file name="index.ts" path="/home/runner/work/gb-emulator/gb-emulator/packages/binary-operations/src/index.ts">
        <metrics statements="1" coveredstatements="1" conditionals="0" coveredconditionals="0" methods="0" coveredmethods="0"/>
        <line num="1" count="1" type="stmt"/>
      </file>
    </package>
    <package name="gb-emulator.src">
      <metrics statements="132" coveredstatements="129" conditionals="29" coveredconditionals="27" methods="28" coveredmethods="27"/>
      <file name="cpu.ts" path="/home/runner/work/gb-emulator/gb-emulator/packages/gb-emulator/src/cpu.ts">
        <metrics statements="24" coveredstatements="23" conditionals="6" coveredconditionals="5" methods="5" coveredmethods="5"/>
        <line num="3" count="1" type="stmt"/>
        <line num="4" count="1" type="stmt"/>
        <line num="22" count="1" type="cond" truecount="1" falsecount="0"/>
        <line num="23" count="18" type="stmt"/>
        <line num="24" count="18" type="stmt"/>
        <line num="26" count="18" type="stmt"/>
        <line num="28" count="18" type="cond" truecount="1" falsecount="0"/>
        <line num="29" count="18" type="stmt"/>
        <line num="30" count="18" type="stmt"/>
        <line num="32" count="18" type="stmt"/>
        <line num="33" count="18" type="stmt"/>
        <line num="35" count="18" type="cond" truecount="1" falsecount="0"/>
        <line num="36" count="6" type="cond" truecount="1" falsecount="0"/>
        <line num="37" count="12" type="stmt"/>
        <line num="38" count="12" type="stmt"/>
        <line num="39" count="12" type="stmt"/>
        <line num="41" count="6" type="cond" truecount="0" falsecount="1"/>
        <line num="42" count="0" type="stmt"/>
        <line num="43" count="6" type="stmt"/>
        <line num="44" count="6" type="stmt"/>
        <line num="46" count="18" type="cond" truecount="1" falsecount="0"/>
        <line num="47" count="4" type="stmt"/>
        <line num="48" count="4" type="stmt"/>
        <line num="49" count="18" type="stmt"/>
      </file>
      <file name="index.ts" path="/home/runner/work/gb-emulator/gb-emulator/packages/gb-emulator/src/index.ts">
        <metrics statements="2" coveredstatements="0" conditionals="1" coveredconditionals="0" methods="1" coveredmethods="0"/>
        <line num="1" count="0" type="cond" truecount="0" falsecount="1"/>
        <line num="2" count="0" type="stmt"/>
      </file>
      <file name="memory.ts" path="/home/runner/work/gb-emulator/gb-emulator/packages/gb-emulator/src/memory.ts">
        <metrics statements="6" coveredstatements="6" conditionals="2" coveredconditionals="2" methods="2" coveredmethods="2"/>
        <line num="1" count="1" type="cond" truecount="1" falsecount="0"/>
        <line num="2" count="19" type="stmt"/>
        <line num="4" count="19" type="cond" truecount="1" falsecount="0"/>
        <line num="5" count="69" type="stmt"/>
        <line num="6" count="69" type="stmt"/>
        <line num="7" count="19" type="stmt"/>
      </file>
      <file name="registers.ts" path="/home/runner/work/gb-emulator/gb-emulator/packages/gb-emulator/src/registers.ts">
        <metrics statements="100" coveredstatements="100" conditionals="20" coveredconditionals="20" methods="20" coveredmethods="20"/>
        <line num="1" count="1" type="stmt"/>
        <line num="21" count="1" type="cond" truecount="1" falsecount="0"/>
        <line num="22" count="560" type="stmt"/>
        <line num="23" count="560" type="stmt"/>
        <line num="25" count="560" type="cond" truecount="1" falsecount="0"/>
        <line num="26" count="560" type="stmt"/>
        <line num="27" count="560" type="stmt"/>
        <line num="29" count="560" type="cond" truecount="1" falsecount="0"/>
        <line num="30" count="116" type="stmt"/>
        <line num="31" count="116" type="stmt"/>
        <line num="33" count="560" type="cond" truecount="1" falsecount="0"/>
        <line num="34" count="102" type="stmt"/>
        <line num="35" count="102" type="stmt"/>
        <line num="36" count="560" type="stmt"/>
        <line num="38" count="1" type="stmt"/>
        <line num="39" count="1" type="cond" truecount="1" falsecount="0"/>
        <line num="40" count="320" type="stmt"/>
        <line num="41" count="320" type="stmt"/>
        <line num="42" count="1" type="stmt"/>
        <line num="44" count="1" type="stmt"/>
        <line num="45" count="1" type="cond" truecount="1" falsecount="0"/>
        <line num="46" count="240" type="stmt"/>
        <line num="47" count="240" type="stmt"/>
        <line num="48" count="1" type="stmt"/>
        <line num="50" count="1" type="stmt"/>
        <line num="51" count="1" type="cond" truecount="1" falsecount="0"/>
        <line num="52" count="40" type="stmt"/>
        <line num="53" count="40" type="stmt"/>
        <line num="58" count="1" type="cond" truecount="1" falsecount="0"/>
        <line num="59" count="1" type="stmt"/>
        <line num="60" count="1" type="stmt"/>
        <line num="65" count="1" type="cond" truecount="1" falsecount="0"/>
        <line num="66" count="1" type="stmt"/>
        <line num="67" count="1" type="stmt"/>
        <line num="72" count="1" type="cond" truecount="1" falsecount="0"/>
        <line num="73" count="1" type="stmt"/>
        <line num="74" count="1" type="stmt"/>
        <line num="79" count="1" type="cond" truecount="1" falsecount="0"/>
        <line num="80" count="1" type="stmt"/>
        <line num="81" count="1" type="stmt"/>
        <line num="87" count="1" type="cond" truecount="1" falsecount="0"/>
        <line num="88" count="1" type="stmt"/>
        <line num="89" count="1" type="stmt"/>
        <line num="95" count="1" type="cond" truecount="1" falsecount="0"/>
        <line num="96" count="1" type="stmt"/>
        <line num="97" count="1" type="stmt"/>
        <line num="103" count="1" type="cond" truecount="1" falsecount="0"/>
        <line num="104" count="1" type="stmt"/>
        <line num="105" count="1" type="stmt"/>
        <line num="111" count="1" type="cond" truecount="1" falsecount="0"/>
        <line num="112" count="1" type="stmt"/>
        <line num="113" count="1" type="stmt"/>
        <line num="114" count="1" type="stmt"/>
        <line num="116" count="1" type="cond" truecount="1" falsecount="0"/>
        <line num="117" count="160" type="stmt"/>
        <line num="118" count="160" type="stmt"/>
        <line num="120" count="160" type="cond" truecount="1" falsecount="0"/>
        <line num="121" count="160" type="stmt"/>
        <line num="122" count="160" type="stmt"/>
        <line num="123" count="160" type="stmt"/>
        <line num="124" count="160" type="stmt"/>
        <line num="126" count="160" type="cond" truecount="1" falsecount="0"/>
        <line num="127" count="13" type="stmt"/>
        <line num="128" count="13" type="stmt"/>
        <line num="130" count="160" type="cond" truecount="1" falsecount="0"/>
        <line num="131" count="13" type="stmt"/>
        <line num="132" count="13" type="stmt"/>
        <line num="133" count="13" type="stmt"/>
        <line num="134" count="160" type="stmt"/>
        <line num="139" count="1" type="cond" truecount="1" falsecount="0"/>
        <line num="140" count="40" type="stmt"/>
        <line num="141" count="40" type="stmt"/>
        <line num="142" count="40" type="stmt"/>
        <line num="143" count="40" type="stmt"/>
        <line num="144" count="40" type="stmt"/>
        <line num="145" count="40" type="stmt"/>
        <line num="146" count="40" type="stmt"/>
        <line num="147" count="40" type="stmt"/>
        <line num="149" count="40" type="stmt"/>
        <line num="150" count="40" type="stmt"/>
        <line num="151" count="40" type="stmt"/>
        <line num="152" count="40" type="stmt"/>
        <line num="154" count="40" type="stmt"/>
        <line num="155" count="40" type="stmt"/>
        <line num="157" count="40" type="stmt"/>
        <line num="158" count="40" type="stmt"/>
        <line num="159" count="40" type="stmt"/>
        <line num="160" count="40" type="stmt"/>
        <line num="161" count="40" type="stmt"/>
        <line num="162" count="40" type="stmt"/>
        <line num="163" count="40" type="stmt"/>
        <line num="164" count="40" type="stmt"/>
        <line num="165" count="40" type="stmt"/>
        <line num="167" count="40" type="stmt"/>
        <line num="168" count="40" type="stmt"/>
        <line num="169" count="40" type="stmt"/>
        <line num="170" count="40" type="stmt"/>
        <line num="171" count="40" type="stmt"/>
        <line num="172" count="40" type="stmt"/>
        <line num="173" count="40" type="stmt"/>
      </file>
    </package>
    <package name="gb-emulator.src.instructions">
      <metrics statements="42" coveredstatements="42" conditionals="5" coveredconditionals="5" methods="5" coveredmethods="5"/>
      <file name="instruction-loader.ts" path="/home/runner/work/gb-emulator/gb-emulator/packages/gb-emulator/src/instructions/instruction-loader.ts">
        <metrics statements="27" coveredstatements="27" conditionals="2" coveredconditionals="2" methods="2" coveredmethods="2"/>
        <line num="2" count="1" type="stmt"/>
        <line num="4" count="1" type="stmt"/>
        <line num="5" count="1" type="stmt"/>
        <line num="6" count="1" type="stmt"/>
        <line num="8" count="1" type="stmt"/>
        <line num="9" count="1" type="cond" truecount="2" falsecount="0"/>
        <line num="10" count="18" type="stmt"/>
        <line num="11" count="18" type="stmt"/>
        <line num="12" count="18" type="stmt"/>
        <line num="13" count="18" type="stmt"/>
        <line num="15" count="18" type="stmt"/>
        <line num="16" count="18" type="stmt"/>
        <line num="17" count="18" type="stmt"/>
        <line num="18" count="18" type="stmt"/>
        <line num="19" count="18" type="stmt"/>
        <line num="21" count="18" type="stmt"/>
        <line num="22" count="18" type="stmt"/>
        <line num="23" count="18" type="stmt"/>
        <line num="24" count="18" type="stmt"/>
        <line num="26" count="18" type="stmt"/>
        <line num="27" count="18" type="stmt"/>
        <line num="28" count="18" type="stmt"/>
        <line num="29" count="18" type="stmt"/>
        <line num="31" count="18" type="stmt"/>
        <line num="32" count="18" type="stmt"/>
        <line num="33" count="18" type="stmt"/>
        <line num="34" count="1" type="stmt"/>
      </file>
      <file name="instruction.ts" path="/home/runner/work/gb-emulator/gb-emulator/packages/gb-emulator/src/instructions/instruction.ts">
        <metrics statements="15" coveredstatements="15" conditionals="3" coveredconditionals="3" methods="3" coveredmethods="3"/>
        <line num="3" count="1" type="stmt"/>
        <line num="6" count="1" type="stmt"/>
        <line num="8" count="1" type="cond" truecount="1" falsecount="0"/>
        <line num="9" count="85" type="stmt"/>
        <line num="10" count="85" type="stmt"/>
        <line num="11" count="85" type="stmt"/>
        <line num="13" count="85" type="cond" truecount="1" falsecount="0"/>
        <line num="14" count="85" type="stmt"/>
        <line num="15" count="85" type="stmt"/>
        <line num="16" count="85" type="stmt"/>
        <line num="17" count="85" type="stmt"/>
        <line num="21" count="85" type="cond" truecount="1" falsecount="0"/>
        <line num="22" count="12" type="stmt"/>
        <line num="23" count="12" type="stmt"/>
        <line num="24" count="85" type="stmt"/>
      </file>
    </package>
    <package name="gb-emulator.src.instructions.ld">
      <metrics statements="52" coveredstatements="52" conditionals="8" coveredconditionals="8" methods="8" coveredmethods="8"/>
      <file name="LD_A_R16MEM.ts" path="/home/runner/work/gb-emulator/gb-emulator/packages/gb-emulator/src/instructions/ld/LD_A_R16MEM.ts">
        <metrics statements="13" coveredstatements="13" conditionals="2" coveredconditionals="2" methods="2" coveredmethods="2"/>
        <line num="1" count="1" type="stmt"/>
        <line num="10" count="1" type="stmt"/>
        <line num="11" count="1" type="cond" truecount="1" falsecount="0"/>
        <line num="12" count="22" type="stmt"/>
        <line num="13" count="22" type="stmt"/>
        <line num="15" count="1" type="cond" truecount="1" falsecount="0"/>
        <line num="16" count="4" type="stmt"/>
        <line num="18" count="4" type="stmt"/>
        <line num="19" count="4" type="stmt"/>
        <line num="21" count="4" type="stmt"/>
        <line num="23" count="4" type="stmt"/>
        <line num="24" count="4" type="stmt"/>
        <line num="26" count="1" type="stmt"/>
      </file>
      <file name="LD_IMM16_SP.ts" path="/home/runner/work/gb-emulator/gb-emulator/packages/gb-emulator/src/instructions/ld/LD_IMM16_SP.ts">
        <metrics statements="13" coveredstatements="13" conditionals="2" coveredconditionals="2" methods="2" coveredmethods="2"/>
        <line num="2" count="1" type="stmt"/>
        <line num="3" count="1" type="stmt"/>
        <line num="11" count="1" type="stmt"/>
        <line num="12" count="1" type="cond" truecount="1" falsecount="0"/>
        <line num="13" count="19" type="stmt"/>
        <line num="14" count="19" type="stmt"/>
        <line num="16" count="1" type="cond" truecount="1" falsecount="0"/>
        <line num="17" count="1" type="stmt"/>
        <line num="19" count="1" type="stmt"/>
        <line num="20" count="1" type="stmt"/>
        <line num="22" count="1" type="stmt"/>
        <line num="23" count="1" type="stmt"/>
        <line num="24" count="1" type="stmt"/>
      </file>
      <file name="LD_R16MEM_A.ts" path="/home/runner/work/gb-emulator/gb-emulator/packages/gb-emulator/src/instructions/ld/LD_R16MEM_A.ts">
        <metrics statements="13" coveredstatements="13" conditionals="2" coveredconditionals="2" methods="2" coveredmethods="2"/>
        <line num="1" count="1" type="stmt"/>
        <line num="10" count="1" type="stmt"/>
        <line num="11" count="1" type="cond" truecount="1" falsecount="0"/>
        <line num="12" count="22" type="stmt"/>
        <line num="13" count="22" type="stmt"/>
        <line num="15" count="1" type="cond" truecount="1" falsecount="0"/>
        <line num="16" count="4" type="stmt"/>
        <line num="18" count="4" type="stmt"/>
        <line num="19" count="4" type="stmt"/>
        <line num="21" count="4" type="stmt"/>
        <line num="23" count="4" type="stmt"/>
        <line num="24" count="4" type="stmt"/>
        <line num="26" count="1" type="stmt"/>
      </file>
      <file name="LD_R16_IMM16.ts" path="/home/runner/work/gb-emulator/gb-emulator/packages/gb-emulator/src/instructions/ld/LD_R16_IMM16.ts">
        <metrics statements="13" coveredstatements="13" conditionals="2" coveredconditionals="2" methods="2" coveredmethods="2"/>
        <line num="2" count="1" type="stmt"/>
        <line num="6" count="1" type="stmt"/>
        <line num="7" count="1" type="cond" truecount="1" falsecount="0"/>
        <line num="8" count="22" type="stmt"/>
        <line num="9" count="22" type="stmt"/>
        <line num="11" count="1" type="cond" truecount="1" falsecount="0"/>
        <line num="12" count="4" type="stmt"/>
        <line num="14" count="4" type="stmt"/>
        <line num="15" count="4" type="stmt"/>
        <line num="16" count="4" type="stmt"/>
        <line num="18" count="4" type="stmt"/>
        <line num="19" count="4" type="stmt"/>
        <line num="20" count="1" type="stmt"/>
      </file>
    </package>
  </project>
</coverage>
