{"/home/runner/work/gb-emulator/gb-emulator/packages/binary-operations/src/binary-operations.ts": {"path":"/home/runner/work/gb-emulator/gb-emulator/packages/binary-operations/src/binary-operations.ts","all":false,"statementMap":{"0":{"start":{"line":1,"column":0},"end":{"line":1,"column":75}},"1":{"start":{"line":2,"column":0},"end":{"line":2,"column":53}},"2":{"start":{"line":3,"column":0},"end":{"line":3,"column":1}},"4":{"start":{"line":5,"column":0},"end":{"line":5,"column":76}},"5":{"start":{"line":6,"column":0},"end":{"line":6,"column":77}},"6":{"start":{"line":7,"column":0},"end":{"line":7,"column":77}},"8":{"start":{"line":9,"column":0},"end":{"line":9,"column":22}},"9":{"start":{"line":10,"column":0},"end":{"line":10,"column":25}},"10":{"start":{"line":11,"column":0},"end":{"line":11,"column":24}},"11":{"start":{"line":12,"column":0},"end":{"line":12,"column":25}},"12":{"start":{"line":13,"column":0},"end":{"line":13,"column":29}},"13":{"start":{"line":14,"column":0},"end":{"line":14,"column":28}},"14":{"start":{"line":15,"column":0},"end":{"line":15,"column":30}},"15":{"start":{"line":16,"column":0},"end":{"line":16,"column":1}},"17":{"start":{"line":18,"column":0},"end":{"line":18,"column":86}},"18":{"start":{"line":19,"column":0},"end":{"line":19,"column":85}},"20":{"start":{"line":21,"column":0},"end":{"line":21,"column":44}},"21":{"start":{"line":22,"column":0},"end":{"line":22,"column":42}},"23":{"start":{"line":24,"column":0},"end":{"line":24,"column":44}},"25":{"start":{"line":26,"column":0},"end":{"line":26,"column":44}},"26":{"start":{"line":27,"column":0},"end":{"line":27,"column":42}},"28":{"start":{"line":29,"column":0},"end":{"line":29,"column":44}},"30":{"start":{"line":31,"column":0},"end":{"line":31,"column":106}},"31":{"start":{"line":32,"column":0},"end":{"line":32,"column":105}},"32":{"start":{"line":33,"column":0},"end":{"line":33,"column":91}},"34":{"start":{"line":35,"column":0},"end":{"line":35,"column":78}},"35":{"start":{"line":36,"column":0},"end":{"line":36,"column":97}},"36":{"start":{"line":37,"column":0},"end":{"line":37,"column":99}},"38":{"start":{"line":39,"column":0},"end":{"line":39,"column":88}},"39":{"start":{"line":40,"column":0},"end":{"line":40,"column":84}},"41":{"start":{"line":42,"column":0},"end":{"line":42,"column":69}},"42":{"start":{"line":43,"column":0},"end":{"line":43,"column":45}},"43":{"start":{"line":44,"column":0},"end":{"line":44,"column":1}},"44":{"start":{"line":45,"column":0},"end":{"line":45,"column":67}},"45":{"start":{"line":46,"column":0},"end":{"line":46,"column":67}},"46":{"start":{"line":47,"column":0},"end":{"line":47,"column":67}},"47":{"start":{"line":48,"column":0},"end":{"line":48,"column":67}},"49":{"start":{"line":50,"column":0},"end":{"line":50,"column":120}},"50":{"start":{"line":51,"column":0},"end":{"line":51,"column":44}},"51":{"start":{"line":52,"column":0},"end":{"line":52,"column":93}},"52":{"start":{"line":53,"column":0},"end":{"line":53,"column":1}},"54":{"start":{"line":55,"column":0},"end":{"line":55,"column":111}},"55":{"start":{"line":56,"column":0},"end":{"line":56,"column":111}},"56":{"start":{"line":57,"column":0},"end":{"line":57,"column":111}},"57":{"start":{"line":58,"column":0},"end":{"line":58,"column":111}},"59":{"start":{"line":60,"column":0},"end":{"line":60,"column":69}},"60":{"start":{"line":61,"column":0},"end":{"line":61,"column":41}},"61":{"start":{"line":62,"column":0},"end":{"line":62,"column":1}}},"s":{"0":1,"1":1,"2":1,"4":1,"5":1,"6":1,"8":1,"9":1,"10":1,"11":1,"12":1,"13":1,"14":1,"15":1,"17":1,"18":1,"20":1,"21":1,"23":1,"25":1,"26":1,"28":1,"30":1,"31":1,"32":1,"34":1,"35":1,"36":1,"38":1,"39":1,"41":1,"42":8,"43":8,"44":1,"45":1,"46":1,"47":1,"49":1,"50":12,"51":12,"52":12,"54":1,"55":1,"56":1,"57":1,"59":1,"60":2,"61":2},"branchMap":{"0":{"type":"branch","line":1,"loc":{"start":{"line":1,"column":27},"end":{"line":3,"column":1}},"locations":[{"start":{"line":1,"column":27},"end":{"line":3,"column":1}}]},"1":{"type":"branch","line":5,"loc":{"start":{"line":5,"column":25},"end":{"line":5,"column":76}},"locations":[{"start":{"line":5,"column":25},"end":{"line":5,"column":76}}]},"2":{"type":"branch","line":6,"loc":{"start":{"line":6,"column":26},"end":{"line":6,"column":77}},"locations":[{"start":{"line":6,"column":26},"end":{"line":6,"column":77}}]},"3":{"type":"branch","line":7,"loc":{"start":{"line":7,"column":26},"end":{"line":7,"column":77}},"locations":[{"start":{"line":7,"column":26},"end":{"line":7,"column":77}}]},"4":{"type":"branch","line":18,"loc":{"start":{"line":18,"column":28},"end":{"line":18,"column":86}},"locations":[{"start":{"line":18,"column":28},"end":{"line":18,"column":86}}]},"5":{"type":"branch","line":18,"loc":{"start":{"line":18,"column":48},"end":{"line":18,"column":86}},"locations":[{"start":{"line":18,"column":48},"end":{"line":18,"column":86}}]},"6":{"type":"branch","line":19,"loc":{"start":{"line":19,"column":27},"end":{"line":19,"column":85}},"locations":[{"start":{"line":19,"column":27},"end":{"line":19,"column":85}}]},"7":{"type":"branch","line":19,"loc":{"start":{"line":19,"column":47},"end":{"line":19,"column":85}},"locations":[{"start":{"line":19,"column":47},"end":{"line":19,"column":85}}]},"8":{"type":"branch","line":31,"loc":{"start":{"line":31,"column":31},"end":{"line":31,"column":106}},"locations":[{"start":{"line":31,"column":31},"end":{"line":31,"column":106}}]},"9":{"type":"branch","line":32,"loc":{"start":{"line":32,"column":31},"end":{"line":32,"column":105}},"locations":[{"start":{"line":32,"column":31},"end":{"line":32,"column":105}}]},"10":{"type":"branch","line":33,"loc":{"start":{"line":33,"column":31},"end":{"line":33,"column":91}},"locations":[{"start":{"line":33,"column":31},"end":{"line":33,"column":91}}]},"11":{"type":"branch","line":35,"loc":{"start":{"line":35,"column":35},"end":{"line":35,"column":78}},"locations":[{"start":{"line":35,"column":35},"end":{"line":35,"column":78}}]},"12":{"type":"branch","line":36,"loc":{"start":{"line":36,"column":34},"end":{"line":36,"column":97}},"locations":[{"start":{"line":36,"column":34},"end":{"line":36,"column":97}}]},"13":{"type":"branch","line":37,"loc":{"start":{"line":37,"column":34},"end":{"line":37,"column":99}},"locations":[{"start":{"line":37,"column":34},"end":{"line":37,"column":99}}]},"14":{"type":"branch","line":39,"loc":{"start":{"line":39,"column":42},"end":{"line":39,"column":88}},"locations":[{"start":{"line":39,"column":42},"end":{"line":39,"column":88}}]},"15":{"type":"branch","line":40,"loc":{"start":{"line":40,"column":41},"end":{"line":40,"column":84}},"locations":[{"start":{"line":40,"column":41},"end":{"line":40,"column":84}}]},"16":{"type":"branch","line":42,"loc":{"start":{"line":42,"column":25},"end":{"line":44,"column":1}},"locations":[{"start":{"line":42,"column":25},"end":{"line":44,"column":1}}]},"17":{"type":"branch","line":45,"loc":{"start":{"line":45,"column":25},"end":{"line":45,"column":67}},"locations":[{"start":{"line":45,"column":25},"end":{"line":45,"column":67}}]},"18":{"type":"branch","line":46,"loc":{"start":{"line":46,"column":25},"end":{"line":46,"column":67}},"locations":[{"start":{"line":46,"column":25},"end":{"line":46,"column":67}}]},"19":{"type":"branch","line":47,"loc":{"start":{"line":47,"column":25},"end":{"line":47,"column":67}},"locations":[{"start":{"line":47,"column":25},"end":{"line":47,"column":67}}]},"20":{"type":"branch","line":48,"loc":{"start":{"line":48,"column":25},"end":{"line":48,"column":67}},"locations":[{"start":{"line":48,"column":25},"end":{"line":48,"column":67}}]},"21":{"type":"branch","line":50,"loc":{"start":{"line":50,"column":25},"end":{"line":53,"column":1}},"locations":[{"start":{"line":50,"column":25},"end":{"line":53,"column":1}}]},"22":{"type":"branch","line":52,"loc":{"start":{"line":52,"column":21},"end":{"line":52,"column":51}},"locations":[{"start":{"line":52,"column":21},"end":{"line":52,"column":51}}]},"23":{"type":"branch","line":52,"loc":{"start":{"line":52,"column":47},"end":{"line":52,"column":93}},"locations":[{"start":{"line":52,"column":47},"end":{"line":52,"column":93}}]},"24":{"type":"branch","line":55,"loc":{"start":{"line":55,"column":25},"end":{"line":55,"column":111}},"locations":[{"start":{"line":55,"column":25},"end":{"line":55,"column":111}}]},"25":{"type":"branch","line":56,"loc":{"start":{"line":56,"column":25},"end":{"line":56,"column":111}},"locations":[{"start":{"line":56,"column":25},"end":{"line":56,"column":111}}]},"26":{"type":"branch","line":57,"loc":{"start":{"line":57,"column":25},"end":{"line":57,"column":111}},"locations":[{"start":{"line":57,"column":25},"end":{"line":57,"column":111}}]},"27":{"type":"branch","line":58,"loc":{"start":{"line":58,"column":25},"end":{"line":58,"column":111}},"locations":[{"start":{"line":58,"column":25},"end":{"line":58,"column":111}}]},"28":{"type":"branch","line":60,"loc":{"start":{"line":60,"column":24},"end":{"line":62,"column":1}},"locations":[{"start":{"line":60,"column":24},"end":{"line":62,"column":1}}]}},"b":{"0":[1],"1":[10],"2":[5],"3":[11],"4":[13],"5":[17],"6":[15],"7":[16],"8":[1],"9":[1],"10":[1],"11":[1],"12":[1],"13":[1],"14":[1],"15":[1],"16":[8],"17":[1],"18":[1],"19":[1],"20":[1],"21":[12],"22":[8],"23":[4],"24":[1],"25":[1],"26":[1],"27":[1],"28":[2]},"fnMap":{"0":{"name":"concatBytes","decl":{"start":{"line":1,"column":27},"end":{"line":3,"column":1}},"loc":{"start":{"line":1,"column":27},"end":{"line":3,"column":1}},"line":1},"1":{"name":"bitwiseOr","decl":{"start":{"line":5,"column":25},"end":{"line":5,"column":76}},"loc":{"start":{"line":5,"column":25},"end":{"line":5,"column":76}},"line":5},"2":{"name":"bitwiseXor","decl":{"start":{"line":6,"column":26},"end":{"line":6,"column":77}},"loc":{"start":{"line":6,"column":26},"end":{"line":6,"column":77}},"line":6},"3":{"name":"bitwiseAnd","decl":{"start":{"line":7,"column":26},"end":{"line":7,"column":77}},"loc":{"start":{"line":7,"column":26},"end":{"line":7,"column":77}},"line":7},"4":{"name":"shiftRightBy","decl":{"start":{"line":18,"column":28},"end":{"line":18,"column":86}},"loc":{"start":{"line":18,"column":28},"end":{"line":18,"column":86}},"line":18},"5":{"name":"shiftLeftBy","decl":{"start":{"line":19,"column":27},"end":{"line":19,"column":85}},"loc":{"start":{"line":19,"column":27},"end":{"line":19,"column":85}},"line":19},"6":{"name":"isolate2ndDigit","decl":{"start":{"line":31,"column":31},"end":{"line":31,"column":106}},"loc":{"start":{"line":31,"column":31},"end":{"line":31,"column":106}},"line":31},"7":{"name":"isolate3rdDigit","decl":{"start":{"line":32,"column":31},"end":{"line":32,"column":105}},"loc":{"start":{"line":32,"column":31},"end":{"line":32,"column":105}},"line":32},"8":{"name":"isolate4thDigit","decl":{"start":{"line":33,"column":31},"end":{"line":33,"column":91}},"loc":{"start":{"line":33,"column":31},"end":{"line":33,"column":91}},"line":33},"9":{"name":"isolate2FirstDigits","decl":{"start":{"line":35,"column":35},"end":{"line":35,"column":78}},"loc":{"start":{"line":35,"column":35},"end":{"line":35,"column":78}},"line":35},"10":{"name":"isolate2LastDigits","decl":{"start":{"line":36,"column":34},"end":{"line":36,"column":97}},"loc":{"start":{"line":36,"column":34},"end":{"line":36,"column":97}},"line":36},"11":{"name":"isolate3LastDigits","decl":{"start":{"line":37,"column":34},"end":{"line":37,"column":99}},"loc":{"start":{"line":37,"column":34},"end":{"line":37,"column":99}},"line":37},"12":{"name":"isolateLeastSignificantBit","decl":{"start":{"line":39,"column":42},"end":{"line":39,"column":88}},"loc":{"start":{"line":39,"column":42},"end":{"line":39,"column":88}},"line":39},"13":{"name":"isolateMostSignificantBit","decl":{"start":{"line":40,"column":41},"end":{"line":40,"column":84}},"loc":{"start":{"line":40,"column":41},"end":{"line":40,"column":84}},"line":40},"14":{"name":"getNthBit","decl":{"start":{"line":42,"column":25},"end":{"line":44,"column":1}},"loc":{"start":{"line":42,"column":25},"end":{"line":44,"column":1}},"line":42},"15":{"name":"get1stBit","decl":{"start":{"line":45,"column":25},"end":{"line":45,"column":67}},"loc":{"start":{"line":45,"column":25},"end":{"line":45,"column":67}},"line":45},"16":{"name":"get2ndBit","decl":{"start":{"line":46,"column":25},"end":{"line":46,"column":67}},"loc":{"start":{"line":46,"column":25},"end":{"line":46,"column":67}},"line":46},"17":{"name":"get3rdBit","decl":{"start":{"line":47,"column":25},"end":{"line":47,"column":67}},"loc":{"start":{"line":47,"column":25},"end":{"line":47,"column":67}},"line":47},"18":{"name":"get4thBit","decl":{"start":{"line":48,"column":25},"end":{"line":48,"column":67}},"loc":{"start":{"line":48,"column":25},"end":{"line":48,"column":67}},"line":48},"19":{"name":"setNthBit","decl":{"start":{"line":50,"column":25},"end":{"line":53,"column":1}},"loc":{"start":{"line":50,"column":25},"end":{"line":53,"column":1}},"line":50},"20":{"name":"set1stBit","decl":{"start":{"line":55,"column":25},"end":{"line":55,"column":111}},"loc":{"start":{"line":55,"column":25},"end":{"line":55,"column":111}},"line":55},"21":{"name":"set2ndBit","decl":{"start":{"line":56,"column":25},"end":{"line":56,"column":111}},"loc":{"start":{"line":56,"column":25},"end":{"line":56,"column":111}},"line":56},"22":{"name":"set3rdBit","decl":{"start":{"line":57,"column":25},"end":{"line":57,"column":111}},"loc":{"start":{"line":57,"column":25},"end":{"line":57,"column":111}},"line":57},"23":{"name":"set4thBit","decl":{"start":{"line":58,"column":25},"end":{"line":58,"column":111}},"loc":{"start":{"line":58,"column":25},"end":{"line":58,"column":111}},"line":58},"24":{"name":"isBitSet","decl":{"start":{"line":60,"column":24},"end":{"line":62,"column":1}},"loc":{"start":{"line":60,"column":24},"end":{"line":62,"column":1}},"line":60}},"f":{"0":1,"1":10,"2":5,"3":11,"4":13,"5":15,"6":1,"7":1,"8":1,"9":1,"10":1,"11":1,"12":1,"13":1,"14":8,"15":1,"16":1,"17":1,"18":1,"19":12,"20":1,"21":1,"22":1,"23":1,"24":2}}
,"/home/runner/work/gb-emulator/gb-emulator/packages/binary-operations/src/index.ts": {"path":"/home/runner/work/gb-emulator/gb-emulator/packages/binary-operations/src/index.ts","all":false,"statementMap":{"0":{"start":{"line":1,"column":0},"end":{"line":1,"column":36}}},"s":{"0":1},"branchMap":{},"b":{},"fnMap":{},"f":{}}
,"/home/runner/work/gb-emulator/gb-emulator/packages/gb-emulator/src/cpu.ts": {"path":"/home/runner/work/gb-emulator/gb-emulator/packages/gb-emulator/src/cpu.ts","all":false,"statementMap":{"2":{"start":{"line":3,"column":0},"end":{"line":3,"column":56}},"3":{"start":{"line":4,"column":0},"end":{"line":4,"column":73}},"57":{"start":{"line":58,"column":0},"end":{"line":58,"column":18}},"58":{"start":{"line":59,"column":0},"end":{"line":59,"column":40}},"59":{"start":{"line":60,"column":0},"end":{"line":60,"column":34}},"61":{"start":{"line":62,"column":0},"end":{"line":62,"column":61}},"63":{"start":{"line":64,"column":0},"end":{"line":64,"column":36}},"64":{"start":{"line":65,"column":0},"end":{"line":65,"column":41}},"65":{"start":{"line":66,"column":0},"end":{"line":66,"column":35}},"67":{"start":{"line":68,"column":0},"end":{"line":68,"column":68}},"68":{"start":{"line":69,"column":0},"end":{"line":69,"column":5}},"70":{"start":{"line":71,"column":0},"end":{"line":71,"column":52}},"71":{"start":{"line":72,"column":0},"end":{"line":72,"column":32}},"72":{"start":{"line":73,"column":0},"end":{"line":73,"column":37}},"73":{"start":{"line":74,"column":0},"end":{"line":74,"column":65}},"74":{"start":{"line":75,"column":0},"end":{"line":75,"column":9}},"76":{"start":{"line":77,"column":0},"end":{"line":77,"column":26}},"77":{"start":{"line":78,"column":0},"end":{"line":78,"column":24}},"78":{"start":{"line":79,"column":0},"end":{"line":79,"column":49}},"79":{"start":{"line":80,"column":0},"end":{"line":80,"column":5}},"81":{"start":{"line":82,"column":0},"end":{"line":82,"column":21}},"82":{"start":{"line":83,"column":0},"end":{"line":83,"column":51}},"83":{"start":{"line":84,"column":0},"end":{"line":84,"column":5}},"85":{"start":{"line":86,"column":0},"end":{"line":86,"column":22}},"86":{"start":{"line":87,"column":0},"end":{"line":87,"column":51}},"87":{"start":{"line":88,"column":0},"end":{"line":88,"column":5}},"89":{"start":{"line":90,"column":0},"end":{"line":90,"column":31}},"90":{"start":{"line":91,"column":0},"end":{"line":91,"column":49}},"91":{"start":{"line":92,"column":0},"end":{"line":92,"column":5}},"92":{"start":{"line":93,"column":0},"end":{"line":93,"column":1}}},"s":{"2":1,"3":1,"57":1,"58":199,"59":199,"61":199,"63":199,"64":199,"65":199,"67":199,"68":199,"70":199,"71":23,"72":29,"73":29,"74":29,"76":23,"77":17,"78":6,"79":23,"81":199,"82":9,"83":9,"85":199,"86":0,"87":0,"89":199,"90":127,"91":127,"92":199},"branchMap":{"0":{"type":"branch","line":58,"loc":{"start":{"line":58,"column":7},"end":{"line":93,"column":1}},"locations":[{"start":{"line":58,"column":7},"end":{"line":93,"column":1}}]},"1":{"type":"branch","line":64,"loc":{"start":{"line":64,"column":4},"end":{"line":69,"column":5}},"locations":[{"start":{"line":64,"column":4},"end":{"line":69,"column":5}}]},"2":{"type":"branch","line":71,"loc":{"start":{"line":71,"column":4},"end":{"line":80,"column":5}},"locations":[{"start":{"line":71,"column":4},"end":{"line":80,"column":5}}]},"3":{"type":"branch","line":77,"loc":{"start":{"line":77,"column":25},"end":{"line":78,"column":24}},"locations":[{"start":{"line":77,"column":25},"end":{"line":78,"column":24}}]},"4":{"type":"branch","line":78,"loc":{"start":{"line":78,"column":23},"end":{"line":79,"column":49}},"locations":[{"start":{"line":78,"column":23},"end":{"line":79,"column":49}}]},"5":{"type":"branch","line":72,"loc":{"start":{"line":72,"column":25},"end":{"line":75,"column":9}},"locations":[{"start":{"line":72,"column":25},"end":{"line":75,"column":9}}]},"6":{"type":"branch","line":82,"loc":{"start":{"line":82,"column":4},"end":{"line":84,"column":5}},"locations":[{"start":{"line":82,"column":4},"end":{"line":84,"column":5}}]},"7":{"type":"branch","line":90,"loc":{"start":{"line":90,"column":4},"end":{"line":92,"column":5}},"locations":[{"start":{"line":90,"column":4},"end":{"line":92,"column":5}}]}},"b":{"0":[199],"1":[199],"2":[23],"3":[17],"4":[6],"5":[29],"6":[9],"7":[127]},"fnMap":{"0":{"name":"<instance_members_initializer>","decl":{"start":{"line":58,"column":7},"end":{"line":93,"column":1}},"loc":{"start":{"line":58,"column":7},"end":{"line":93,"column":1}},"line":58},"1":{"name":"Cpu","decl":{"start":{"line":64,"column":4},"end":{"line":69,"column":5}},"loc":{"start":{"line":64,"column":4},"end":{"line":69,"column":5}},"line":64},"2":{"name":"getImmediateBytes","decl":{"start":{"line":71,"column":4},"end":{"line":80,"column":5}},"loc":{"start":{"line":71,"column":4},"end":{"line":80,"column":5}},"line":71},"3":{"name":"nextByte","decl":{"start":{"line":72,"column":25},"end":{"line":75,"column":9}},"loc":{"start":{"line":72,"column":25},"end":{"line":75,"column":9}},"line":72},"4":{"name":"getImmediate8","decl":{"start":{"line":82,"column":4},"end":{"line":84,"column":5}},"loc":{"start":{"line":82,"column":4},"end":{"line":84,"column":5}},"line":82},"5":{"name":"getImmediate16","decl":{"start":{"line":86,"column":4},"end":{"line":88,"column":5}},"loc":{"start":{"line":86,"column":4},"end":{"line":88,"column":5}},"line":86},"6":{"name":"interpret","decl":{"start":{"line":90,"column":4},"end":{"line":92,"column":5}},"loc":{"start":{"line":90,"column":4},"end":{"line":92,"column":5}},"line":90}},"f":{"0":199,"1":199,"2":23,"3":29,"4":9,"5":0,"6":127}}
,"/home/runner/work/gb-emulator/gb-emulator/packages/gb-emulator/src/index.ts": {"path":"/home/runner/work/gb-emulator/gb-emulator/packages/gb-emulator/src/index.ts","all":true,"statementMap":{"0":{"start":{"line":1,"column":0},"end":{"line":1,"column":24}},"1":{"start":{"line":2,"column":0},"end":{"line":2,"column":27}}},"s":{"0":0,"1":0},"branchMap":{"0":{"type":"branch","line":1,"loc":{"start":{"line":1,"column":0},"end":{"line":2,"column":-1}},"locations":[{"start":{"line":1,"column":0},"end":{"line":2,"column":-1}}]}},"b":{"0":[0]},"fnMap":{"0":{"name":"(empty-report)","decl":{"start":{"line":1,"column":0},"end":{"line":2,"column":-1}},"loc":{"start":{"line":1,"column":0},"end":{"line":2,"column":-1}},"line":1}},"f":{"0":0}}
,"/home/runner/work/gb-emulator/gb-emulator/packages/gb-emulator/src/memory.ts": {"path":"/home/runner/work/gb-emulator/gb-emulator/packages/gb-emulator/src/memory.ts","all":false,"statementMap":{"0":{"start":{"line":1,"column":0},"end":{"line":1,"column":21}},"1":{"start":{"line":2,"column":0},"end":{"line":2,"column":57}},"3":{"start":{"line":4,"column":0},"end":{"line":4,"column":21}},"4":{"start":{"line":5,"column":0},"end":{"line":5,"column":31}},"5":{"start":{"line":6,"column":0},"end":{"line":6,"column":5}},"6":{"start":{"line":7,"column":0},"end":{"line":7,"column":1}}},"s":{"0":1,"1":224,"3":224,"4":127,"5":127,"6":224},"branchMap":{"0":{"type":"branch","line":1,"loc":{"start":{"line":1,"column":7},"end":{"line":7,"column":1}},"locations":[{"start":{"line":1,"column":7},"end":{"line":7,"column":1}}]},"1":{"type":"branch","line":4,"loc":{"start":{"line":4,"column":4},"end":{"line":6,"column":5}},"locations":[{"start":{"line":4,"column":4},"end":{"line":6,"column":5}}]}},"b":{"0":[224],"1":[127]},"fnMap":{"0":{"name":"<instance_members_initializer>","decl":{"start":{"line":1,"column":7},"end":{"line":7,"column":1}},"loc":{"start":{"line":1,"column":7},"end":{"line":7,"column":1}},"line":1},"1":{"name":"get addresses","decl":{"start":{"line":4,"column":4},"end":{"line":6,"column":5}},"loc":{"start":{"line":4,"column":4},"end":{"line":6,"column":5}},"line":4}},"f":{"0":224,"1":127}}
,"/home/runner/work/gb-emulator/gb-emulator/packages/gb-emulator/src/registers.ts": {"path":"/home/runner/work/gb-emulator/gb-emulator/packages/gb-emulator/src/registers.ts","all":false,"statementMap":{"0":{"start":{"line":1,"column":0},"end":{"line":1,"column":8}},"21":{"start":{"line":22,"column":0},"end":{"line":22,"column":60}},"22":{"start":{"line":23,"column":0},"end":{"line":23,"column":32}},"23":{"start":{"line":24,"column":0},"end":{"line":24,"column":36}},"25":{"start":{"line":26,"column":0},"end":{"line":26,"column":41}},"26":{"start":{"line":27,"column":0},"end":{"line":27,"column":25}},"27":{"start":{"line":28,"column":0},"end":{"line":28,"column":5}},"29":{"start":{"line":30,"column":0},"end":{"line":30,"column":16}},"30":{"start":{"line":31,"column":0},"end":{"line":31,"column":25}},"31":{"start":{"line":32,"column":0},"end":{"line":32,"column":5}},"33":{"start":{"line":34,"column":0},"end":{"line":34,"column":17}},"34":{"start":{"line":35,"column":0},"end":{"line":35,"column":39}},"35":{"start":{"line":36,"column":0},"end":{"line":36,"column":5}},"37":{"start":{"line":38,"column":0},"end":{"line":38,"column":25}},"38":{"start":{"line":39,"column":0},"end":{"line":39,"column":43}},"39":{"start":{"line":40,"column":0},"end":{"line":40,"column":5}},"40":{"start":{"line":41,"column":0},"end":{"line":41,"column":1}},"42":{"start":{"line":43,"column":0},"end":{"line":43,"column":49}},"43":{"start":{"line":44,"column":0},"end":{"line":44,"column":19}},"44":{"start":{"line":45,"column":0},"end":{"line":45,"column":20}},"45":{"start":{"line":46,"column":0},"end":{"line":46,"column":5}},"46":{"start":{"line":47,"column":0},"end":{"line":47,"column":1}},"48":{"start":{"line":49,"column":0},"end":{"line":49,"column":50}},"49":{"start":{"line":50,"column":0},"end":{"line":50,"column":19}},"50":{"start":{"line":51,"column":0},"end":{"line":51,"column":22}},"51":{"start":{"line":52,"column":0},"end":{"line":52,"column":5}},"53":{"start":{"line":54,"column":0},"end":{"line":54,"column":36}},"55":{"start":{"line":56,"column":0},"end":{"line":56,"column":5}},"56":{"start":{"line":57,"column":0},"end":{"line":57,"column":1}},"58":{"start":{"line":59,"column":0},"end":{"line":59,"column":37}},"59":{"start":{"line":60,"column":0},"end":{"line":60,"column":43}},"61":{"start":{"line":62,"column":0},"end":{"line":62,"column":39}},"62":{"start":{"line":63,"column":0},"end":{"line":63,"column":16}},"63":{"start":{"line":64,"column":0},"end":{"line":64,"column":20}},"64":{"start":{"line":65,"column":0},"end":{"line":65,"column":5}},"66":{"start":{"line":67,"column":0},"end":{"line":67,"column":17}},"67":{"start":{"line":68,"column":0},"end":{"line":68,"column":28}},"68":{"start":{"line":69,"column":0},"end":{"line":69,"column":5}},"70":{"start":{"line":71,"column":0},"end":{"line":71,"column":33}},"71":{"start":{"line":72,"column":0},"end":{"line":72,"column":32}},"72":{"start":{"line":73,"column":0},"end":{"line":73,"column":5}},"74":{"start":{"line":75,"column":0},"end":{"line":75,"column":36}},"75":{"start":{"line":76,"column":0},"end":{"line":76,"column":23}},"76":{"start":{"line":77,"column":0},"end":{"line":77,"column":5}},"77":{"start":{"line":78,"column":0},"end":{"line":78,"column":1}},"79":{"start":{"line":80,"column":0},"end":{"line":80,"column":37}},"80":{"start":{"line":81,"column":0},"end":{"line":81,"column":43}},"82":{"start":{"line":83,"column":0},"end":{"line":83,"column":39}},"83":{"start":{"line":84,"column":0},"end":{"line":84,"column":16}},"84":{"start":{"line":85,"column":0},"end":{"line":85,"column":20}},"85":{"start":{"line":86,"column":0},"end":{"line":86,"column":5}},"87":{"start":{"line":88,"column":0},"end":{"line":88,"column":17}},"88":{"start":{"line":89,"column":0},"end":{"line":89,"column":28}},"89":{"start":{"line":90,"column":0},"end":{"line":90,"column":5}},"91":{"start":{"line":92,"column":0},"end":{"line":92,"column":33}},"92":{"start":{"line":93,"column":0},"end":{"line":93,"column":32}},"93":{"start":{"line":94,"column":0},"end":{"line":94,"column":5}},"95":{"start":{"line":96,"column":0},"end":{"line":96,"column":36}},"96":{"start":{"line":97,"column":0},"end":{"line":97,"column":23}},"97":{"start":{"line":98,"column":0},"end":{"line":98,"column":5}},"98":{"start":{"line":99,"column":0},"end":{"line":99,"column":1}},"100":{"start":{"line":101,"column":0},"end":{"line":101,"column":38}},"101":{"start":{"line":102,"column":0},"end":{"line":102,"column":19}},"102":{"start":{"line":103,"column":0},"end":{"line":103,"column":16}},"103":{"start":{"line":104,"column":0},"end":{"line":104,"column":5}},"108":{"start":{"line":109,"column":0},"end":{"line":109,"column":20}},"109":{"start":{"line":110,"column":0},"end":{"line":110,"column":37}},"110":{"start":{"line":111,"column":0},"end":{"line":111,"column":5}},"115":{"start":{"line":116,"column":0},"end":{"line":116,"column":25}},"116":{"start":{"line":117,"column":0},"end":{"line":117,"column":37}},"117":{"start":{"line":118,"column":0},"end":{"line":118,"column":5}},"122":{"start":{"line":123,"column":0},"end":{"line":123,"column":27}},"123":{"start":{"line":124,"column":0},"end":{"line":124,"column":37}},"124":{"start":{"line":125,"column":0},"end":{"line":125,"column":5}},"129":{"start":{"line":130,"column":0},"end":{"line":130,"column":21}},"130":{"start":{"line":131,"column":0},"end":{"line":131,"column":37}},"131":{"start":{"line":132,"column":0},"end":{"line":132,"column":5}},"137":{"start":{"line":138,"column":0},"end":{"line":138,"column":33}},"138":{"start":{"line":139,"column":0},"end":{"line":139,"column":49}},"139":{"start":{"line":140,"column":0},"end":{"line":140,"column":5}},"145":{"start":{"line":146,"column":0},"end":{"line":146,"column":38}},"146":{"start":{"line":147,"column":0},"end":{"line":147,"column":49}},"147":{"start":{"line":148,"column":0},"end":{"line":148,"column":5}},"153":{"start":{"line":154,"column":0},"end":{"line":154,"column":40}},"154":{"start":{"line":155,"column":0},"end":{"line":155,"column":49}},"155":{"start":{"line":156,"column":0},"end":{"line":156,"column":5}},"161":{"start":{"line":162,"column":0},"end":{"line":162,"column":34}},"162":{"start":{"line":163,"column":0},"end":{"line":163,"column":49}},"163":{"start":{"line":164,"column":0},"end":{"line":164,"column":5}},"164":{"start":{"line":165,"column":0},"end":{"line":165,"column":1}},"166":{"start":{"line":167,"column":0},"end":{"line":167,"column":50}},"167":{"start":{"line":168,"column":0},"end":{"line":168,"column":35}},"168":{"start":{"line":169,"column":0},"end":{"line":169,"column":34}},"170":{"start":{"line":171,"column":0},"end":{"line":171,"column":50}},"171":{"start":{"line":172,"column":0},"end":{"line":172,"column":15}},"172":{"start":{"line":173,"column":0},"end":{"line":173,"column":24}},"173":{"start":{"line":174,"column":0},"end":{"line":174,"column":22}},"174":{"start":{"line":175,"column":0},"end":{"line":175,"column":5}},"176":{"start":{"line":177,"column":0},"end":{"line":177,"column":17}},"177":{"start":{"line":178,"column":0},"end":{"line":178,"column":72}},"178":{"start":{"line":179,"column":0},"end":{"line":179,"column":5}},"180":{"start":{"line":181,"column":0},"end":{"line":181,"column":33}},"181":{"start":{"line":182,"column":0},"end":{"line":182,"column":55}},"182":{"start":{"line":183,"column":0},"end":{"line":183,"column":53}},"183":{"start":{"line":184,"column":0},"end":{"line":184,"column":5}},"184":{"start":{"line":185,"column":0},"end":{"line":185,"column":1}},"186":{"start":{"line":187,"column":0},"end":{"line":187,"column":47}},"187":{"start":{"line":188,"column":0},"end":{"line":188,"column":49}},"188":{"start":{"line":189,"column":0},"end":{"line":189,"column":38}},"190":{"start":{"line":191,"column":0},"end":{"line":191,"column":61}},"191":{"start":{"line":192,"column":0},"end":{"line":192,"column":28}},"192":{"start":{"line":193,"column":0},"end":{"line":193,"column":32}},"193":{"start":{"line":194,"column":0},"end":{"line":194,"column":28}},"194":{"start":{"line":195,"column":0},"end":{"line":195,"column":5}},"196":{"start":{"line":197,"column":0},"end":{"line":197,"column":17}},"197":{"start":{"line":198,"column":0},"end":{"line":198,"column":57}},"198":{"start":{"line":199,"column":0},"end":{"line":199,"column":5}},"200":{"start":{"line":201,"column":0},"end":{"line":201,"column":33}},"201":{"start":{"line":202,"column":0},"end":{"line":202,"column":61}},"202":{"start":{"line":203,"column":0},"end":{"line":203,"column":5}},"203":{"start":{"line":204,"column":0},"end":{"line":204,"column":1}},"208":{"start":{"line":209,"column":0},"end":{"line":209,"column":24}},"209":{"start":{"line":210,"column":0},"end":{"line":210,"column":51}},"210":{"start":{"line":211,"column":0},"end":{"line":211,"column":51}},"211":{"start":{"line":212,"column":0},"end":{"line":212,"column":51}},"212":{"start":{"line":213,"column":0},"end":{"line":213,"column":51}},"213":{"start":{"line":214,"column":0},"end":{"line":214,"column":51}},"214":{"start":{"line":215,"column":0},"end":{"line":215,"column":51}},"215":{"start":{"line":216,"column":0},"end":{"line":216,"column":51}},"216":{"start":{"line":217,"column":0},"end":{"line":217,"column":43}},"218":{"start":{"line":219,"column":0},"end":{"line":219,"column":61}},"219":{"start":{"line":220,"column":0},"end":{"line":220,"column":61}},"220":{"start":{"line":221,"column":0},"end":{"line":221,"column":61}},"221":{"start":{"line":222,"column":0},"end":{"line":222,"column":61}},"223":{"start":{"line":224,"column":0},"end":{"line":224,"column":54}},"224":{"start":{"line":225,"column":0},"end":{"line":225,"column":54}},"226":{"start":{"line":227,"column":0},"end":{"line":227,"column":48}},"227":{"start":{"line":228,"column":0},"end":{"line":228,"column":48}},"229":{"start":{"line":230,"column":0},"end":{"line":230,"column":35}},"231":{"start":{"line":232,"column":0},"end":{"line":232,"column":49}},"233":{"start":{"line":234,"column":0},"end":{"line":234,"column":56}},"234":{"start":{"line":235,"column":0},"end":{"line":235,"column":22}},"235":{"start":{"line":236,"column":0},"end":{"line":236,"column":22}},"236":{"start":{"line":237,"column":0},"end":{"line":237,"column":22}},"237":{"start":{"line":238,"column":0},"end":{"line":238,"column":21}},"238":{"start":{"line":239,"column":0},"end":{"line":239,"column":5}},"240":{"start":{"line":241,"column":0},"end":{"line":241,"column":59}},"241":{"start":{"line":242,"column":0},"end":{"line":242,"column":22}},"242":{"start":{"line":243,"column":0},"end":{"line":243,"column":22}},"243":{"start":{"line":244,"column":0},"end":{"line":244,"column":23}},"244":{"start":{"line":245,"column":0},"end":{"line":245,"column":23}},"245":{"start":{"line":246,"column":0},"end":{"line":246,"column":5}},"247":{"start":{"line":248,"column":0},"end":{"line":248,"column":33}},"248":{"start":{"line":249,"column":0},"end":{"line":249,"column":51}},"249":{"start":{"line":250,"column":0},"end":{"line":250,"column":19}},"250":{"start":{"line":251,"column":0},"end":{"line":251,"column":26}},"251":{"start":{"line":252,"column":0},"end":{"line":252,"column":26}},"252":{"start":{"line":253,"column":0},"end":{"line":253,"column":26}},"253":{"start":{"line":254,"column":0},"end":{"line":254,"column":26}},"254":{"start":{"line":255,"column":0},"end":{"line":255,"column":26}},"255":{"start":{"line":256,"column":0},"end":{"line":256,"column":26}},"256":{"start":{"line":257,"column":0},"end":{"line":257,"column":32}},"257":{"start":{"line":258,"column":0},"end":{"line":258,"column":25}},"258":{"start":{"line":259,"column":0},"end":{"line":259,"column":9}},"259":{"start":{"line":260,"column":0},"end":{"line":260,"column":5}},"260":{"start":{"line":261,"column":0},"end":{"line":261,"column":1}}},"s":{"0":1,"21":1,"22":3791,"23":3791,"25":3791,"26":3791,"27":3791,"29":3791,"30":223,"31":223,"33":3791,"34":612,"35":612,"37":3791,"38":437,"39":437,"40":3791,"42":1,"43":1,"44":1784,"45":1784,"46":1,"48":1,"49":1,"50":1784,"51":1784,"53":1,"55":4,"56":1,"58":1,"59":223,"61":223,"62":223,"63":223,"64":223,"66":223,"67":4,"68":4,"70":223,"71":2,"72":2,"74":223,"75":2,"76":2,"77":223,"79":1,"80":223,"82":223,"83":223,"84":223,"85":223,"87":223,"88":4,"89":4,"91":223,"92":2,"93":2,"95":223,"96":2,"97":2,"98":223,"100":1,"101":1,"102":223,"103":223,"108":1,"109":14,"110":14,"115":1,"116":18,"117":18,"122":1,"123":18,"124":18,"129":1,"130":27,"131":27,"137":1,"138":18,"139":18,"145":1,"146":20,"147":20,"153":1,"154":12,"155":12,"161":1,"162":32,"163":32,"164":1,"166":1,"167":892,"168":892,"170":892,"171":892,"172":892,"173":892,"174":892,"176":892,"177":78,"178":78,"180":892,"181":49,"182":49,"183":49,"184":892,"186":1,"187":223,"188":223,"190":223,"191":223,"192":223,"193":223,"194":223,"196":223,"197":7,"198":7,"200":223,"201":7,"202":7,"203":223,"208":1,"209":223,"210":223,"211":223,"212":223,"213":223,"214":223,"215":223,"216":223,"218":223,"219":223,"220":223,"221":223,"223":223,"224":223,"226":223,"227":223,"229":223,"231":223,"233":223,"234":223,"235":223,"236":223,"237":223,"238":223,"240":223,"241":223,"242":223,"243":223,"244":223,"245":223,"247":223,"248":223,"249":223,"250":223,"251":223,"252":223,"253":223,"254":223,"255":223,"256":223,"257":223,"258":223,"259":223,"260":223},"branchMap":{"0":{"type":"branch","line":22,"loc":{"start":{"line":22,"column":7},"end":{"line":41,"column":1}},"locations":[{"start":{"line":22,"column":7},"end":{"line":41,"column":1}}]},"1":{"type":"branch","line":26,"loc":{"start":{"line":26,"column":14},"end":{"line":28,"column":5}},"locations":[{"start":{"line":26,"column":14},"end":{"line":28,"column":5}}]},"2":{"type":"branch","line":30,"loc":{"start":{"line":30,"column":4},"end":{"line":32,"column":5}},"locations":[{"start":{"line":30,"column":4},"end":{"line":32,"column":5}}]},"3":{"type":"branch","line":34,"loc":{"start":{"line":34,"column":4},"end":{"line":36,"column":5}},"locations":[{"start":{"line":34,"column":4},"end":{"line":36,"column":5}}]},"4":{"type":"branch","line":38,"loc":{"start":{"line":38,"column":4},"end":{"line":40,"column":5}},"locations":[{"start":{"line":38,"column":4},"end":{"line":40,"column":5}}]},"5":{"type":"branch","line":44,"loc":{"start":{"line":44,"column":4},"end":{"line":46,"column":5}},"locations":[{"start":{"line":44,"column":4},"end":{"line":46,"column":5}}]},"6":{"type":"branch","line":50,"loc":{"start":{"line":50,"column":4},"end":{"line":52,"column":5}},"locations":[{"start":{"line":50,"column":4},"end":{"line":52,"column":5}}]},"7":{"type":"branch","line":54,"loc":{"start":{"line":54,"column":4},"end":{"line":56,"column":5}},"locations":[{"start":{"line":54,"column":4},"end":{"line":56,"column":5}}]},"8":{"type":"branch","line":59,"loc":{"start":{"line":59,"column":7},"end":{"line":78,"column":1}},"locations":[{"start":{"line":59,"column":7},"end":{"line":78,"column":1}}]},"9":{"type":"branch","line":62,"loc":{"start":{"line":62,"column":4},"end":{"line":65,"column":5}},"locations":[{"start":{"line":62,"column":4},"end":{"line":65,"column":5}}]},"10":{"type":"branch","line":67,"loc":{"start":{"line":67,"column":4},"end":{"line":69,"column":5}},"locations":[{"start":{"line":67,"column":4},"end":{"line":69,"column":5}}]},"11":{"type":"branch","line":71,"loc":{"start":{"line":71,"column":4},"end":{"line":73,"column":5}},"locations":[{"start":{"line":71,"column":4},"end":{"line":73,"column":5}}]},"12":{"type":"branch","line":75,"loc":{"start":{"line":75,"column":4},"end":{"line":77,"column":5}},"locations":[{"start":{"line":75,"column":4},"end":{"line":77,"column":5}}]},"13":{"type":"branch","line":80,"loc":{"start":{"line":80,"column":7},"end":{"line":99,"column":1}},"locations":[{"start":{"line":80,"column":7},"end":{"line":99,"column":1}}]},"14":{"type":"branch","line":83,"loc":{"start":{"line":83,"column":4},"end":{"line":86,"column":5}},"locations":[{"start":{"line":83,"column":4},"end":{"line":86,"column":5}}]},"15":{"type":"branch","line":88,"loc":{"start":{"line":88,"column":4},"end":{"line":90,"column":5}},"locations":[{"start":{"line":88,"column":4},"end":{"line":90,"column":5}}]},"16":{"type":"branch","line":92,"loc":{"start":{"line":92,"column":4},"end":{"line":94,"column":5}},"locations":[{"start":{"line":92,"column":4},"end":{"line":94,"column":5}}]},"17":{"type":"branch","line":96,"loc":{"start":{"line":96,"column":4},"end":{"line":98,"column":5}},"locations":[{"start":{"line":96,"column":4},"end":{"line":98,"column":5}}]},"18":{"type":"branch","line":102,"loc":{"start":{"line":102,"column":4},"end":{"line":104,"column":5}},"locations":[{"start":{"line":102,"column":4},"end":{"line":104,"column":5}}]},"19":{"type":"branch","line":109,"loc":{"start":{"line":109,"column":4},"end":{"line":111,"column":5}},"locations":[{"start":{"line":109,"column":4},"end":{"line":111,"column":5}}]},"20":{"type":"branch","line":116,"loc":{"start":{"line":116,"column":4},"end":{"line":118,"column":5}},"locations":[{"start":{"line":116,"column":4},"end":{"line":118,"column":5}}]},"21":{"type":"branch","line":123,"loc":{"start":{"line":123,"column":4},"end":{"line":125,"column":5}},"locations":[{"start":{"line":123,"column":4},"end":{"line":125,"column":5}}]},"22":{"type":"branch","line":130,"loc":{"start":{"line":130,"column":4},"end":{"line":132,"column":5}},"locations":[{"start":{"line":130,"column":4},"end":{"line":132,"column":5}}]},"23":{"type":"branch","line":138,"loc":{"start":{"line":138,"column":4},"end":{"line":140,"column":5}},"locations":[{"start":{"line":138,"column":4},"end":{"line":140,"column":5}}]},"24":{"type":"branch","line":146,"loc":{"start":{"line":146,"column":4},"end":{"line":148,"column":5}},"locations":[{"start":{"line":146,"column":4},"end":{"line":148,"column":5}}]},"25":{"type":"branch","line":154,"loc":{"start":{"line":154,"column":4},"end":{"line":156,"column":5}},"locations":[{"start":{"line":154,"column":4},"end":{"line":156,"column":5}}]},"26":{"type":"branch","line":162,"loc":{"start":{"line":162,"column":4},"end":{"line":164,"column":5}},"locations":[{"start":{"line":162,"column":4},"end":{"line":164,"column":5}}]},"27":{"type":"branch","line":167,"loc":{"start":{"line":167,"column":7},"end":{"line":185,"column":1}},"locations":[{"start":{"line":167,"column":7},"end":{"line":185,"column":1}}]},"28":{"type":"branch","line":171,"loc":{"start":{"line":171,"column":4},"end":{"line":175,"column":5}},"locations":[{"start":{"line":171,"column":4},"end":{"line":175,"column":5}}]},"29":{"type":"branch","line":177,"loc":{"start":{"line":177,"column":4},"end":{"line":179,"column":5}},"locations":[{"start":{"line":177,"column":4},"end":{"line":179,"column":5}}]},"30":{"type":"branch","line":181,"loc":{"start":{"line":181,"column":4},"end":{"line":184,"column":5}},"locations":[{"start":{"line":181,"column":4},"end":{"line":184,"column":5}}]},"31":{"type":"branch","line":187,"loc":{"start":{"line":187,"column":7},"end":{"line":204,"column":1}},"locations":[{"start":{"line":187,"column":7},"end":{"line":204,"column":1}}]},"32":{"type":"branch","line":191,"loc":{"start":{"line":191,"column":4},"end":{"line":195,"column":5}},"locations":[{"start":{"line":191,"column":4},"end":{"line":195,"column":5}}]},"33":{"type":"branch","line":197,"loc":{"start":{"line":197,"column":4},"end":{"line":199,"column":5}},"locations":[{"start":{"line":197,"column":4},"end":{"line":199,"column":5}}]},"34":{"type":"branch","line":201,"loc":{"start":{"line":201,"column":4},"end":{"line":203,"column":5}},"locations":[{"start":{"line":201,"column":4},"end":{"line":203,"column":5}}]},"35":{"type":"branch","line":209,"loc":{"start":{"line":209,"column":7},"end":{"line":261,"column":1}},"locations":[{"start":{"line":209,"column":7},"end":{"line":261,"column":1}}]},"36":{"type":"branch","line":248,"loc":{"start":{"line":248,"column":4},"end":{"line":260,"column":5}},"locations":[{"start":{"line":248,"column":4},"end":{"line":260,"column":5}}]}},"b":{"0":[3791],"1":[3791],"2":[223],"3":[612],"4":[437],"5":[1784],"6":[1784],"7":[4],"8":[223],"9":[223],"10":[4],"11":[2],"12":[2],"13":[223],"14":[223],"15":[4],"16":[2],"17":[2],"18":[223],"19":[14],"20":[18],"21":[18],"22":[27],"23":[18],"24":[20],"25":[12],"26":[32],"27":[892],"28":[892],"29":[78],"30":[49],"31":[223],"32":[223],"33":[7],"34":[7],"35":[223],"36":[223]},"fnMap":{"0":{"name":"<instance_members_initializer>","decl":{"start":{"line":22,"column":7},"end":{"line":41,"column":1}},"loc":{"start":{"line":22,"column":7},"end":{"line":41,"column":1}},"line":22},"1":{"name":"AbstractRegister","decl":{"start":{"line":26,"column":14},"end":{"line":28,"column":5}},"loc":{"start":{"line":26,"column":14},"end":{"line":28,"column":5}},"line":26},"2":{"name":"get mask","decl":{"start":{"line":30,"column":4},"end":{"line":32,"column":5}},"loc":{"start":{"line":30,"column":4},"end":{"line":32,"column":5}},"line":30},"3":{"name":"get value","decl":{"start":{"line":34,"column":4},"end":{"line":36,"column":5}},"loc":{"start":{"line":34,"column":4},"end":{"line":36,"column":5}},"line":34},"4":{"name":"set value","decl":{"start":{"line":38,"column":4},"end":{"line":40,"column":5}},"loc":{"start":{"line":38,"column":4},"end":{"line":40,"column":5}},"line":38},"5":{"name":"Register8","decl":{"start":{"line":44,"column":4},"end":{"line":46,"column":5}},"loc":{"start":{"line":44,"column":4},"end":{"line":46,"column":5}},"line":44},"6":{"name":"Register16","decl":{"start":{"line":50,"column":4},"end":{"line":52,"column":5}},"loc":{"start":{"line":50,"column":4},"end":{"line":52,"column":5}},"line":50},"7":{"name":"incrementOrDecrementIfNeeded","decl":{"start":{"line":54,"column":4},"end":{"line":56,"column":5}},"loc":{"start":{"line":54,"column":4},"end":{"line":56,"column":5}},"line":54},"8":{"name":"<instance_members_initializer>","decl":{"start":{"line":59,"column":7},"end":{"line":78,"column":1}},"loc":{"start":{"line":59,"column":7},"end":{"line":78,"column":1}},"line":59},"9":{"name":"HLI","decl":{"start":{"line":62,"column":4},"end":{"line":65,"column":5}},"loc":{"start":{"line":62,"column":4},"end":{"line":65,"column":5}},"line":62},"10":{"name":"get value","decl":{"start":{"line":67,"column":4},"end":{"line":69,"column":5}},"loc":{"start":{"line":67,"column":4},"end":{"line":69,"column":5}},"line":67},"11":{"name":"set value","decl":{"start":{"line":71,"column":4},"end":{"line":73,"column":5}},"loc":{"start":{"line":71,"column":4},"end":{"line":73,"column":5}},"line":71},"12":{"name":"incrementOrDecrementIfNeeded","decl":{"start":{"line":75,"column":4},"end":{"line":77,"column":5}},"loc":{"start":{"line":75,"column":4},"end":{"line":77,"column":5}},"line":75},"13":{"name":"<instance_members_initializer>","decl":{"start":{"line":80,"column":7},"end":{"line":99,"column":1}},"loc":{"start":{"line":80,"column":7},"end":{"line":99,"column":1}},"line":80},"14":{"name":"HLD","decl":{"start":{"line":83,"column":4},"end":{"line":86,"column":5}},"loc":{"start":{"line":83,"column":4},"end":{"line":86,"column":5}},"line":83},"15":{"name":"get value","decl":{"start":{"line":88,"column":4},"end":{"line":90,"column":5}},"loc":{"start":{"line":88,"column":4},"end":{"line":90,"column":5}},"line":88},"16":{"name":"set value","decl":{"start":{"line":92,"column":4},"end":{"line":94,"column":5}},"loc":{"start":{"line":92,"column":4},"end":{"line":94,"column":5}},"line":92},"17":{"name":"incrementOrDecrementIfNeeded","decl":{"start":{"line":96,"column":4},"end":{"line":98,"column":5}},"loc":{"start":{"line":96,"column":4},"end":{"line":98,"column":5}},"line":96},"18":{"name":"Flags","decl":{"start":{"line":102,"column":4},"end":{"line":104,"column":5}},"loc":{"start":{"line":102,"column":4},"end":{"line":104,"column":5}},"line":102},"19":{"name":"get zeroFlag","decl":{"start":{"line":109,"column":4},"end":{"line":111,"column":5}},"loc":{"start":{"line":109,"column":4},"end":{"line":111,"column":5}},"line":109},"20":{"name":"get halfCarryFlag","decl":{"start":{"line":116,"column":4},"end":{"line":118,"column":5}},"loc":{"start":{"line":116,"column":4},"end":{"line":118,"column":5}},"line":116},"21":{"name":"get subtractionFlag","decl":{"start":{"line":123,"column":4},"end":{"line":125,"column":5}},"loc":{"start":{"line":123,"column":4},"end":{"line":125,"column":5}},"line":123},"22":{"name":"get carryFlag","decl":{"start":{"line":130,"column":4},"end":{"line":132,"column":5}},"loc":{"start":{"line":130,"column":4},"end":{"line":132,"column":5}},"line":130},"23":{"name":"set zeroFlag","decl":{"start":{"line":138,"column":4},"end":{"line":140,"column":5}},"loc":{"start":{"line":138,"column":4},"end":{"line":140,"column":5}},"line":138},"24":{"name":"set halfCarryFlag","decl":{"start":{"line":146,"column":4},"end":{"line":148,"column":5}},"loc":{"start":{"line":146,"column":4},"end":{"line":148,"column":5}},"line":146},"25":{"name":"set subtractionFlag","decl":{"start":{"line":154,"column":4},"end":{"line":156,"column":5}},"loc":{"start":{"line":154,"column":4},"end":{"line":156,"column":5}},"line":154},"26":{"name":"set carryFlag","decl":{"start":{"line":162,"column":4},"end":{"line":164,"column":5}},"loc":{"start":{"line":162,"column":4},"end":{"line":164,"column":5}},"line":162},"27":{"name":"<instance_members_initializer>","decl":{"start":{"line":167,"column":7},"end":{"line":185,"column":1}},"loc":{"start":{"line":167,"column":7},"end":{"line":185,"column":1}},"line":167},"28":{"name":"ComposedRegister","decl":{"start":{"line":171,"column":4},"end":{"line":175,"column":5}},"loc":{"start":{"line":171,"column":4},"end":{"line":175,"column":5}},"line":171},"29":{"name":"get value","decl":{"start":{"line":177,"column":4},"end":{"line":179,"column":5}},"loc":{"start":{"line":177,"column":4},"end":{"line":179,"column":5}},"line":177},"30":{"name":"set value","decl":{"start":{"line":181,"column":4},"end":{"line":184,"column":5}},"loc":{"start":{"line":181,"column":4},"end":{"line":184,"column":5}},"line":181},"31":{"name":"<instance_members_initializer>","decl":{"start":{"line":187,"column":7},"end":{"line":204,"column":1}},"loc":{"start":{"line":187,"column":7},"end":{"line":204,"column":1}},"line":187},"32":{"name":"Pointer","decl":{"start":{"line":191,"column":4},"end":{"line":195,"column":5}},"loc":{"start":{"line":191,"column":4},"end":{"line":195,"column":5}},"line":191},"33":{"name":"get value","decl":{"start":{"line":197,"column":4},"end":{"line":199,"column":5}},"loc":{"start":{"line":197,"column":4},"end":{"line":199,"column":5}},"line":197},"34":{"name":"set value","decl":{"start":{"line":201,"column":4},"end":{"line":203,"column":5}},"loc":{"start":{"line":201,"column":4},"end":{"line":203,"column":5}},"line":201},"35":{"name":"<instance_members_initializer>","decl":{"start":{"line":209,"column":7},"end":{"line":261,"column":1}},"loc":{"start":{"line":209,"column":7},"end":{"line":261,"column":1}},"line":209},"36":{"name":"Registers","decl":{"start":{"line":248,"column":4},"end":{"line":260,"column":5}},"loc":{"start":{"line":248,"column":4},"end":{"line":260,"column":5}},"line":248}},"f":{"0":3791,"1":3791,"2":223,"3":612,"4":437,"5":1784,"6":1784,"7":4,"8":223,"9":223,"10":4,"11":2,"12":2,"13":223,"14":223,"15":4,"16":2,"17":2,"18":223,"19":14,"20":18,"21":18,"22":27,"23":18,"24":20,"25":12,"26":32,"27":892,"28":892,"29":78,"30":49,"31":223,"32":223,"33":7,"34":7,"35":223,"36":223}}
,"/home/runner/work/gb-emulator/gb-emulator/packages/gb-emulator/src/instructions/instruction-loader.ts": {"path":"/home/runner/work/gb-emulator/gb-emulator/packages/gb-emulator/src/instructions/instruction-loader.ts","all":false,"statementMap":{"1":{"start":{"line":2,"column":0},"end":{"line":2,"column":65}},"3":{"start":{"line":4,"column":0},"end":{"line":4,"column":63}},"4":{"start":{"line":5,"column":0},"end":{"line":5,"column":63}},"5":{"start":{"line":6,"column":0},"end":{"line":6,"column":63}},"6":{"start":{"line":7,"column":0},"end":{"line":7,"column":56}},"7":{"start":{"line":8,"column":0},"end":{"line":8,"column":56}},"8":{"start":{"line":9,"column":0},"end":{"line":9,"column":62}},"9":{"start":{"line":10,"column":0},"end":{"line":10,"column":54}},"10":{"start":{"line":11,"column":0},"end":{"line":11,"column":54}},"11":{"start":{"line":12,"column":0},"end":{"line":12,"column":61}},"12":{"start":{"line":13,"column":0},"end":{"line":13,"column":53}},"13":{"start":{"line":14,"column":0},"end":{"line":14,"column":53}},"14":{"start":{"line":15,"column":0},"end":{"line":15,"column":51}},"15":{"start":{"line":16,"column":0},"end":{"line":16,"column":51}},"16":{"start":{"line":17,"column":0},"end":{"line":17,"column":49}},"17":{"start":{"line":18,"column":0},"end":{"line":18,"column":49}},"18":{"start":{"line":19,"column":0},"end":{"line":19,"column":49}},"19":{"start":{"line":20,"column":0},"end":{"line":20,"column":49}},"20":{"start":{"line":21,"column":0},"end":{"line":21,"column":57}},"21":{"start":{"line":22,"column":0},"end":{"line":22,"column":67}},"22":{"start":{"line":23,"column":0},"end":{"line":23,"column":51}},"23":{"start":{"line":24,"column":0},"end":{"line":24,"column":57}},"25":{"start":{"line":26,"column":0},"end":{"line":26,"column":41}},"26":{"start":{"line":27,"column":0},"end":{"line":27,"column":74}},"27":{"start":{"line":28,"column":0},"end":{"line":28,"column":50}},"28":{"start":{"line":29,"column":0},"end":{"line":29,"column":48}},"29":{"start":{"line":30,"column":0},"end":{"line":30,"column":48}},"30":{"start":{"line":31,"column":0},"end":{"line":31,"column":48}},"31":{"start":{"line":32,"column":0},"end":{"line":32,"column":40}},"32":{"start":{"line":33,"column":0},"end":{"line":33,"column":40}},"33":{"start":{"line":34,"column":0},"end":{"line":34,"column":46}},"34":{"start":{"line":35,"column":0},"end":{"line":35,"column":38}},"35":{"start":{"line":36,"column":0},"end":{"line":36,"column":38}},"36":{"start":{"line":37,"column":0},"end":{"line":37,"column":46}},"37":{"start":{"line":38,"column":0},"end":{"line":38,"column":34}},"38":{"start":{"line":39,"column":0},"end":{"line":39,"column":34}},"39":{"start":{"line":40,"column":0},"end":{"line":40,"column":32}},"40":{"start":{"line":41,"column":0},"end":{"line":41,"column":32}},"41":{"start":{"line":42,"column":0},"end":{"line":42,"column":32}},"42":{"start":{"line":43,"column":0},"end":{"line":43,"column":32}},"43":{"start":{"line":44,"column":0},"end":{"line":44,"column":32}},"44":{"start":{"line":45,"column":0},"end":{"line":45,"column":32}},"45":{"start":{"line":46,"column":0},"end":{"line":46,"column":40}},"46":{"start":{"line":47,"column":0},"end":{"line":47,"column":50}},"47":{"start":{"line":48,"column":0},"end":{"line":48,"column":34}},"48":{"start":{"line":49,"column":0},"end":{"line":49,"column":42}},"50":{"start":{"line":51,"column":0},"end":{"line":51,"column":16}},"51":{"start":{"line":52,"column":0},"end":{"line":52,"column":37}},"52":{"start":{"line":53,"column":0},"end":{"line":53,"column":37}},"53":{"start":{"line":54,"column":0},"end":{"line":54,"column":37}},"54":{"start":{"line":55,"column":0},"end":{"line":55,"column":37}},"56":{"start":{"line":57,"column":0},"end":{"line":57,"column":36}},"57":{"start":{"line":58,"column":0},"end":{"line":58,"column":36}},"58":{"start":{"line":59,"column":0},"end":{"line":59,"column":36}},"59":{"start":{"line":60,"column":0},"end":{"line":60,"column":36}},"61":{"start":{"line":62,"column":0},"end":{"line":62,"column":36}},"62":{"start":{"line":63,"column":0},"end":{"line":63,"column":36}},"63":{"start":{"line":64,"column":0},"end":{"line":64,"column":36}},"64":{"start":{"line":65,"column":0},"end":{"line":65,"column":36}},"66":{"start":{"line":67,"column":0},"end":{"line":67,"column":36}},"68":{"start":{"line":69,"column":0},"end":{"line":69,"column":32}},"69":{"start":{"line":70,"column":0},"end":{"line":70,"column":32}},"70":{"start":{"line":71,"column":0},"end":{"line":71,"column":32}},"71":{"start":{"line":72,"column":0},"end":{"line":72,"column":32}},"73":{"start":{"line":74,"column":0},"end":{"line":74,"column":32}},"74":{"start":{"line":75,"column":0},"end":{"line":75,"column":32}},"75":{"start":{"line":76,"column":0},"end":{"line":76,"column":32}},"76":{"start":{"line":77,"column":0},"end":{"line":77,"column":32}},"78":{"start":{"line":79,"column":0},"end":{"line":79,"column":35}},"79":{"start":{"line":80,"column":0},"end":{"line":80,"column":35}},"80":{"start":{"line":81,"column":0},"end":{"line":81,"column":35}},"81":{"start":{"line":82,"column":0},"end":{"line":82,"column":35}},"83":{"start":{"line":84,"column":0},"end":{"line":84,"column":31}},"84":{"start":{"line":85,"column":0},"end":{"line":85,"column":31}},"85":{"start":{"line":86,"column":0},"end":{"line":86,"column":31}},"86":{"start":{"line":87,"column":0},"end":{"line":87,"column":31}},"87":{"start":{"line":88,"column":0},"end":{"line":88,"column":31}},"88":{"start":{"line":89,"column":0},"end":{"line":89,"column":31}},"89":{"start":{"line":90,"column":0},"end":{"line":90,"column":31}},"90":{"start":{"line":91,"column":0},"end":{"line":91,"column":31}},"92":{"start":{"line":93,"column":0},"end":{"line":93,"column":31}},"93":{"start":{"line":94,"column":0},"end":{"line":94,"column":31}},"94":{"start":{"line":95,"column":0},"end":{"line":95,"column":31}},"95":{"start":{"line":96,"column":0},"end":{"line":96,"column":31}},"96":{"start":{"line":97,"column":0},"end":{"line":97,"column":31}},"97":{"start":{"line":98,"column":0},"end":{"line":98,"column":31}},"98":{"start":{"line":99,"column":0},"end":{"line":99,"column":31}},"99":{"start":{"line":100,"column":0},"end":{"line":100,"column":31}},"101":{"start":{"line":102,"column":0},"end":{"line":102,"column":37}},"102":{"start":{"line":103,"column":0},"end":{"line":103,"column":37}},"103":{"start":{"line":104,"column":0},"end":{"line":104,"column":37}},"104":{"start":{"line":105,"column":0},"end":{"line":105,"column":37}},"105":{"start":{"line":106,"column":0},"end":{"line":106,"column":37}},"106":{"start":{"line":107,"column":0},"end":{"line":107,"column":37}},"107":{"start":{"line":108,"column":0},"end":{"line":108,"column":37}},"108":{"start":{"line":109,"column":0},"end":{"line":109,"column":37}},"110":{"start":{"line":111,"column":0},"end":{"line":111,"column":29}},"111":{"start":{"line":112,"column":0},"end":{"line":112,"column":29}},"112":{"start":{"line":113,"column":0},"end":{"line":113,"column":28}},"113":{"start":{"line":114,"column":0},"end":{"line":114,"column":28}},"114":{"start":{"line":115,"column":0},"end":{"line":115,"column":28}},"115":{"start":{"line":116,"column":0},"end":{"line":116,"column":28}},"116":{"start":{"line":117,"column":0},"end":{"line":117,"column":28}},"117":{"start":{"line":118,"column":0},"end":{"line":118,"column":28}},"119":{"start":{"line":120,"column":0},"end":{"line":120,"column":32}},"120":{"start":{"line":121,"column":0},"end":{"line":121,"column":37}},"121":{"start":{"line":122,"column":0},"end":{"line":122,"column":37}},"122":{"start":{"line":123,"column":0},"end":{"line":123,"column":37}},"123":{"start":{"line":124,"column":0},"end":{"line":124,"column":37}},"125":{"start":{"line":126,"column":0},"end":{"line":126,"column":29}},"127":{"start":{"line":128,"column":0},"end":{"line":128,"column":107}},"128":{"start":{"line":129,"column":0},"end":{"line":129,"column":107}},"129":{"start":{"line":130,"column":0},"end":{"line":130,"column":107}},"130":{"start":{"line":131,"column":0},"end":{"line":131,"column":107}},"131":{"start":{"line":132,"column":0},"end":{"line":132,"column":107}},"132":{"start":{"line":133,"column":0},"end":{"line":133,"column":107}},"133":{"start":{"line":134,"column":0},"end":{"line":134,"column":107}},"134":{"start":{"line":135,"column":0},"end":{"line":135,"column":107}},"135":{"start":{"line":136,"column":0},"end":{"line":136,"column":107}},"136":{"start":{"line":137,"column":0},"end":{"line":137,"column":107}},"137":{"start":{"line":138,"column":0},"end":{"line":138,"column":107}},"138":{"start":{"line":139,"column":0},"end":{"line":139,"column":107}},"139":{"start":{"line":140,"column":0},"end":{"line":140,"column":107}},"140":{"start":{"line":141,"column":0},"end":{"line":141,"column":107}},"141":{"start":{"line":142,"column":0},"end":{"line":142,"column":107}},"142":{"start":{"line":143,"column":0},"end":{"line":143,"column":148}},"143":{"start":{"line":144,"column":0},"end":{"line":144,"column":9}},"144":{"start":{"line":145,"column":0},"end":{"line":145,"column":5}},"145":{"start":{"line":146,"column":0},"end":{"line":146,"column":1}}},"s":{"1":1,"3":1,"4":1,"5":1,"6":1,"7":1,"8":1,"9":1,"10":1,"11":1,"12":1,"13":1,"14":1,"15":1,"16":1,"17":1,"18":1,"19":1,"20":1,"21":1,"22":1,"23":1,"25":1,"26":1,"27":199,"28":199,"29":199,"30":199,"31":199,"32":199,"33":199,"34":199,"35":199,"36":199,"37":199,"38":199,"39":199,"40":199,"41":199,"42":199,"43":199,"44":199,"45":199,"46":199,"47":199,"48":199,"50":199,"51":199,"52":199,"53":199,"54":199,"56":199,"57":199,"58":199,"59":199,"61":199,"62":199,"63":199,"64":199,"66":199,"68":199,"69":199,"70":199,"71":199,"73":199,"74":199,"75":199,"76":199,"78":199,"79":199,"80":199,"81":199,"83":199,"84":199,"85":199,"86":199,"87":199,"88":199,"89":199,"90":199,"92":199,"93":199,"94":199,"95":199,"96":199,"97":199,"98":199,"99":199,"101":199,"102":199,"103":199,"104":199,"105":199,"106":199,"107":199,"108":199,"110":199,"111":199,"112":199,"113":199,"114":199,"115":199,"116":199,"117":199,"119":199,"120":199,"121":199,"122":199,"123":199,"125":199,"127":199,"128":199,"129":199,"130":199,"131":199,"132":199,"133":199,"134":199,"135":199,"136":199,"137":199,"138":199,"139":199,"140":199,"141":199,"142":199,"143":199,"144":199,"145":1},"branchMap":{"0":{"type":"branch","line":27,"loc":{"start":{"line":27,"column":4},"end":{"line":145,"column":5}},"locations":[{"start":{"line":27,"column":4},"end":{"line":145,"column":5}}]},"1":{"type":"branch","line":27,"loc":{"start":{"line":27,"column":30},"end":{"line":145,"column":5}},"locations":[{"start":{"line":27,"column":30},"end":{"line":145,"column":5}}]}},"b":{"0":[3],"1":[199]},"fnMap":{"0":{"name":"<static_initializer>","decl":{"start":{"line":27,"column":4},"end":{"line":145,"column":5}},"loc":{"start":{"line":27,"column":4},"end":{"line":145,"column":5}},"line":27},"1":{"name":"loadInstructions","decl":{"start":{"line":27,"column":30},"end":{"line":145,"column":5}},"loc":{"start":{"line":27,"column":30},"end":{"line":145,"column":5}},"line":27}},"f":{"0":3,"1":199}}
,"/home/runner/work/gb-emulator/gb-emulator/packages/gb-emulator/src/instructions/instruction.ts": {"path":"/home/runner/work/gb-emulator/gb-emulator/packages/gb-emulator/src/instructions/instruction.ts","all":false,"statementMap":{"2":{"start":{"line":3,"column":0},"end":{"line":3,"column":84}},"5":{"start":{"line":6,"column":0},"end":{"line":6,"column":44}},"6":{"start":{"line":7,"column":0},"end":{"line":7,"column":50}},"7":{"start":{"line":8,"column":0},"end":{"line":8,"column":55}},"9":{"start":{"line":10,"column":0},"end":{"line":10,"column":35}},"10":{"start":{"line":11,"column":0},"end":{"line":11,"column":31}},"11":{"start":{"line":12,"column":0},"end":{"line":12,"column":43}},"12":{"start":{"line":13,"column":0},"end":{"line":13,"column":37}},"14":{"start":{"line":15,"column":0},"end":{"line":15,"column":37}},"15":{"start":{"line":16,"column":0},"end":{"line":16,"column":22}},"16":{"start":{"line":17,"column":0},"end":{"line":17,"column":38}},"17":{"start":{"line":18,"column":0},"end":{"line":18,"column":32}},"18":{"start":{"line":19,"column":0},"end":{"line":19,"column":5}},"22":{"start":{"line":23,"column":0},"end":{"line":23,"column":53}},"23":{"start":{"line":24,"column":0},"end":{"line":24,"column":78}},"24":{"start":{"line":25,"column":0},"end":{"line":25,"column":5}},"26":{"start":{"line":27,"column":0},"end":{"line":27,"column":52}},"27":{"start":{"line":28,"column":0},"end":{"line":28,"column":90}},"28":{"start":{"line":29,"column":0},"end":{"line":29,"column":5}},"30":{"start":{"line":31,"column":0},"end":{"line":31,"column":47}},"31":{"start":{"line":32,"column":0},"end":{"line":32,"column":68}},"32":{"start":{"line":33,"column":0},"end":{"line":33,"column":5}},"33":{"start":{"line":34,"column":0},"end":{"line":34,"column":1}}},"s":{"2":1,"5":1,"6":1,"7":1,"9":1,"10":4449,"11":4449,"12":4449,"14":4449,"15":4449,"16":4449,"17":4449,"18":4449,"22":4449,"23":24,"24":24,"26":4449,"27":25,"28":25,"30":4449,"31":1,"32":1,"33":4449},"branchMap":{"0":{"type":"branch","line":10,"loc":{"start":{"line":10,"column":7},"end":{"line":34,"column":1}},"locations":[{"start":{"line":10,"column":7},"end":{"line":34,"column":1}}]},"1":{"type":"branch","line":15,"loc":{"start":{"line":15,"column":14},"end":{"line":19,"column":5}},"locations":[{"start":{"line":15,"column":14},"end":{"line":19,"column":5}}]},"2":{"type":"branch","line":23,"loc":{"start":{"line":23,"column":14},"end":{"line":25,"column":5}},"locations":[{"start":{"line":23,"column":14},"end":{"line":25,"column":5}}]},"3":{"type":"branch","line":27,"loc":{"start":{"line":27,"column":14},"end":{"line":29,"column":5}},"locations":[{"start":{"line":27,"column":14},"end":{"line":29,"column":5}}]},"4":{"type":"branch","line":31,"loc":{"start":{"line":31,"column":14},"end":{"line":33,"column":5}},"locations":[{"start":{"line":31,"column":14},"end":{"line":33,"column":5}}]}},"b":{"0":[4449],"1":[4449],"2":[24],"3":[25],"4":[1]},"fnMap":{"0":{"name":"<instance_members_initializer>","decl":{"start":{"line":10,"column":7},"end":{"line":34,"column":1}},"loc":{"start":{"line":10,"column":7},"end":{"line":34,"column":1}},"line":10},"1":{"name":"Instruction","decl":{"start":{"line":15,"column":14},"end":{"line":19,"column":5}},"loc":{"start":{"line":15,"column":14},"end":{"line":19,"column":5}},"line":15},"2":{"name":"extractDestinationR16","decl":{"start":{"line":23,"column":14},"end":{"line":25,"column":5}},"loc":{"start":{"line":23,"column":14},"end":{"line":25,"column":5}},"line":23},"3":{"name":"extractDestinationR8","decl":{"start":{"line":27,"column":14},"end":{"line":29,"column":5}},"loc":{"start":{"line":27,"column":14},"end":{"line":29,"column":5}},"line":27},"4":{"name":"extractSourceR8","decl":{"start":{"line":31,"column":14},"end":{"line":33,"column":5}},"loc":{"start":{"line":31,"column":14},"end":{"line":33,"column":5}},"line":31}},"f":{"0":4449,"1":4449,"2":24,"3":25,"4":1}}
,"/home/runner/work/gb-emulator/gb-emulator/packages/gb-emulator/src/instructions/add/ADD_HL_R16.ts": {"path":"/home/runner/work/gb-emulator/gb-emulator/packages/gb-emulator/src/instructions/add/ADD_HL_R16.ts","all":false,"statementMap":{"1":{"start":{"line":2,"column":0},"end":{"line":2,"column":60}},"2":{"start":{"line":3,"column":0},"end":{"line":3,"column":53}},"10":{"start":{"line":11,"column":0},"end":{"line":11,"column":45}},"11":{"start":{"line":12,"column":0},"end":{"line":12,"column":27}},"12":{"start":{"line":13,"column":0},"end":{"line":13,"column":18}},"13":{"start":{"line":14,"column":0},"end":{"line":14,"column":5}},"15":{"start":{"line":16,"column":0},"end":{"line":16,"column":41}},"16":{"start":{"line":17,"column":0},"end":{"line":17,"column":63}},"18":{"start":{"line":19,"column":0},"end":{"line":19,"column":36}},"19":{"start":{"line":20,"column":0},"end":{"line":20,"column":49}},"20":{"start":{"line":21,"column":0},"end":{"line":21,"column":66}},"21":{"start":{"line":22,"column":0},"end":{"line":22,"column":19}},"22":{"start":{"line":23,"column":0},"end":{"line":23,"column":19}},"24":{"start":{"line":25,"column":0},"end":{"line":25,"column":40}},"25":{"start":{"line":26,"column":0},"end":{"line":26,"column":49}},"26":{"start":{"line":27,"column":0},"end":{"line":27,"column":66}},"27":{"start":{"line":28,"column":0},"end":{"line":28,"column":19}},"28":{"start":{"line":29,"column":0},"end":{"line":29,"column":19}},"29":{"start":{"line":30,"column":0},"end":{"line":30,"column":44}},"30":{"start":{"line":31,"column":0},"end":{"line":31,"column":72}},"32":{"start":{"line":33,"column":0},"end":{"line":33,"column":33}},"33":{"start":{"line":34,"column":0},"end":{"line":34,"column":5}},"34":{"start":{"line":35,"column":0},"end":{"line":35,"column":1}}},"s":{"1":1,"2":1,"10":1,"11":1,"12":203,"13":203,"15":1,"16":4,"18":4,"19":4,"20":4,"21":2,"22":2,"24":4,"25":4,"26":4,"27":2,"28":2,"29":4,"30":4,"32":4,"33":4,"34":1},"branchMap":{"0":{"type":"branch","line":12,"loc":{"start":{"line":12,"column":4},"end":{"line":14,"column":5}},"locations":[{"start":{"line":12,"column":4},"end":{"line":14,"column":5}}]},"1":{"type":"branch","line":16,"loc":{"start":{"line":16,"column":4},"end":{"line":34,"column":5}},"locations":[{"start":{"line":16,"column":4},"end":{"line":34,"column":5}}]},"2":{"type":"branch","line":21,"loc":{"start":{"line":21,"column":65},"end":{"line":22,"column":19}},"locations":[{"start":{"line":21,"column":65},"end":{"line":22,"column":19}}]},"3":{"type":"branch","line":22,"loc":{"start":{"line":22,"column":18},"end":{"line":23,"column":19}},"locations":[{"start":{"line":22,"column":18},"end":{"line":23,"column":19}}]},"4":{"type":"branch","line":27,"loc":{"start":{"line":27,"column":65},"end":{"line":28,"column":19}},"locations":[{"start":{"line":27,"column":65},"end":{"line":28,"column":19}}]},"5":{"type":"branch","line":28,"loc":{"start":{"line":28,"column":18},"end":{"line":29,"column":19}},"locations":[{"start":{"line":28,"column":18},"end":{"line":29,"column":19}}]}},"b":{"0":[203],"1":[4],"2":[2],"3":[2],"4":[2],"5":[2]},"fnMap":{"0":{"name":"ADD_HL_R16","decl":{"start":{"line":12,"column":4},"end":{"line":14,"column":5}},"loc":{"start":{"line":12,"column":4},"end":{"line":14,"column":5}},"line":12},"1":{"name":"execute","decl":{"start":{"line":16,"column":4},"end":{"line":34,"column":5}},"loc":{"start":{"line":16,"column":4},"end":{"line":34,"column":5}},"line":16}},"f":{"0":203,"1":4}}
,"/home/runner/work/gb-emulator/gb-emulator/packages/gb-emulator/src/instructions/dec/DEC_R16.ts": {"path":"/home/runner/work/gb-emulator/gb-emulator/packages/gb-emulator/src/instructions/dec/DEC_R16.ts","all":false,"statementMap":{"1":{"start":{"line":2,"column":0},"end":{"line":2,"column":60}},"9":{"start":{"line":10,"column":0},"end":{"line":10,"column":42}},"10":{"start":{"line":11,"column":0},"end":{"line":11,"column":27}},"11":{"start":{"line":12,"column":0},"end":{"line":12,"column":18}},"12":{"start":{"line":13,"column":0},"end":{"line":13,"column":5}},"14":{"start":{"line":15,"column":0},"end":{"line":15,"column":38}},"15":{"start":{"line":16,"column":0},"end":{"line":16,"column":63}},"17":{"start":{"line":18,"column":0},"end":{"line":18,"column":47}},"19":{"start":{"line":20,"column":0},"end":{"line":20,"column":33}},"20":{"start":{"line":21,"column":0},"end":{"line":21,"column":5}},"21":{"start":{"line":22,"column":0},"end":{"line":22,"column":1}}},"s":{"1":1,"9":1,"10":1,"11":203,"12":203,"14":1,"15":4,"17":4,"19":4,"20":4,"21":1},"branchMap":{"0":{"type":"branch","line":11,"loc":{"start":{"line":11,"column":4},"end":{"line":13,"column":5}},"locations":[{"start":{"line":11,"column":4},"end":{"line":13,"column":5}}]},"1":{"type":"branch","line":15,"loc":{"start":{"line":15,"column":4},"end":{"line":21,"column":5}},"locations":[{"start":{"line":15,"column":4},"end":{"line":21,"column":5}}]}},"b":{"0":[203],"1":[4]},"fnMap":{"0":{"name":"DEC_R16","decl":{"start":{"line":11,"column":4},"end":{"line":13,"column":5}},"loc":{"start":{"line":11,"column":4},"end":{"line":13,"column":5}},"line":11},"1":{"name":"execute","decl":{"start":{"line":15,"column":4},"end":{"line":21,"column":5}},"loc":{"start":{"line":15,"column":4},"end":{"line":21,"column":5}},"line":15}},"f":{"0":203,"1":4}}
,"/home/runner/work/gb-emulator/gb-emulator/packages/gb-emulator/src/instructions/dec/DEC_R8.ts": {"path":"/home/runner/work/gb-emulator/gb-emulator/packages/gb-emulator/src/instructions/dec/DEC_R8.ts","all":false,"statementMap":{"1":{"start":{"line":2,"column":0},"end":{"line":2,"column":60}},"13":{"start":{"line":14,"column":0},"end":{"line":14,"column":41}},"14":{"start":{"line":15,"column":0},"end":{"line":15,"column":27}},"15":{"start":{"line":16,"column":0},"end":{"line":16,"column":18}},"16":{"start":{"line":17,"column":0},"end":{"line":17,"column":5}},"18":{"start":{"line":19,"column":0},"end":{"line":19,"column":37}},"19":{"start":{"line":20,"column":0},"end":{"line":20,"column":62}},"21":{"start":{"line":22,"column":0},"end":{"line":22,"column":46}},"23":{"start":{"line":24,"column":0},"end":{"line":24,"column":33}},"24":{"start":{"line":25,"column":0},"end":{"line":25,"column":5}},"25":{"start":{"line":26,"column":0},"end":{"line":26,"column":1}}},"s":{"1":1,"13":1,"14":1,"15":207,"16":207,"18":1,"19":8,"21":8,"23":8,"24":8,"25":1},"branchMap":{"0":{"type":"branch","line":15,"loc":{"start":{"line":15,"column":4},"end":{"line":17,"column":5}},"locations":[{"start":{"line":15,"column":4},"end":{"line":17,"column":5}}]},"1":{"type":"branch","line":19,"loc":{"start":{"line":19,"column":4},"end":{"line":25,"column":5}},"locations":[{"start":{"line":19,"column":4},"end":{"line":25,"column":5}}]}},"b":{"0":[207],"1":[8]},"fnMap":{"0":{"name":"DEC_R8","decl":{"start":{"line":15,"column":4},"end":{"line":17,"column":5}},"loc":{"start":{"line":15,"column":4},"end":{"line":17,"column":5}},"line":15},"1":{"name":"execute","decl":{"start":{"line":19,"column":4},"end":{"line":25,"column":5}},"loc":{"start":{"line":19,"column":4},"end":{"line":25,"column":5}},"line":19}},"f":{"0":207,"1":8}}
,"/home/runner/work/gb-emulator/gb-emulator/packages/gb-emulator/src/instructions/inc/INC_R16.ts": {"path":"/home/runner/work/gb-emulator/gb-emulator/packages/gb-emulator/src/instructions/inc/INC_R16.ts","all":false,"statementMap":{"1":{"start":{"line":2,"column":0},"end":{"line":2,"column":60}},"9":{"start":{"line":10,"column":0},"end":{"line":10,"column":42}},"10":{"start":{"line":11,"column":0},"end":{"line":11,"column":27}},"11":{"start":{"line":12,"column":0},"end":{"line":12,"column":18}},"12":{"start":{"line":13,"column":0},"end":{"line":13,"column":5}},"14":{"start":{"line":15,"column":0},"end":{"line":15,"column":38}},"15":{"start":{"line":16,"column":0},"end":{"line":16,"column":63}},"17":{"start":{"line":18,"column":0},"end":{"line":18,"column":47}},"19":{"start":{"line":20,"column":0},"end":{"line":20,"column":33}},"20":{"start":{"line":21,"column":0},"end":{"line":21,"column":5}},"21":{"start":{"line":22,"column":0},"end":{"line":22,"column":1}}},"s":{"1":1,"9":1,"10":1,"11":203,"12":203,"14":1,"15":4,"17":4,"19":4,"20":4,"21":1},"branchMap":{"0":{"type":"branch","line":11,"loc":{"start":{"line":11,"column":4},"end":{"line":13,"column":5}},"locations":[{"start":{"line":11,"column":4},"end":{"line":13,"column":5}}]},"1":{"type":"branch","line":15,"loc":{"start":{"line":15,"column":4},"end":{"line":21,"column":5}},"locations":[{"start":{"line":15,"column":4},"end":{"line":21,"column":5}}]}},"b":{"0":[203],"1":[4]},"fnMap":{"0":{"name":"INC_R16","decl":{"start":{"line":11,"column":4},"end":{"line":13,"column":5}},"loc":{"start":{"line":11,"column":4},"end":{"line":13,"column":5}},"line":11},"1":{"name":"execute","decl":{"start":{"line":15,"column":4},"end":{"line":21,"column":5}},"loc":{"start":{"line":15,"column":4},"end":{"line":21,"column":5}},"line":15}},"f":{"0":203,"1":4}}
,"/home/runner/work/gb-emulator/gb-emulator/packages/gb-emulator/src/instructions/inc/INC_R8.ts": {"path":"/home/runner/work/gb-emulator/gb-emulator/packages/gb-emulator/src/instructions/inc/INC_R8.ts","all":false,"statementMap":{"1":{"start":{"line":2,"column":0},"end":{"line":2,"column":60}},"13":{"start":{"line":14,"column":0},"end":{"line":14,"column":41}},"14":{"start":{"line":15,"column":0},"end":{"line":15,"column":27}},"15":{"start":{"line":16,"column":0},"end":{"line":16,"column":18}},"16":{"start":{"line":17,"column":0},"end":{"line":17,"column":5}},"18":{"start":{"line":19,"column":0},"end":{"line":19,"column":37}},"19":{"start":{"line":20,"column":0},"end":{"line":20,"column":62}},"21":{"start":{"line":22,"column":0},"end":{"line":22,"column":46}},"23":{"start":{"line":24,"column":0},"end":{"line":24,"column":33}},"24":{"start":{"line":25,"column":0},"end":{"line":25,"column":5}},"25":{"start":{"line":26,"column":0},"end":{"line":26,"column":1}}},"s":{"1":1,"13":1,"14":1,"15":207,"16":207,"18":1,"19":8,"21":8,"23":8,"24":8,"25":1},"branchMap":{"0":{"type":"branch","line":15,"loc":{"start":{"line":15,"column":4},"end":{"line":17,"column":5}},"locations":[{"start":{"line":15,"column":4},"end":{"line":17,"column":5}}]},"1":{"type":"branch","line":19,"loc":{"start":{"line":19,"column":4},"end":{"line":25,"column":5}},"locations":[{"start":{"line":19,"column":4},"end":{"line":25,"column":5}}]}},"b":{"0":[207],"1":[8]},"fnMap":{"0":{"name":"INC_R8","decl":{"start":{"line":15,"column":4},"end":{"line":17,"column":5}},"loc":{"start":{"line":15,"column":4},"end":{"line":17,"column":5}},"line":15},"1":{"name":"execute","decl":{"start":{"line":19,"column":4},"end":{"line":25,"column":5}},"loc":{"start":{"line":19,"column":4},"end":{"line":25,"column":5}},"line":19}},"f":{"0":207,"1":8}}
,"/home/runner/work/gb-emulator/gb-emulator/packages/gb-emulator/src/instructions/jump/JR_COND_IMM8.ts": {"path":"/home/runner/work/gb-emulator/gb-emulator/packages/gb-emulator/src/instructions/jump/JR_COND_IMM8.ts","all":false,"statementMap":{"0":{"start":{"line":1,"column":0},"end":{"line":1,"column":60}},"9":{"start":{"line":10,"column":0},"end":{"line":10,"column":47}},"10":{"start":{"line":11,"column":0},"end":{"line":11,"column":27}},"11":{"start":{"line":12,"column":0},"end":{"line":12,"column":18}},"12":{"start":{"line":13,"column":0},"end":{"line":13,"column":5}},"14":{"start":{"line":15,"column":0},"end":{"line":15,"column":42}},"15":{"start":{"line":16,"column":0},"end":{"line":16,"column":51}},"17":{"start":{"line":18,"column":0},"end":{"line":18,"column":12}},"18":{"start":{"line":19,"column":0},"end":{"line":19,"column":68}},"19":{"start":{"line":20,"column":0},"end":{"line":20,"column":67}},"20":{"start":{"line":21,"column":0},"end":{"line":21,"column":69}},"21":{"start":{"line":22,"column":0},"end":{"line":22,"column":65}},"22":{"start":{"line":23,"column":0},"end":{"line":23,"column":11}},"23":{"start":{"line":24,"column":0},"end":{"line":24,"column":49}},"24":{"start":{"line":25,"column":0},"end":{"line":25,"column":16}},"25":{"start":{"line":26,"column":0},"end":{"line":26,"column":37}},"26":{"start":{"line":27,"column":0},"end":{"line":27,"column":9}},"27":{"start":{"line":28,"column":0},"end":{"line":28,"column":5}},"28":{"start":{"line":29,"column":0},"end":{"line":29,"column":1}}},"s":{"0":1,"9":1,"10":1,"11":207,"12":207,"14":1,"15":8,"17":8,"18":8,"19":7,"20":6,"21":5,"22":8,"23":4,"24":4,"25":4,"26":4,"27":8,"28":1},"branchMap":{"0":{"type":"branch","line":11,"loc":{"start":{"line":11,"column":4},"end":{"line":13,"column":5}},"locations":[{"start":{"line":11,"column":4},"end":{"line":13,"column":5}}]},"1":{"type":"branch","line":15,"loc":{"start":{"line":15,"column":4},"end":{"line":28,"column":5}},"locations":[{"start":{"line":15,"column":4},"end":{"line":28,"column":5}}]},"2":{"type":"branch","line":19,"loc":{"start":{"line":19,"column":24},"end":{"line":19,"column":68}},"locations":[{"start":{"line":19,"column":24},"end":{"line":19,"column":68}}]},"3":{"type":"branch","line":19,"loc":{"start":{"line":19,"column":56},"end":{"line":20,"column":67}},"locations":[{"start":{"line":19,"column":56},"end":{"line":20,"column":67}}]},"4":{"type":"branch","line":20,"loc":{"start":{"line":20,"column":24},"end":{"line":20,"column":67}},"locations":[{"start":{"line":20,"column":24},"end":{"line":20,"column":67}}]},"5":{"type":"branch","line":20,"loc":{"start":{"line":20,"column":55},"end":{"line":21,"column":69}},"locations":[{"start":{"line":20,"column":55},"end":{"line":21,"column":69}}]},"6":{"type":"branch","line":21,"loc":{"start":{"line":21,"column":24},"end":{"line":21,"column":69}},"locations":[{"start":{"line":21,"column":24},"end":{"line":21,"column":69}}]},"7":{"type":"branch","line":21,"loc":{"start":{"line":21,"column":56},"end":{"line":22,"column":65}},"locations":[{"start":{"line":21,"column":56},"end":{"line":22,"column":65}}]},"8":{"type":"branch","line":22,"loc":{"start":{"line":22,"column":24},"end":{"line":22,"column":65}},"locations":[{"start":{"line":22,"column":24},"end":{"line":22,"column":65}}]},"9":{"type":"branch","line":23,"loc":{"start":{"line":23,"column":10},"end":{"line":27,"column":9}},"locations":[{"start":{"line":23,"column":10},"end":{"line":27,"column":9}}]}},"b":{"0":[207],"1":[8],"2":[2],"3":[7],"4":[2],"5":[6],"6":[2],"7":[5],"8":[2],"9":[4]},"fnMap":{"0":{"name":"JR_COND_IMM8","decl":{"start":{"line":11,"column":4},"end":{"line":13,"column":5}},"loc":{"start":{"line":11,"column":4},"end":{"line":13,"column":5}},"line":11},"1":{"name":"execute","decl":{"start":{"line":15,"column":4},"end":{"line":28,"column":5}},"loc":{"start":{"line":15,"column":4},"end":{"line":28,"column":5}},"line":15}},"f":{"0":207,"1":8}}
[...]
,"/home/runner/work/gb-emulator/gb-emulator/packages/gb-emulator/src/instructions/misc/CPL.ts": {"path":"/home/runner/work/gb-emulator/gb-emulator/packages/gb-emulator/src/instructions/misc/CPL.ts","all":false,"statementMap":{"0":{"start":{"line":1,"column":0},"end":{"line":1,"column":60}},"5":{"start":{"line":6,"column":0},"end":{"line":6,"column":38}},"6":{"start":{"line":7,"column":0},"end":{"line":7,"column":27}},"7":{"start":{"line":8,"column":0},"end":{"line":8,"column":18}},"8":{"start":{"line":9,"column":0},"end":{"line":9,"column":5}},"10":{"start":{"line":11,"column":0},"end":{"line":11,"column":15}},"11":{"start":{"line":12,"column":0},"end":{"line":12,"column":56}},"12":{"start":{"line":13,"column":0},"end":{"line":13,"column":44}},"13":{"start":{"line":14,"column":0},"end":{"line":14,"column":42}},"15":{"start":{"line":16,"column":0},"end":{"line":16,"column":33}},"16":{"start":{"line":17,"column":0},"end":{"line":17,"column":5}},"17":{"start":{"line":18,"column":0},"end":{"line":18,"column":1}}},"s":{"0":1,"5":1,"6":1,"7":200,"8":200,"10":1,"11":1,"12":1,"13":1,"15":1,"16":1,"17":1},"branchMap":{"0":{"type":"branch","line":7,"loc":{"start":{"line":7,"column":4},"end":{"line":9,"column":5}},"locations":[{"start":{"line":7,"column":4},"end":{"line":9,"column":5}}]},"1":{"type":"branch","line":11,"loc":{"start":{"line":11,"column":4},"end":{"line":17,"column":5}},"locations":[{"start":{"line":11,"column":4},"end":{"line":17,"column":5}}]}},"b":{"0":[200],"1":[1]},"fnMap":{"0":{"name":"CPL","decl":{"start":{"line":7,"column":4},"end":{"line":9,"column":5}},"loc":{"start":{"line":7,"column":4},"end":{"line":9,"column":5}},"line":7},"1":{"name":"execute","decl":{"start":{"line":11,"column":4},"end":{"line":17,"column":5}},"loc":{"start":{"line":11,"column":4},"end":{"line":17,"column":5}},"line":11}},"f":{"0":200,"1":1}}
,"/home/runner/work/gb-emulator/gb-emulator/packages/gb-emulator/src/instructions/misc/DAA.ts": {"path":"/home/runner/work/gb-emulator/gb-emulator/packages/gb-emulator/src/instructions/misc/DAA.ts","all":false,"statementMap":{"0":{"start":{"line":1,"column":0},"end":{"line":1,"column":60}},"5":{"start":{"line":6,"column":0},"end":{"line":6,"column":38}},"6":{"start":{"line":7,"column":0},"end":{"line":7,"column":27}},"7":{"start":{"line":8,"column":0},"end":{"line":8,"column":18}},"8":{"start":{"line":9,"column":0},"end":{"line":9,"column":5}},"10":{"start":{"line":11,"column":0},"end":{"line":11,"column":15}},"11":{"start":{"line":12,"column":0},"end":{"line":12,"column":23}},"13":{"start":{"line":14,"column":0},"end":{"line":14,"column":45}},"14":{"start":{"line":15,"column":0},"end":{"line":15,"column":56}},"15":{"start":{"line":16,"column":0},"end":{"line":16,"column":48}},"16":{"start":{"line":17,"column":0},"end":{"line":17,"column":57}},"17":{"start":{"line":18,"column":0},"end":{"line":18,"column":41}},"19":{"start":{"line":20,"column":0},"end":{"line":20,"column":99}},"20":{"start":{"line":21,"column":0},"end":{"line":21,"column":27}},"21":{"start":{"line":22,"column":0},"end":{"line":22,"column":9}},"23":{"start":{"line":24,"column":0},"end":{"line":24,"column":94}},"24":{"start":{"line":25,"column":0},"end":{"line":25,"column":27}},"25":{"start":{"line":26,"column":0},"end":{"line":26,"column":42}},"26":{"start":{"line":27,"column":0},"end":{"line":27,"column":9}},"28":{"start":{"line":29,"column":0},"end":{"line":29,"column":44}},"29":{"start":{"line":30,"column":0},"end":{"line":30,"column":20}},"30":{"start":{"line":31,"column":0},"end":{"line":31,"column":21}},"32":{"start":{"line":33,"column":0},"end":{"line":33,"column":72}},"33":{"start":{"line":34,"column":0},"end":{"line":34,"column":42}},"35":{"start":{"line":36,"column":0},"end":{"line":36,"column":33}},"36":{"start":{"line":37,"column":0},"end":{"line":37,"column":5}},"38":{"start":{"line":39,"column":0},"end":{"line":39,"column":74}},"39":{"start":{"line":40,"column":0},"end":{"line":40,"column":36}},"40":{"start":{"line":41,"column":0},"end":{"line":41,"column":5}},"42":{"start":{"line":43,"column":0},"end":{"line":43,"column":73}},"43":{"start":{"line":44,"column":0},"end":{"line":44,"column":28}},"44":{"start":{"line":45,"column":0},"end":{"line":45,"column":5}},"45":{"start":{"line":46,"column":0},"end":{"line":46,"column":1}}},"s":{"0":1,"5":1,"6":1,"7":204,"8":204,"10":1,"11":5,"13":5,"14":5,"15":5,"16":5,"17":5,"19":5,"20":2,"21":2,"23":5,"24":2,"25":2,"26":2,"28":5,"29":5,"30":0,"32":5,"33":5,"35":5,"36":5,"38":1,"39":5,"40":5,"42":1,"43":5,"44":5,"45":1},"branchMap":{"0":{"type":"branch","line":7,"loc":{"start":{"line":7,"column":4},"end":{"line":9,"column":5}},"locations":[{"start":{"line":7,"column":4},"end":{"line":9,"column":5}}]},"1":{"type":"branch","line":11,"loc":{"start":{"line":11,"column":4},"end":{"line":37,"column":5}},"locations":[{"start":{"line":11,"column":4},"end":{"line":37,"column":5}}]},"2":{"type":"branch","line":20,"loc":{"start":{"line":20,"column":75},"end":{"line":20,"column":98}},"locations":[{"start":{"line":20,"column":75},"end":{"line":20,"column":98}}]},"3":{"type":"branch","line":20,"loc":{"start":{"line":20,"column":98},"end":{"line":22,"column":9}},"locations":[{"start":{"line":20,"column":98},"end":{"line":22,"column":9}}]},"4":{"type":"branch","line":24,"loc":{"start":{"line":24,"column":74},"end":{"line":24,"column":93}},"locations":[{"start":{"line":24,"column":74},"end":{"line":24,"column":93}}]},"5":{"type":"branch","line":24,"loc":{"start":{"line":24,"column":93},"end":{"line":27,"column":9}},"locations":[{"start":{"line":24,"column":93},"end":{"line":27,"column":9}}]},"6":{"type":"branch","line":30,"loc":{"start":{"line":30,"column":14},"end":{"line":31,"column":21}},"locations":[{"start":{"line":30,"column":14},"end":{"line":31,"column":21}}]},"7":{"type":"branch","line":33,"loc":{"start":{"line":33,"column":63},"end":{"line":33,"column":71}},"locations":[{"start":{"line":33,"column":63},"end":{"line":33,"column":71}}]},"8":{"type":"branch","line":39,"loc":{"start":{"line":39,"column":12},"end":{"line":41,"column":5}},"locations":[{"start":{"line":39,"column":12},"end":{"line":41,"column":5}}]},"9":{"type":"branch","line":43,"loc":{"start":{"line":43,"column":12},"end":{"line":45,"column":5}},"locations":[{"start":{"line":43,"column":12},"end":{"line":45,"column":5}}]}},"b":{"0":[204],"1":[5],"2":[4],"3":[2],"4":[4],"5":[2],"6":[0],"7":[0],"8":[5],"9":[5]},"fnMap":{"0":{"name":"DAA","decl":{"start":{"line":7,"column":4},"end":{"line":9,"column":5}},"loc":{"start":{"line":7,"column":4},"end":{"line":9,"column":5}},"line":7},"1":{"name":"execute","decl":{"start":{"line":11,"column":4},"end":{"line":37,"column":5}},"loc":{"start":{"line":11,"column":4},"end":{"line":37,"column":5}},"line":11},"2":{"name":"isLeastSignificantNibbleGreaterThan9","decl":{"start":{"line":39,"column":12},"end":{"line":41,"column":5}},"loc":{"start":{"line":39,"column":12},"end":{"line":41,"column":5}},"line":39},"3":{"name":"isMostSignificantNibbleGreaterThan9","decl":{"start":{"line":43,"column":12},"end":{"line":45,"column":5}},"loc":{"start":{"line":43,"column":12},"end":{"line":45,"column":5}},"line":43}},"f":{"0":204,"1":5,"2":5,"3":5}}
,"/home/runner/work/gb-emulator/gb-emulator/packages/gb-emulator/src/instructions/misc/SCF.ts": {"path":"/home/runner/work/gb-emulator/gb-emulator/packages/gb-emulator/src/instructions/misc/SCF.ts","all":false,"statementMap":{"0":{"start":{"line":1,"column":0},"end":{"line":1,"column":60}},"5":{"start":{"line":6,"column":0},"end":{"line":6,"column":38}},"6":{"start":{"line":7,"column":0},"end":{"line":7,"column":27}},"7":{"start":{"line":8,"column":0},"end":{"line":8,"column":18}},"8":{"start":{"line":9,"column":0},"end":{"line":9,"column":5}},"10":{"start":{"line":11,"column":0},"end":{"line":11,"column":15}},"11":{"start":{"line":12,"column":0},"end":{"line":12,"column":38}},"12":{"start":{"line":13,"column":0},"end":{"line":13,"column":44}},"13":{"start":{"line":14,"column":0},"end":{"line":14,"column":42}},"15":{"start":{"line":16,"column":0},"end":{"line":16,"column":33}},"16":{"start":{"line":17,"column":0},"end":{"line":17,"column":5}},"17":{"start":{"line":18,"column":0},"end":{"line":18,"column":1}}},"s":{"0":1,"5":1,"6":1,"7":200,"8":200,"10":1,"11":1,"12":1,"13":1,"15":1,"16":1,"17":1},"branchMap":{"0":{"type":"branch","line":7,"loc":{"start":{"line":7,"column":4},"end":{"line":9,"column":5}},"locations":[{"start":{"line":7,"column":4},"end":{"line":9,"column":5}}]},"1":{"type":"branch","line":11,"loc":{"start":{"line":11,"column":4},"end":{"line":17,"column":5}},"locations":[{"start":{"line":11,"column":4},"end":{"line":17,"column":5}}]}},"b":{"0":[200],"1":[1]},"fnMap":{"0":{"name":"SCF","decl":{"start":{"line":7,"column":4},"end":{"line":9,"column":5}},"loc":{"start":{"line":7,"column":4},"end":{"line":9,"column":5}},"line":7},"1":{"name":"execute","decl":{"start":{"line":11,"column":4},"end":{"line":17,"column":5}},"loc":{"start":{"line":11,"column":4},"end":{"line":17,"column":5}},"line":11}},"f":{"0":200,"1":1}}
,"/home/runner/work/gb-emulator/gb-emulator/packages/gb-emulator/src/instructions/misc/STOP.ts": {"path":"/home/runner/work/gb-emulator/gb-emulator/packages/gb-emulator/src/instructions/misc/STOP.ts","all":false,"statementMap":{"0":{"start":{"line":1,"column":0},"end":{"line":1,"column":60}},"5":{"start":{"line":6,"column":0},"end":{"line":6,"column":39}},"6":{"start":{"line":7,"column":0},"end":{"line":7,"column":27}},"7":{"start":{"line":8,"column":0},"end":{"line":8,"column":18}},"8":{"start":{"line":9,"column":0},"end":{"line":9,"column":5}},"10":{"start":{"line":11,"column":0},"end":{"line":11,"column":15}},"11":{"start":{"line":12,"column":0},"end":{"line":12,"column":59}},"12":{"start":{"line":13,"column":0},"end":{"line":13,"column":5}},"13":{"start":{"line":14,"column":0},"end":{"line":14,"column":1}}},"s":{"0":1,"5":1,"6":1,"7":199,"8":199,"10":1,"11":0,"12":0,"13":1},"branchMap":{"0":{"type":"branch","line":7,"loc":{"start":{"line":7,"column":4},"end":{"line":9,"column":5}},"locations":[{"start":{"line":7,"column":4},"end":{"line":9,"column":5}}]}},"b":{"0":[199]},"fnMap":{"0":{"name":"STOP","decl":{"start":{"line":7,"column":4},"end":{"line":9,"column":5}},"loc":{"start":{"line":7,"column":4},"end":{"line":9,"column":5}},"line":7},"1":{"name":"execute","decl":{"start":{"line":11,"column":4},"end":{"line":13,"column":5}},"loc":{"start":{"line":11,"column":4},"end":{"line":13,"column":5}},"line":11}},"f":{"0":199,"1":0}}
,"/home/runner/work/gb-emulator/gb-emulator/packages/gb-emulator/src/instructions/rotate/RLA.ts": {"path":"/home/runner/work/gb-emulator/gb-emulator/packages/gb-emulator/src/instructions/rotate/RLA.ts","all":false,"statementMap":{"1":{"start":{"line":2,"column":0},"end":{"line":2,"column":60}},"2":{"start":{"line":3,"column":0},"end":{"line":3,"column":79}},"6":{"start":{"line":7,"column":0},"end":{"line":7,"column":38}},"7":{"start":{"line":8,"column":0},"end":{"line":8,"column":27}},"8":{"start":{"line":9,"column":0},"end":{"line":9,"column":18}},"9":{"start":{"line":10,"column":0},"end":{"line":10,"column":5}},"11":{"start":{"line":12,"column":0},"end":{"line":12,"column":15}},"12":{"start":{"line":13,"column":0},"end":{"line":13,"column":48}},"13":{"start":{"line":14,"column":0},"end":{"line":14,"column":57}},"14":{"start":{"line":15,"column":0},"end":{"line":15,"column":87}},"15":{"start":{"line":16,"column":0},"end":{"line":16,"column":41}},"17":{"start":{"line":18,"column":0},"end":{"line":18,"column":33}},"18":{"start":{"line":19,"column":0},"end":{"line":19,"column":5}},"19":{"start":{"line":20,"column":0},"end":{"line":20,"column":1}}},"s":{"1":1,"2":1,"6":1,"7":1,"8":200,"9":200,"11":1,"12":1,"13":1,"14":1,"15":1,"17":1,"18":1,"19":1},"branchMap":{"0":{"type":"branch","line":8,"loc":{"start":{"line":8,"column":4},"end":{"line":10,"column":5}},"locations":[{"start":{"line":8,"column":4},"end":{"line":10,"column":5}}]},"1":{"type":"branch","line":12,"loc":{"start":{"line":12,"column":4},"end":{"line":19,"column":5}},"locations":[{"start":{"line":12,"column":4},"end":{"line":19,"column":5}}]}},"b":{"0":[200],"1":[1]},"fnMap":{"0":{"name":"RLA","decl":{"start":{"line":8,"column":4},"end":{"line":10,"column":5}},"loc":{"start":{"line":8,"column":4},"end":{"line":10,"column":5}},"line":8},"1":{"name":"execute","decl":{"start":{"line":12,"column":4},"end":{"line":19,"column":5}},"loc":{"start":{"line":12,"column":4},"end":{"line":19,"column":5}},"line":12}},"f":{"0":200,"1":1}}
,"/home/runner/work/gb-emulator/gb-emulator/packages/gb-emulator/src/instructions/rotate/RLCA.ts": {"path":"/home/runner/work/gb-emulator/gb-emulator/packages/gb-emulator/src/instructions/rotate/RLCA.ts","all":false,"statementMap":{"1":{"start":{"line":2,"column":0},"end":{"line":2,"column":60}},"2":{"start":{"line":3,"column":0},"end":{"line":3,"column":79}},"6":{"start":{"line":7,"column":0},"end":{"line":7,"column":39}},"7":{"start":{"line":8,"column":0},"end":{"line":8,"column":27}},"8":{"start":{"line":9,"column":0},"end":{"line":9,"column":18}},"9":{"start":{"line":10,"column":0},"end":{"line":10,"column":5}},"11":{"start":{"line":12,"column":0},"end":{"line":12,"column":15}},"12":{"start":{"line":13,"column":0},"end":{"line":13,"column":58}},"13":{"start":{"line":14,"column":0},"end":{"line":14,"column":87}},"14":{"start":{"line":15,"column":0},"end":{"line":15,"column":42}},"16":{"start":{"line":17,"column":0},"end":{"line":17,"column":33}},"17":{"start":{"line":18,"column":0},"end":{"line":18,"column":5}},"18":{"start":{"line":19,"column":0},"end":{"line":19,"column":1}}},"s":{"1":1,"2":1,"6":1,"7":1,"8":200,"9":200,"11":1,"12":1,"13":1,"14":1,"16":1,"17":1,"18":1},"branchMap":{"0":{"type":"branch","line":8,"loc":{"start":{"line":8,"column":4},"end":{"line":10,"column":5}},"locations":[{"start":{"line":8,"column":4},"end":{"line":10,"column":5}}]},"1":{"type":"branch","line":12,"loc":{"start":{"line":12,"column":4},"end":{"line":18,"column":5}},"locations":[{"start":{"line":12,"column":4},"end":{"line":18,"column":5}}]}},"b":{"0":[200],"1":[1]},"fnMap":{"0":{"name":"RLCA","decl":{"start":{"line":8,"column":4},"end":{"line":10,"column":5}},"loc":{"start":{"line":8,"column":4},"end":{"line":10,"column":5}},"line":8},"1":{"name":"execute","decl":{"start":{"line":12,"column":4},"end":{"line":18,"column":5}},"loc":{"start":{"line":12,"column":4},"end":{"line":18,"column":5}},"line":12}},"f":{"0":200,"1":1}}
,"/home/runner/work/gb-emulator/gb-emulator/packages/gb-emulator/src/instructions/rotate/RRA.ts": {"path":"/home/runner/work/gb-emulator/gb-emulator/packages/gb-emulator/src/instructions/rotate/RRA.ts","all":false,"statementMap":{"1":{"start":{"line":2,"column":0},"end":{"line":2,"column":60}},"2":{"start":{"line":3,"column":0},"end":{"line":3,"column":93}},"6":{"start":{"line":7,"column":0},"end":{"line":7,"column":38}},"7":{"start":{"line":8,"column":0},"end":{"line":8,"column":27}},"8":{"start":{"line":9,"column":0},"end":{"line":9,"column":18}},"9":{"start":{"line":10,"column":0},"end":{"line":10,"column":5}},"11":{"start":{"line":12,"column":0},"end":{"line":12,"column":15}},"12":{"start":{"line":13,"column":0},"end":{"line":13,"column":48}},"13":{"start":{"line":14,"column":0},"end":{"line":14,"column":57}},"14":{"start":{"line":15,"column":0},"end":{"line":15,"column":104}},"15":{"start":{"line":16,"column":0},"end":{"line":16,"column":41}},"17":{"start":{"line":18,"column":0},"end":{"line":18,"column":33}},"18":{"start":{"line":19,"column":0},"end":{"line":19,"column":5}},"19":{"start":{"line":20,"column":0},"end":{"line":20,"column":1}}},"s":{"1":1,"2":1,"6":1,"7":1,"8":200,"9":200,"11":1,"12":1,"13":1,"14":1,"15":1,"17":1,"18":1,"19":1},"branchMap":{"0":{"type":"branch","line":8,"loc":{"start":{"line":8,"column":4},"end":{"line":10,"column":5}},"locations":[{"start":{"line":8,"column":4},"end":{"line":10,"column":5}}]},"1":{"type":"branch","line":12,"loc":{"start":{"line":12,"column":4},"end":{"line":19,"column":5}},"locations":[{"start":{"line":12,"column":4},"end":{"line":19,"column":5}}]}},"b":{"0":[200],"1":[1]},"fnMap":{"0":{"name":"RRA","decl":{"start":{"line":8,"column":4},"end":{"line":10,"column":5}},"loc":{"start":{"line":8,"column":4},"end":{"line":10,"column":5}},"line":8},"1":{"name":"execute","decl":{"start":{"line":12,"column":4},"end":{"line":19,"column":5}},"loc":{"start":{"line":12,"column":4},"end":{"line":19,"column":5}},"line":12}},"f":{"0":200,"1":1}}
,"/home/runner/work/gb-emulator/gb-emulator/packages/gb-emulator/src/instructions/rotate/RRCA.ts": {"path":"/home/runner/work/gb-emulator/gb-emulator/packages/gb-emulator/src/instructions/rotate/RRCA.ts","all":false,"statementMap":{"1":{"start":{"line":2,"column":0},"end":{"line":2,"column":60}},"2":{"start":{"line":3,"column":0},"end":{"line":3,"column":93}},"6":{"start":{"line":7,"column":0},"end":{"line":7,"column":39}},"7":{"start":{"line":8,"column":0},"end":{"line":8,"column":27}},"8":{"start":{"line":9,"column":0},"end":{"line":9,"column":18}},"9":{"start":{"line":10,"column":0},"end":{"line":10,"column":5}},"11":{"start":{"line":12,"column":0},"end":{"line":12,"column":15}},"12":{"start":{"line":13,"column":0},"end":{"line":13,"column":58}},"13":{"start":{"line":14,"column":0},"end":{"line":14,"column":104}},"14":{"start":{"line":15,"column":0},"end":{"line":15,"column":42}},"16":{"start":{"line":17,"column":0},"end":{"line":17,"column":33}},"17":{"start":{"line":18,"column":0},"end":{"line":18,"column":5}},"18":{"start":{"line":19,"column":0},"end":{"line":19,"column":1}}},"s":{"1":1,"2":1,"6":1,"7":1,"8":200,"9":200,"11":1,"12":1,"13":1,"14":1,"16":1,"17":1,"18":1},"branchMap":{"0":{"type":"branch","line":8,"loc":{"start":{"line":8,"column":4},"end":{"line":10,"column":5}},"locations":[{"start":{"line":8,"column":4},"end":{"line":10,"column":5}}]},"1":{"type":"branch","line":12,"loc":{"start":{"line":12,"column":4},"end":{"line":18,"column":5}},"locations":[{"start":{"line":12,"column":4},"end":{"line":18,"column":5}}]}},"b":{"0":[200],"1":[1]},"fnMap":{"0":{"name":"RRCA","decl":{"start":{"line":8,"column":4},"end":{"line":10,"column":5}},"loc":{"start":{"line":8,"column":4},"end":{"line":10,"column":5}},"line":8},"1":{"name":"execute","decl":{"start":{"line":12,"column":4},"end":{"line":18,"column":5}},"loc":{"start":{"line":12,"column":4},"end":{"line":18,"column":5}},"line":12}},"f":{"0":200,"1":1}}
}
