{"/home/runner/work/gb-emulator/gb-emulator/packages/binary-operations/src/binary-operations.ts": {"path":"/home/runner/work/gb-emulator/gb-emulator/packages/binary-operations/src/binary-operations.ts","all":false,"statementMap":{"0":{"start":{"line":1,"column":0},"end":{"line":1,"column":75}},"1":{"start":{"line":2,"column":0},"end":{"line":2,"column":53}},"2":{"start":{"line":3,"column":0},"end":{"line":3,"column":1}},"4":{"start":{"line":5,"column":0},"end":{"line":5,"column":76}},"5":{"start":{"line":6,"column":0},"end":{"line":6,"column":77}},"6":{"start":{"line":7,"column":0},"end":{"line":7,"column":77}},"8":{"start":{"line":9,"column":0},"end":{"line":9,"column":22}},"9":{"start":{"line":10,"column":0},"end":{"line":10,"column":25}},"10":{"start":{"line":11,"column":0},"end":{"line":11,"column":24}},"11":{"start":{"line":12,"column":0},"end":{"line":12,"column":25}},"12":{"start":{"line":13,"column":0},"end":{"line":13,"column":29}},"13":{"start":{"line":14,"column":0},"end":{"line":14,"column":28}},"14":{"start":{"line":15,"column":0},"end":{"line":15,"column":30}},"15":{"start":{"line":16,"column":0},"end":{"line":16,"column":1}},"17":{"start":{"line":18,"column":0},"end":{"line":18,"column":86}},"18":{"start":{"line":19,"column":0},"end":{"line":19,"column":85}},"20":{"start":{"line":21,"column":0},"end":{"line":21,"column":44}},"21":{"start":{"line":22,"column":0},"end":{"line":22,"column":42}},"23":{"start":{"line":24,"column":0},"end":{"line":24,"column":44}},"25":{"start":{"line":26,"column":0},"end":{"line":26,"column":44}},"26":{"start":{"line":27,"column":0},"end":{"line":27,"column":42}},"28":{"start":{"line":29,"column":0},"end":{"line":29,"column":44}},"30":{"start":{"line":31,"column":0},"end":{"line":31,"column":106}},"31":{"start":{"line":32,"column":0},"end":{"line":32,"column":105}},"32":{"start":{"line":33,"column":0},"end":{"line":33,"column":91}},"34":{"start":{"line":35,"column":0},"end":{"line":35,"column":78}},"35":{"start":{"line":36,"column":0},"end":{"line":36,"column":97}},"36":{"start":{"line":37,"column":0},"end":{"line":37,"column":99}},"38":{"start":{"line":39,"column":0},"end":{"line":39,"column":88}},"39":{"start":{"line":40,"column":0},"end":{"line":40,"column":84}},"41":{"start":{"line":42,"column":0},"end":{"line":42,"column":69}},"42":{"start":{"line":43,"column":0},"end":{"line":43,"column":60}},"43":{"start":{"line":44,"column":0},"end":{"line":44,"column":1}},"44":{"start":{"line":45,"column":0},"end":{"line":45,"column":67}},"45":{"start":{"line":46,"column":0},"end":{"line":46,"column":67}},"46":{"start":{"line":47,"column":0},"end":{"line":47,"column":67}},"47":{"start":{"line":48,"column":0},"end":{"line":48,"column":67}},"49":{"start":{"line":50,"column":0},"end":{"line":50,"column":120}},"50":{"start":{"line":51,"column":0},"end":{"line":51,"column":55}},"51":{"start":{"line":52,"column":0},"end":{"line":52,"column":46}},"53":{"start":{"line":54,"column":0},"end":{"line":54,"column":22}},"54":{"start":{"line":55,"column":0},"end":{"line":55,"column":41}},"55":{"start":{"line":56,"column":0},"end":{"line":56,"column":5}},"57":{"start":{"line":58,"column":0},"end":{"line":58,"column":56}},"58":{"start":{"line":59,"column":0},"end":{"line":59,"column":1}},"60":{"start":{"line":61,"column":0},"end":{"line":61,"column":111}},"61":{"start":{"line":62,"column":0},"end":{"line":62,"column":111}},"62":{"start":{"line":63,"column":0},"end":{"line":63,"column":111}},"63":{"start":{"line":64,"column":0},"end":{"line":64,"column":111}},"65":{"start":{"line":66,"column":0},"end":{"line":66,"column":69}},"66":{"start":{"line":67,"column":0},"end":{"line":67,"column":55}},"67":{"start":{"line":68,"column":0},"end":{"line":68,"column":46}},"69":{"start":{"line":70,"column":0},"end":{"line":70,"column":42}},"70":{"start":{"line":71,"column":0},"end":{"line":71,"column":1}}},"s":{"0":1,"1":1,"2":1,"4":1,"5":1,"6":1,"8":1,"9":1,"10":1,"11":1,"12":1,"13":1,"14":1,"15":1,"17":1,"18":1,"20":1,"21":1,"23":1,"25":1,"26":1,"28":1,"30":1,"31":1,"32":1,"34":1,"35":1,"36":1,"38":1,"39":1,"41":1,"42":6,"43":6,"44":1,"45":1,"46":1,"47":1,"49":1,"50":12,"51":12,"53":12,"54":8,"55":8,"57":4,"58":4,"60":1,"61":1,"62":1,"63":1,"65":1,"66":2,"67":2,"69":2,"70":2},"branchMap":{"0":{"type":"branch","line":1,"loc":{"start":{"line":1,"column":27},"end":{"line":3,"column":1}},"locations":[{"start":{"line":1,"column":27},"end":{"line":3,"column":1}}]},"1":{"type":"branch","line":5,"loc":{"start":{"line":5,"column":25},"end":{"line":5,"column":76}},"locations":[{"start":{"line":5,"column":25},"end":{"line":5,"column":76}}]},"2":{"type":"branch","line":6,"loc":{"start":{"line":6,"column":26},"end":{"line":6,"column":77}},"locations":[{"start":{"line":6,"column":26},"end":{"line":6,"column":77}}]},"3":{"type":"branch","line":7,"loc":{"start":{"line":7,"column":26},"end":{"line":7,"column":77}},"locations":[{"start":{"line":7,"column":26},"end":{"line":7,"column":77}}]},"4":{"type":"branch","line":18,"loc":{"start":{"line":18,"column":28},"end":{"line":18,"column":86}},"locations":[{"start":{"line":18,"column":28},"end":{"line":18,"column":86}}]},"5":{"type":"branch","line":18,"loc":{"start":{"line":18,"column":48},"end":{"line":18,"column":86}},"locations":[{"start":{"line":18,"column":48},"end":{"line":18,"column":86}}]},"6":{"type":"branch","line":19,"loc":{"start":{"line":19,"column":27},"end":{"line":19,"column":85}},"locations":[{"start":{"line":19,"column":27},"end":{"line":19,"column":85}}]},"7":{"type":"branch","line":19,"loc":{"start":{"line":19,"column":47},"end":{"line":19,"column":85}},"locations":[{"start":{"line":19,"column":47},"end":{"line":19,"column":85}}]},"8":{"type":"branch","line":31,"loc":{"start":{"line":31,"column":31},"end":{"line":31,"column":106}},"locations":[{"start":{"line":31,"column":31},"end":{"line":31,"column":106}}]},"9":{"type":"branch","line":32,"loc":{"start":{"line":32,"column":31},"end":{"line":32,"column":105}},"locations":[{"start":{"line":32,"column":31},"end":{"line":32,"column":105}}]},"10":{"type":"branch","line":33,"loc":{"start":{"line":33,"column":31},"end":{"line":33,"column":91}},"locations":[{"start":{"line":33,"column":31},"end":{"line":33,"column":91}}]},"11":{"type":"branch","line":35,"loc":{"start":{"line":35,"column":35},"end":{"line":35,"column":78}},"locations":[{"start":{"line":35,"column":35},"end":{"line":35,"column":78}}]},"12":{"type":"branch","line":36,"loc":{"start":{"line":36,"column":34},"end":{"line":36,"column":97}},"locations":[{"start":{"line":36,"column":34},"end":{"line":36,"column":97}}]},"13":{"type":"branch","line":37,"loc":{"start":{"line":37,"column":34},"end":{"line":37,"column":99}},"locations":[{"start":{"line":37,"column":34},"end":{"line":37,"column":99}}]},"14":{"type":"branch","line":39,"loc":{"start":{"line":39,"column":42},"end":{"line":39,"column":88}},"locations":[{"start":{"line":39,"column":42},"end":{"line":39,"column":88}}]},"15":{"type":"branch","line":40,"loc":{"start":{"line":40,"column":41},"end":{"line":40,"column":84}},"locations":[{"start":{"line":40,"column":41},"end":{"line":40,"column":84}}]},"16":{"type":"branch","line":42,"loc":{"start":{"line":42,"column":25},"end":{"line":44,"column":1}},"locations":[{"start":{"line":42,"column":25},"end":{"line":44,"column":1}}]},"17":{"type":"branch","line":45,"loc":{"start":{"line":45,"column":25},"end":{"line":45,"column":67}},"locations":[{"start":{"line":45,"column":25},"end":{"line":45,"column":67}}]},"18":{"type":"branch","line":46,"loc":{"start":{"line":46,"column":25},"end":{"line":46,"column":67}},"locations":[{"start":{"line":46,"column":25},"end":{"line":46,"column":67}}]},"19":{"type":"branch","line":47,"loc":{"start":{"line":47,"column":25},"end":{"line":47,"column":67}},"locations":[{"start":{"line":47,"column":25},"end":{"line":47,"column":67}}]},"20":{"type":"branch","line":48,"loc":{"start":{"line":48,"column":25},"end":{"line":48,"column":67}},"locations":[{"start":{"line":48,"column":25},"end":{"line":48,"column":67}}]},"21":{"type":"branch","line":50,"loc":{"start":{"line":50,"column":25},"end":{"line":59,"column":1}},"locations":[{"start":{"line":50,"column":25},"end":{"line":59,"column":1}}]},"22":{"type":"branch","line":54,"loc":{"start":{"line":54,"column":21},"end":{"line":56,"column":5}},"locations":[{"start":{"line":54,"column":21},"end":{"line":56,"column":5}}]},"23":{"type":"branch","line":56,"loc":{"start":{"line":56,"column":4},"end":{"line":59,"column":1}},"locations":[{"start":{"line":56,"column":4},"end":{"line":59,"column":1}}]},"24":{"type":"branch","line":61,"loc":{"start":{"line":61,"column":25},"end":{"line":61,"column":111}},"locations":[{"start":{"line":61,"column":25},"end":{"line":61,"column":111}}]},"25":{"type":"branch","line":62,"loc":{"start":{"line":62,"column":25},"end":{"line":62,"column":111}},"locations":[{"start":{"line":62,"column":25},"end":{"line":62,"column":111}}]},"26":{"type":"branch","line":63,"loc":{"start":{"line":63,"column":25},"end":{"line":63,"column":111}},"locations":[{"start":{"line":63,"column":25},"end":{"line":63,"column":111}}]},"27":{"type":"branch","line":64,"loc":{"start":{"line":64,"column":25},"end":{"line":64,"column":111}},"locations":[{"start":{"line":64,"column":25},"end":{"line":64,"column":111}}]},"28":{"type":"branch","line":66,"loc":{"start":{"line":66,"column":24},"end":{"line":71,"column":1}},"locations":[{"start":{"line":66,"column":24},"end":{"line":71,"column":1}}]}},"b":{"0":[1],"1":[10],"2":[5],"3":[19],"4":[25],"5":[29],"6":[3],"7":[4],"8":[1],"9":[1],"10":[1],"11":[1],"12":[1],"13":[1],"14":[1],"15":[1],"16":[6],"17":[1],"18":[1],"19":[1],"20":[1],"21":[12],"22":[8],"23":[4],"24":[1],"25":[1],"26":[1],"27":[1],"28":[2]},"fnMap":{"0":{"name":"concatBytes","decl":{"start":{"line":1,"column":27},"end":{"line":3,"column":1}},"loc":{"start":{"line":1,"column":27},"end":{"line":3,"column":1}},"line":1},"1":{"name":"bitwiseOr","decl":{"start":{"line":5,"column":25},"end":{"line":5,"column":76}},"loc":{"start":{"line":5,"column":25},"end":{"line":5,"column":76}},"line":5},"2":{"name":"bitwiseXor","decl":{"start":{"line":6,"column":26},"end":{"line":6,"column":77}},"loc":{"start":{"line":6,"column":26},"end":{"line":6,"column":77}},"line":6},"3":{"name":"bitwiseAnd","decl":{"start":{"line":7,"column":26},"end":{"line":7,"column":77}},"loc":{"start":{"line":7,"column":26},"end":{"line":7,"column":77}},"line":7},"4":{"name":"shiftRightBy","decl":{"start":{"line":18,"column":28},"end":{"line":18,"column":86}},"loc":{"start":{"line":18,"column":28},"end":{"line":18,"column":86}},"line":18},"5":{"name":"shiftLeftBy","decl":{"start":{"line":19,"column":27},"end":{"line":19,"column":85}},"loc":{"start":{"line":19,"column":27},"end":{"line":19,"column":85}},"line":19},"6":{"name":"isolate2ndDigit","decl":{"start":{"line":31,"column":31},"end":{"line":31,"column":106}},"loc":{"start":{"line":31,"column":31},"end":{"line":31,"column":106}},"line":31},"7":{"name":"isolate3rdDigit","decl":{"start":{"line":32,"column":31},"end":{"line":32,"column":105}},"loc":{"start":{"line":32,"column":31},"end":{"line":32,"column":105}},"line":32},"8":{"name":"isolate4thDigit","decl":{"start":{"line":33,"column":31},"end":{"line":33,"column":91}},"loc":{"start":{"line":33,"column":31},"end":{"line":33,"column":91}},"line":33},"9":{"name":"isolate2FirstDigits","decl":{"start":{"line":35,"column":35},"end":{"line":35,"column":78}},"loc":{"start":{"line":35,"column":35},"end":{"line":35,"column":78}},"line":35},"10":{"name":"isolate2LastDigits","decl":{"start":{"line":36,"column":34},"end":{"line":36,"column":97}},"loc":{"start":{"line":36,"column":34},"end":{"line":36,"column":97}},"line":36},"11":{"name":"isolate3LastDigits","decl":{"start":{"line":37,"column":34},"end":{"line":37,"column":99}},"loc":{"start":{"line":37,"column":34},"end":{"line":37,"column":99}},"line":37},"12":{"name":"isolateLeastSignificantBit","decl":{"start":{"line":39,"column":42},"end":{"line":39,"column":88}},"loc":{"start":{"line":39,"column":42},"end":{"line":39,"column":88}},"line":39},"13":{"name":"isolateMostSignificantBit","decl":{"start":{"line":40,"column":41},"end":{"line":40,"column":84}},"loc":{"start":{"line":40,"column":41},"end":{"line":40,"column":84}},"line":40},"14":{"name":"getNthBit","decl":{"start":{"line":42,"column":25},"end":{"line":44,"column":1}},"loc":{"start":{"line":42,"column":25},"end":{"line":44,"column":1}},"line":42},"15":{"name":"get1stBit","decl":{"start":{"line":45,"column":25},"end":{"line":45,"column":67}},"loc":{"start":{"line":45,"column":25},"end":{"line":45,"column":67}},"line":45},"16":{"name":"get2ndBit","decl":{"start":{"line":46,"column":25},"end":{"line":46,"column":67}},"loc":{"start":{"line":46,"column":25},"end":{"line":46,"column":67}},"line":46},"17":{"name":"get3rdBit","decl":{"start":{"line":47,"column":25},"end":{"line":47,"column":67}},"loc":{"start":{"line":47,"column":25},"end":{"line":47,"column":67}},"line":47},"18":{"name":"get4thBit","decl":{"start":{"line":48,"column":25},"end":{"line":48,"column":67}},"loc":{"start":{"line":48,"column":25},"end":{"line":48,"column":67}},"line":48},"19":{"name":"setNthBit","decl":{"start":{"line":50,"column":25},"end":{"line":59,"column":1}},"loc":{"start":{"line":50,"column":25},"end":{"line":59,"column":1}},"line":50},"20":{"name":"set1stBit","decl":{"start":{"line":61,"column":25},"end":{"line":61,"column":111}},"loc":{"start":{"line":61,"column":25},"end":{"line":61,"column":111}},"line":61},"21":{"name":"set2ndBit","decl":{"start":{"line":62,"column":25},"end":{"line":62,"column":111}},"loc":{"start":{"line":62,"column":25},"end":{"line":62,"column":111}},"line":62},"22":{"name":"set3rdBit","decl":{"start":{"line":63,"column":25},"end":{"line":63,"column":111}},"loc":{"start":{"line":63,"column":25},"end":{"line":63,"column":111}},"line":63},"23":{"name":"set4thBit","decl":{"start":{"line":64,"column":25},"end":{"line":64,"column":111}},"loc":{"start":{"line":64,"column":25},"end":{"line":64,"column":111}},"line":64},"24":{"name":"isBitSet","decl":{"start":{"line":66,"column":24},"end":{"line":71,"column":1}},"loc":{"start":{"line":66,"column":24},"end":{"line":71,"column":1}},"line":66}},"f":{"0":1,"1":10,"2":5,"3":19,"4":25,"5":3,"6":1,"7":1,"8":1,"9":1,"10":1,"11":1,"12":1,"13":1,"14":6,"15":1,"16":1,"17":1,"18":1,"19":12,"20":1,"21":1,"22":1,"23":1,"24":2}}
,"/home/runner/work/gb-emulator/gb-emulator/packages/binary-operations/src/index.ts": {"path":"/home/runner/work/gb-emulator/gb-emulator/packages/binary-operations/src/index.ts","all":false,"statementMap":{"0":{"start":{"line":1,"column":0},"end":{"line":1,"column":36}}},"s":{"0":1},"branchMap":{},"b":{},"fnMap":{},"f":{}}
,"/home/runner/work/gb-emulator/gb-emulator/packages/gb-emulator/src/index.ts": {"path":"/home/runner/work/gb-emulator/gb-emulator/packages/gb-emulator/src/index.ts","all":true,"statementMap":{"0":{"start":{"line":1,"column":0},"end":{"line":1,"column":24}},"1":{"start":{"line":2,"column":0},"end":{"line":2,"column":27}}},"s":{"0":0,"1":0},"branchMap":{"0":{"type":"branch","line":1,"loc":{"start":{"line":1,"column":0},"end":{"line":2,"column":-1}},"locations":[{"start":{"line":1,"column":0},"end":{"line":2,"column":-1}}]}},"b":{"0":[0]},"fnMap":{"0":{"name":"(empty-report)","decl":{"start":{"line":1,"column":0},"end":{"line":2,"column":-1}},"loc":{"start":{"line":1,"column":0},"end":{"line":2,"column":-1}},"line":1}},"f":{"0":0}}
,"/home/runner/work/gb-emulator/gb-emulator/packages/gb-emulator/src/memory.ts": {"path":"/home/runner/work/gb-emulator/gb-emulator/packages/gb-emulator/src/memory.ts","all":false,"statementMap":{"0":{"start":{"line":1,"column":0},"end":{"line":1,"column":21}},"1":{"start":{"line":2,"column":0},"end":{"line":2,"column":57}},"3":{"start":{"line":4,"column":0},"end":{"line":4,"column":21}},"4":{"start":{"line":5,"column":0},"end":{"line":5,"column":31}},"5":{"start":{"line":6,"column":0},"end":{"line":6,"column":5}},"6":{"start":{"line":7,"column":0},"end":{"line":7,"column":1}}},"s":{"0":1,"1":1,"3":1,"4":1,"5":1,"6":1},"branchMap":{"0":{"type":"branch","line":1,"loc":{"start":{"line":1,"column":7},"end":{"line":7,"column":1}},"locations":[{"start":{"line":1,"column":7},"end":{"line":7,"column":1}}]},"1":{"type":"branch","line":4,"loc":{"start":{"line":4,"column":4},"end":{"line":6,"column":5}},"locations":[{"start":{"line":4,"column":4},"end":{"line":6,"column":5}}]}},"b":{"0":[1],"1":[1]},"fnMap":{"0":{"name":"<instance_members_initializer>","decl":{"start":{"line":1,"column":7},"end":{"line":7,"column":1}},"loc":{"start":{"line":1,"column":7},"end":{"line":7,"column":1}},"line":1},"1":{"name":"get addresses","decl":{"start":{"line":4,"column":4},"end":{"line":6,"column":5}},"loc":{"start":{"line":4,"column":4},"end":{"line":6,"column":5}},"line":4}},"f":{"0":1,"1":1}}
,"/home/runner/work/gb-emulator/gb-emulator/packages/gb-emulator/src/registers.ts": {"path":"/home/runner/work/gb-emulator/gb-emulator/packages/gb-emulator/src/registers.ts","all":false,"statementMap":{"0":{"start":{"line":1,"column":0},"end":{"line":1,"column":8}},"20":{"start":{"line":21,"column":0},"end":{"line":21,"column":60}},"21":{"start":{"line":22,"column":0},"end":{"line":22,"column":30}},"22":{"start":{"line":23,"column":0},"end":{"line":23,"column":33}},"24":{"start":{"line":25,"column":0},"end":{"line":25,"column":41}},"25":{"start":{"line":26,"column":0},"end":{"line":26,"column":24}},"26":{"start":{"line":27,"column":0},"end":{"line":27,"column":5}},"28":{"start":{"line":29,"column":0},"end":{"line":29,"column":17}},"29":{"start":{"line":30,"column":0},"end":{"line":30,"column":38}},"30":{"start":{"line":31,"column":0},"end":{"line":31,"column":5}},"32":{"start":{"line":33,"column":0},"end":{"line":33,"column":25}},"33":{"start":{"line":34,"column":0},"end":{"line":34,"column":30}},"34":{"start":{"line":35,"column":0},"end":{"line":35,"column":5}},"35":{"start":{"line":36,"column":0},"end":{"line":36,"column":1}},"37":{"start":{"line":38,"column":0},"end":{"line":38,"column":49}},"38":{"start":{"line":39,"column":0},"end":{"line":39,"column":19}},"39":{"start":{"line":40,"column":0},"end":{"line":40,"column":20}},"40":{"start":{"line":41,"column":0},"end":{"line":41,"column":5}},"41":{"start":{"line":42,"column":0},"end":{"line":42,"column":1}},"43":{"start":{"line":44,"column":0},"end":{"line":44,"column":50}},"44":{"start":{"line":45,"column":0},"end":{"line":45,"column":19}},"45":{"start":{"line":46,"column":0},"end":{"line":46,"column":22}},"46":{"start":{"line":47,"column":0},"end":{"line":47,"column":5}},"47":{"start":{"line":48,"column":0},"end":{"line":48,"column":1}},"49":{"start":{"line":50,"column":0},"end":{"line":50,"column":38}},"50":{"start":{"line":51,"column":0},"end":{"line":51,"column":19}},"51":{"start":{"line":52,"column":0},"end":{"line":52,"column":16}},"52":{"start":{"line":53,"column":0},"end":{"line":53,"column":5}},"57":{"start":{"line":58,"column":0},"end":{"line":58,"column":20}},"58":{"start":{"line":59,"column":0},"end":{"line":59,"column":37}},"59":{"start":{"line":60,"column":0},"end":{"line":60,"column":5}},"64":{"start":{"line":65,"column":0},"end":{"line":65,"column":27}},"65":{"start":{"line":66,"column":0},"end":{"line":66,"column":37}},"66":{"start":{"line":67,"column":0},"end":{"line":67,"column":5}},"71":{"start":{"line":72,"column":0},"end":{"line":72,"column":25}},"72":{"start":{"line":73,"column":0},"end":{"line":73,"column":37}},"73":{"start":{"line":74,"column":0},"end":{"line":74,"column":5}},"78":{"start":{"line":79,"column":0},"end":{"line":79,"column":21}},"79":{"start":{"line":80,"column":0},"end":{"line":80,"column":37}},"80":{"start":{"line":81,"column":0},"end":{"line":81,"column":5}},"86":{"start":{"line":87,"column":0},"end":{"line":87,"column":33}},"87":{"start":{"line":88,"column":0},"end":{"line":88,"column":49}},"88":{"start":{"line":89,"column":0},"end":{"line":89,"column":5}},"94":{"start":{"line":95,"column":0},"end":{"line":95,"column":40}},"95":{"start":{"line":96,"column":0},"end":{"line":96,"column":49}},"96":{"start":{"line":97,"column":0},"end":{"line":97,"column":5}},"102":{"start":{"line":103,"column":0},"end":{"line":103,"column":38}},"103":{"start":{"line":104,"column":0},"end":{"line":104,"column":49}},"104":{"start":{"line":105,"column":0},"end":{"line":105,"column":5}},"110":{"start":{"line":111,"column":0},"end":{"line":111,"column":34}},"111":{"start":{"line":112,"column":0},"end":{"line":112,"column":49}},"112":{"start":{"line":113,"column":0},"end":{"line":113,"column":5}},"113":{"start":{"line":114,"column":0},"end":{"line":114,"column":1}},"115":{"start":{"line":116,"column":0},"end":{"line":116,"column":50}},"116":{"start":{"line":117,"column":0},"end":{"line":117,"column":35}},"117":{"start":{"line":118,"column":0},"end":{"line":118,"column":34}},"119":{"start":{"line":120,"column":0},"end":{"line":120,"column":50}},"120":{"start":{"line":121,"column":0},"end":{"line":121,"column":15}},"121":{"start":{"line":122,"column":0},"end":{"line":122,"column":24}},"122":{"start":{"line":123,"column":0},"end":{"line":123,"column":22}},"123":{"start":{"line":124,"column":0},"end":{"line":124,"column":5}},"125":{"start":{"line":126,"column":0},"end":{"line":126,"column":17}},"126":{"start":{"line":127,"column":0},"end":{"line":127,"column":59}},"127":{"start":{"line":128,"column":0},"end":{"line":128,"column":5}},"129":{"start":{"line":130,"column":0},"end":{"line":130,"column":33}},"130":{"start":{"line":131,"column":0},"end":{"line":131,"column":55}},"131":{"start":{"line":132,"column":0},"end":{"line":132,"column":53}},"132":{"start":{"line":133,"column":0},"end":{"line":133,"column":5}},"133":{"start":{"line":134,"column":0},"end":{"line":134,"column":1}},"135":{"start":{"line":136,"column":0},"end":{"line":136,"column":24}},"136":{"start":{"line":137,"column":0},"end":{"line":137,"column":51}},"137":{"start":{"line":138,"column":0},"end":{"line":138,"column":51}},"138":{"start":{"line":139,"column":0},"end":{"line":139,"column":51}},"139":{"start":{"line":140,"column":0},"end":{"line":140,"column":51}},"140":{"start":{"line":141,"column":0},"end":{"line":141,"column":51}},"141":{"start":{"line":142,"column":0},"end":{"line":142,"column":51}},"142":{"start":{"line":143,"column":0},"end":{"line":143,"column":51}},"143":{"start":{"line":144,"column":0},"end":{"line":144,"column":43}},"145":{"start":{"line":146,"column":0},"end":{"line":146,"column":61}},"146":{"start":{"line":147,"column":0},"end":{"line":147,"column":61}},"147":{"start":{"line":148,"column":0},"end":{"line":148,"column":61}},"148":{"start":{"line":149,"column":0},"end":{"line":149,"column":61}},"150":{"start":{"line":151,"column":0},"end":{"line":151,"column":54}},"151":{"start":{"line":152,"column":0},"end":{"line":152,"column":54}},"152":{"start":{"line":153,"column":0},"end":{"line":153,"column":1}}},"s":{"0":1,"20":1,"21":308,"22":308,"24":308,"25":308,"26":308,"28":308,"29":34,"30":34,"32":308,"33":30,"34":30,"35":308,"37":1,"38":1,"39":176,"40":176,"41":1,"43":1,"44":1,"45":132,"46":132,"47":1,"49":1,"50":1,"51":22,"52":22,"57":1,"58":1,"59":1,"64":1,"65":1,"66":1,"71":1,"72":1,"73":1,"78":1,"79":1,"80":1,"86":1,"87":1,"88":1,"94":1,"95":1,"96":1,"102":1,"103":1,"104":1,"110":1,"111":1,"112":1,"113":1,"115":1,"116":88,"117":88,"119":88,"120":88,"121":88,"122":88,"123":88,"125":88,"126":4,"127":4,"129":88,"130":4,"131":4,"132":4,"133":88,"135":1,"136":22,"137":22,"138":22,"139":22,"140":22,"141":22,"142":22,"143":22,"145":22,"146":22,"147":22,"148":22,"150":22,"151":22,"152":22},"branchMap":{"0":{"type":"branch","line":21,"loc":{"start":{"line":21,"column":7},"end":{"line":36,"column":1}},"locations":[{"start":{"line":21,"column":7},"end":{"line":36,"column":1}}]},"1":{"type":"branch","line":25,"loc":{"start":{"line":25,"column":14},"end":{"line":27,"column":5}},"locations":[{"start":{"line":25,"column":14},"end":{"line":27,"column":5}}]},"2":{"type":"branch","line":29,"loc":{"start":{"line":29,"column":4},"end":{"line":31,"column":5}},"locations":[{"start":{"line":29,"column":4},"end":{"line":31,"column":5}}]},"3":{"type":"branch","line":33,"loc":{"start":{"line":33,"column":4},"end":{"line":35,"column":5}},"locations":[{"start":{"line":33,"column":4},"end":{"line":35,"column":5}}]},"4":{"type":"branch","line":39,"loc":{"start":{"line":39,"column":4},"end":{"line":41,"column":5}},"locations":[{"start":{"line":39,"column":4},"end":{"line":41,"column":5}}]},"5":{"type":"branch","line":45,"loc":{"start":{"line":45,"column":4},"end":{"line":47,"column":5}},"locations":[{"start":{"line":45,"column":4},"end":{"line":47,"column":5}}]},"6":{"type":"branch","line":51,"loc":{"start":{"line":51,"column":4},"end":{"line":53,"column":5}},"locations":[{"start":{"line":51,"column":4},"end":{"line":53,"column":5}}]},"7":{"type":"branch","line":58,"loc":{"start":{"line":58,"column":4},"end":{"line":60,"column":5}},"locations":[{"start":{"line":58,"column":4},"end":{"line":60,"column":5}}]},"8":{"type":"branch","line":65,"loc":{"start":{"line":65,"column":4},"end":{"line":67,"column":5}},"locations":[{"start":{"line":65,"column":4},"end":{"line":67,"column":5}}]},"9":{"type":"branch","line":72,"loc":{"start":{"line":72,"column":4},"end":{"line":74,"column":5}},"locations":[{"start":{"line":72,"column":4},"end":{"line":74,"column":5}}]},"10":{"type":"branch","line":79,"loc":{"start":{"line":79,"column":4},"end":{"line":81,"column":5}},"locations":[{"start":{"line":79,"column":4},"end":{"line":81,"column":5}}]},"11":{"type":"branch","line":87,"loc":{"start":{"line":87,"column":4},"end":{"line":89,"column":5}},"locations":[{"start":{"line":87,"column":4},"end":{"line":89,"column":5}}]},"12":{"type":"branch","line":95,"loc":{"start":{"line":95,"column":4},"end":{"line":97,"column":5}},"locations":[{"start":{"line":95,"column":4},"end":{"line":97,"column":5}}]},"13":{"type":"branch","line":103,"loc":{"start":{"line":103,"column":4},"end":{"line":105,"column":5}},"locations":[{"start":{"line":103,"column":4},"end":{"line":105,"column":5}}]},"14":{"type":"branch","line":111,"loc":{"start":{"line":111,"column":4},"end":{"line":113,"column":5}},"locations":[{"start":{"line":111,"column":4},"end":{"line":113,"column":5}}]},"15":{"type":"branch","line":116,"loc":{"start":{"line":116,"column":7},"end":{"line":134,"column":1}},"locations":[{"start":{"line":116,"column":7},"end":{"line":134,"column":1}}]},"16":{"type":"branch","line":120,"loc":{"start":{"line":120,"column":4},"end":{"line":124,"column":5}},"locations":[{"start":{"line":120,"column":4},"end":{"line":124,"column":5}}]},"17":{"type":"branch","line":126,"loc":{"start":{"line":126,"column":4},"end":{"line":128,"column":5}},"locations":[{"start":{"line":126,"column":4},"end":{"line":128,"column":5}}]},"18":{"type":"branch","line":130,"loc":{"start":{"line":130,"column":4},"end":{"line":133,"column":5}},"locations":[{"start":{"line":130,"column":4},"end":{"line":133,"column":5}}]},"19":{"type":"branch","line":136,"loc":{"start":{"line":136,"column":7},"end":{"line":153,"column":1}},"locations":[{"start":{"line":136,"column":7},"end":{"line":153,"column":1}}]}},"b":{"0":[308],"1":[308],"2":[34],"3":[30],"4":[176],"5":[132],"6":[22],"7":[1],"8":[1],"9":[1],"10":[1],"11":[1],"12":[1],"13":[1],"14":[1],"15":[88],"16":[88],"17":[4],"18":[4],"19":[22]},"fnMap":{"0":{"name":"<instance_members_initializer>","decl":{"start":{"line":21,"column":7},"end":{"line":36,"column":1}},"loc":{"start":{"line":21,"column":7},"end":{"line":36,"column":1}},"line":21},"1":{"name":"AbstractRegister","decl":{"start":{"line":25,"column":14},"end":{"line":27,"column":5}},"loc":{"start":{"line":25,"column":14},"end":{"line":27,"column":5}},"line":25},"2":{"name":"get value","decl":{"start":{"line":29,"column":4},"end":{"line":31,"column":5}},"loc":{"start":{"line":29,"column":4},"end":{"line":31,"column":5}},"line":29},"3":{"name":"set value","decl":{"start":{"line":33,"column":4},"end":{"line":35,"column":5}},"loc":{"start":{"line":33,"column":4},"end":{"line":35,"column":5}},"line":33},"4":{"name":"Register8","decl":{"start":{"line":39,"column":4},"end":{"line":41,"column":5}},"loc":{"start":{"line":39,"column":4},"end":{"line":41,"column":5}},"line":39},"5":{"name":"Register16","decl":{"start":{"line":45,"column":4},"end":{"line":47,"column":5}},"loc":{"start":{"line":45,"column":4},"end":{"line":47,"column":5}},"line":45},"6":{"name":"Flags","decl":{"start":{"line":51,"column":4},"end":{"line":53,"column":5}},"loc":{"start":{"line":51,"column":4},"end":{"line":53,"column":5}},"line":51},"7":{"name":"get zeroFlag","decl":{"start":{"line":58,"column":4},"end":{"line":60,"column":5}},"loc":{"start":{"line":58,"column":4},"end":{"line":60,"column":5}},"line":58},"8":{"name":"get subtractionFlag","decl":{"start":{"line":65,"column":4},"end":{"line":67,"column":5}},"loc":{"start":{"line":65,"column":4},"end":{"line":67,"column":5}},"line":65},"9":{"name":"get halfCarryFlag","decl":{"start":{"line":72,"column":4},"end":{"line":74,"column":5}},"loc":{"start":{"line":72,"column":4},"end":{"line":74,"column":5}},"line":72},"10":{"name":"get carryFlag","decl":{"start":{"line":79,"column":4},"end":{"line":81,"column":5}},"loc":{"start":{"line":79,"column":4},"end":{"line":81,"column":5}},"line":79},"11":{"name":"set zeroFlag","decl":{"start":{"line":87,"column":4},"end":{"line":89,"column":5}},"loc":{"start":{"line":87,"column":4},"end":{"line":89,"column":5}},"line":87},"12":{"name":"set subtractionFlag","decl":{"start":{"line":95,"column":4},"end":{"line":97,"column":5}},"loc":{"start":{"line":95,"column":4},"end":{"line":97,"column":5}},"line":95},"13":{"name":"set halfCarryFlag","decl":{"start":{"line":103,"column":4},"end":{"line":105,"column":5}},"loc":{"start":{"line":103,"column":4},"end":{"line":105,"column":5}},"line":103},"14":{"name":"set carryFlag","decl":{"start":{"line":111,"column":4},"end":{"line":113,"column":5}},"loc":{"start":{"line":111,"column":4},"end":{"line":113,"column":5}},"line":111},"15":{"name":"<instance_members_initializer>","decl":{"start":{"line":116,"column":7},"end":{"line":134,"column":1}},"loc":{"start":{"line":116,"column":7},"end":{"line":134,"column":1}},"line":116},"16":{"name":"ComposedRegister","decl":{"start":{"line":120,"column":4},"end":{"line":124,"column":5}},"loc":{"start":{"line":120,"column":4},"end":{"line":124,"column":5}},"line":120},"17":{"name":"get value","decl":{"start":{"line":126,"column":4},"end":{"line":128,"column":5}},"loc":{"start":{"line":126,"column":4},"end":{"line":128,"column":5}},"line":126},"18":{"name":"set value","decl":{"start":{"line":130,"column":4},"end":{"line":133,"column":5}},"loc":{"start":{"line":130,"column":4},"end":{"line":133,"column":5}},"line":130},"19":{"name":"<instance_members_initializer>","decl":{"start":{"line":136,"column":7},"end":{"line":153,"column":1}},"loc":{"start":{"line":136,"column":7},"end":{"line":153,"column":1}},"line":136}},"f":{"0":308,"1":308,"2":34,"3":30,"4":176,"5":132,"6":22,"7":1,"8":1,"9":1,"10":1,"11":1,"12":1,"13":1,"14":1,"15":88,"16":88,"17":4,"18":4,"19":22}}
}
